This is pdfTeX, Version 3.141592653-2.6-1.40.24 (TeX Live 2022/nixos.org) (preloaded format=pdflatex 1980.1.1)  3 APR 2024 02:19
entering extended mode
 restricted \write18 enabled.
 %&-line parsing enabled.
**Rust
(./Rust.tex
LaTeX2e <2022-11-01> patch level 1
L3 programming layer <2023-02-22>
(/nix/store/winn6cqadkc2kkldkz203kkmcz3crghy-texlive-2022-env-texmfdist/tex/lat
ex/base/book.cls
Document Class: book 2022/07/02 v1.4n Standard LaTeX document class

(/nix/store/winn6cqadkc2kkldkz203kkmcz3crghy-texlive-2022-env-texmfdist/tex/lat
ex/base/fleqn.clo
File: fleqn.clo 2016/12/29 v1.2b Standard LaTeX option (flush left equations)
\mathindent=\skip48
Applying: [2015/01/01] Make \[ robust on input line 50.
LaTeX Info: Redefining \[ on input line 51.
Already applied: [0000/00/00] Make \[ robust on input line 62.
Applying: [2015/01/01] Make \] robust on input line 74.
LaTeX Info: Redefining \] on input line 75.
Already applied: [0000/00/00] Make \] robust on input line 83.
)
(/nix/store/winn6cqadkc2kkldkz203kkmcz3crghy-texlive-2022-env-texmfdist/tex/lat
ex/base/bk11.clo
File: bk11.clo 2022/07/02 v1.4n Standard LaTeX file (size option)
)
\c@part=\count185
\c@chapter=\count186
\c@section=\count187
\c@subsection=\count188
\c@subsubsection=\count189
\c@paragraph=\count190
\c@subparagraph=\count191
\c@figure=\count192
\c@table=\count193
\abovecaptionskip=\skip49
\belowcaptionskip=\skip50
\bibindent=\dimen140
) (./structure.tex
(/nix/store/winn6cqadkc2kkldkz203kkmcz3crghy-texlive-2022-env-texmfdist/tex/lat
ex/geometry/geometry.sty
Package: geometry 2020/01/02 v5.9 Page Geometry

(/nix/store/winn6cqadkc2kkldkz203kkmcz3crghy-texlive-2022-env-texmfdist/tex/lat
ex/graphics/keyval.sty
Package: keyval 2022/05/29 v1.15 key=value parser (DPC)
\KV@toks@=\toks16
)
(/nix/store/winn6cqadkc2kkldkz203kkmcz3crghy-texlive-2022-env-texmfdist/tex/gen
eric/iftex/ifvtex.sty
Package: ifvtex 2019/10/25 v1.7 ifvtex legacy package. Use iftex instead.

(/nix/store/winn6cqadkc2kkldkz203kkmcz3crghy-texlive-2022-env-texmfdist/tex/gen
eric/iftex/iftex.sty
Package: iftex 2022/02/03 v1.0f TeX engine tests
))
\Gm@cnth=\count194
\Gm@cntv=\count195
\c@Gm@tempcnt=\count196
\Gm@bindingoffset=\dimen141
\Gm@wd@mp=\dimen142
\Gm@odd@mp=\dimen143
\Gm@even@mp=\dimen144
\Gm@layoutwidth=\dimen145
\Gm@layoutheight=\dimen146
\Gm@layouthoffset=\dimen147
\Gm@layoutvoffset=\dimen148
\Gm@dimlist=\toks17
)
(/nix/store/winn6cqadkc2kkldkz203kkmcz3crghy-texlive-2022-env-texmfdist/tex/lat
ex/graphics/graphicx.sty
Package: graphicx 2021/09/16 v1.2d Enhanced LaTeX Graphics (DPC,SPQR)

(/nix/store/winn6cqadkc2kkldkz203kkmcz3crghy-texlive-2022-env-texmfdist/tex/lat
ex/graphics/graphics.sty
Package: graphics 2022/03/10 v1.4e Standard LaTeX Graphics (DPC,SPQR)

(/nix/store/winn6cqadkc2kkldkz203kkmcz3crghy-texlive-2022-env-texmfdist/tex/lat
ex/graphics/trig.sty
Package: trig 2021/08/11 v1.11 sin cos tan (DPC)
)
(/nix/store/winn6cqadkc2kkldkz203kkmcz3crghy-texlive-2022-env-texmfdist/tex/lat
ex/graphics-cfg/graphics.cfg
File: graphics.cfg 2016/06/04 v1.11 sample graphics configuration
)
Package graphics Info: Driver file: pdftex.def on input line 107.

(/nix/store/winn6cqadkc2kkldkz203kkmcz3crghy-texlive-2022-env-texmfdist/tex/lat
ex/graphics-def/pdftex.def
File: pdftex.def 2022/09/22 v1.2b Graphics/color driver for pdftex
))
\Gin@req@height=\dimen149
\Gin@req@width=\dimen150
)
(/nix/store/winn6cqadkc2kkldkz203kkmcz3crghy-texlive-2022-env-texmfdist/tex/lat
ex/lipsum/lipsum.sty
(/nix/store/winn6cqadkc2kkldkz203kkmcz3crghy-texlive-2022-env-texmfdist/tex/lat
ex/l3packages/l3keys2e/l3keys2e.sty
(/nix/store/winn6cqadkc2kkldkz203kkmcz3crghy-texlive-2022-env-texmfdist/tex/lat
ex/l3kernel/expl3.sty
Package: expl3 2023-02-22 L3 programming layer (loader) 

(/nix/store/winn6cqadkc2kkldkz203kkmcz3crghy-texlive-2022-env-texmfdist/tex/lat
ex/l3backend/l3backend-pdftex.def
File: l3backend-pdftex.def 2023-01-16 L3 backend support: PDF output (pdfTeX)
\l__color_backend_stack_int=\count197
\l__pdf_internal_box=\box51
))
Package: l3keys2e 2023-02-02 LaTeX2e option processing using LaTeX3 keys
)
Package: lipsum 2021-09-20 v2.7 150 paragraphs of Lorem Ipsum dummy text
\g__lipsum_par_int=\count198
\l__lipsum_a_int=\count199
\l__lipsum_b_int=\count266

(/nix/store/winn6cqadkc2kkldkz203kkmcz3crghy-texlive-2022-env-texmfdist/tex/lat
ex/lipsum/lipsum.ltd.tex))
(/nix/store/winn6cqadkc2kkldkz203kkmcz3crghy-texlive-2022-env-texmfdist/tex/lat
ex/here/here.sty)
(/nix/store/winn6cqadkc2kkldkz203kkmcz3crghy-texlive-2022-env-texmfdist/tex/lat
ex/float/float.sty
Package: float 2001/11/08 v1.3d Float enhancements (AL)
\c@float@type=\count267
\float@exts=\toks18
\float@box=\box52
\@float@everytoks=\toks19
\@floatcapt=\box53
)
(/nix/store/winn6cqadkc2kkldkz203kkmcz3crghy-texlive-2022-env-texmfdist/tex/lat
ex/pgf/frontendlayer/tikz.sty
(/nix/store/winn6cqadkc2kkldkz203kkmcz3crghy-texlive-2022-env-texmfdist/tex/lat
ex/pgf/basiclayer/pgf.sty
(/nix/store/winn6cqadkc2kkldkz203kkmcz3crghy-texlive-2022-env-texmfdist/tex/lat
ex/pgf/utilities/pgfrcs.sty
(/nix/store/winn6cqadkc2kkldkz203kkmcz3crghy-texlive-2022-env-texmfdist/tex/gen
eric/pgf/utilities/pgfutil-common.tex
\pgfutil@everybye=\toks20
\pgfutil@tempdima=\dimen151
\pgfutil@tempdimb=\dimen152
)
(/nix/store/winn6cqadkc2kkldkz203kkmcz3crghy-texlive-2022-env-texmfdist/tex/gen
eric/pgf/utilities/pgfutil-latex.def
\pgfutil@abb=\box54
)
(/nix/store/winn6cqadkc2kkldkz203kkmcz3crghy-texlive-2022-env-texmfdist/tex/gen
eric/pgf/utilities/pgfrcs.code.tex
(/nix/store/winn6cqadkc2kkldkz203kkmcz3crghy-texlive-2022-env-texmfdist/tex/gen
eric/pgf/pgf.revision.tex)
Package: pgfrcs 2023-01-15 v3.1.10 (3.1.10)
))
Package: pgf 2023-01-15 v3.1.10 (3.1.10)

(/nix/store/winn6cqadkc2kkldkz203kkmcz3crghy-texlive-2022-env-texmfdist/tex/lat
ex/pgf/basiclayer/pgfcore.sty
(/nix/store/winn6cqadkc2kkldkz203kkmcz3crghy-texlive-2022-env-texmfdist/tex/lat
ex/pgf/systemlayer/pgfsys.sty
(/nix/store/winn6cqadkc2kkldkz203kkmcz3crghy-texlive-2022-env-texmfdist/tex/gen
eric/pgf/systemlayer/pgfsys.code.tex
Package: pgfsys 2023-01-15 v3.1.10 (3.1.10)

(/nix/store/winn6cqadkc2kkldkz203kkmcz3crghy-texlive-2022-env-texmfdist/tex/gen
eric/pgf/utilities/pgfkeys.code.tex
\pgfkeys@pathtoks=\toks21
\pgfkeys@temptoks=\toks22

(/nix/store/winn6cqadkc2kkldkz203kkmcz3crghy-texlive-2022-env-texmfdist/tex/gen
eric/pgf/utilities/pgfkeyslibraryfiltered.code.tex
\pgfkeys@tmptoks=\toks23
))
\pgf@x=\dimen153
\pgf@y=\dimen154
\pgf@xa=\dimen155
\pgf@ya=\dimen156
\pgf@xb=\dimen157
\pgf@yb=\dimen158
\pgf@xc=\dimen159
\pgf@yc=\dimen160
\pgf@xd=\dimen161
\pgf@yd=\dimen162
\w@pgf@writea=\write3
\r@pgf@reada=\read2
\c@pgf@counta=\count268
\c@pgf@countb=\count269
\c@pgf@countc=\count270
\c@pgf@countd=\count271
\t@pgf@toka=\toks24
\t@pgf@tokb=\toks25
\t@pgf@tokc=\toks26
\pgf@sys@id@count=\count272

(/nix/store/winn6cqadkc2kkldkz203kkmcz3crghy-texlive-2022-env-texmfdist/tex/gen
eric/pgf/systemlayer/pgf.cfg
File: pgf.cfg 2023-01-15 v3.1.10 (3.1.10)
)
Driver file for pgf: pgfsys-pdftex.def

(/nix/store/winn6cqadkc2kkldkz203kkmcz3crghy-texlive-2022-env-texmfdist/tex/gen
eric/pgf/systemlayer/pgfsys-pdftex.def
File: pgfsys-pdftex.def 2023-01-15 v3.1.10 (3.1.10)

(/nix/store/winn6cqadkc2kkldkz203kkmcz3crghy-texlive-2022-env-texmfdist/tex/gen
eric/pgf/systemlayer/pgfsys-common-pdf.def
File: pgfsys-common-pdf.def 2023-01-15 v3.1.10 (3.1.10)
)))
(/nix/store/winn6cqadkc2kkldkz203kkmcz3crghy-texlive-2022-env-texmfdist/tex/gen
eric/pgf/systemlayer/pgfsyssoftpath.code.tex
File: pgfsyssoftpath.code.tex 2023-01-15 v3.1.10 (3.1.10)
\pgfsyssoftpath@smallbuffer@items=\count273
\pgfsyssoftpath@bigbuffer@items=\count274
)
(/nix/store/winn6cqadkc2kkldkz203kkmcz3crghy-texlive-2022-env-texmfdist/tex/gen
eric/pgf/systemlayer/pgfsysprotocol.code.tex
File: pgfsysprotocol.code.tex 2023-01-15 v3.1.10 (3.1.10)
))
(/nix/store/winn6cqadkc2kkldkz203kkmcz3crghy-texlive-2022-env-texmfdist/tex/lat
ex/xcolor/xcolor.sty
Package: xcolor 2022/06/12 v2.14 LaTeX color extensions (UK)

(/nix/store/winn6cqadkc2kkldkz203kkmcz3crghy-texlive-2022-env-texmfdist/tex/lat
ex/graphics-cfg/color.cfg
File: color.cfg 2016/01/02 v1.6 sample color configuration
)
Package xcolor Info: Driver file: pdftex.def on input line 227.

(/nix/store/winn6cqadkc2kkldkz203kkmcz3crghy-texlive-2022-env-texmfdist/tex/lat
ex/graphics/mathcolor.ltx)
Package xcolor Info: Model `cmy' substituted by `cmy0' on input line 1353.
Package xcolor Info: Model `hsb' substituted by `rgb' on input line 1357.
Package xcolor Info: Model `RGB' extended on input line 1369.
Package xcolor Info: Model `HTML' substituted by `rgb' on input line 1371.
Package xcolor Info: Model `Hsb' substituted by `hsb' on input line 1372.
Package xcolor Info: Model `tHsb' substituted by `hsb' on input line 1373.
Package xcolor Info: Model `HSB' substituted by `hsb' on input line 1374.
Package xcolor Info: Model `Gray' substituted by `gray' on input line 1375.
Package xcolor Info: Model `wave' substituted by `hsb' on input line 1376.
)
(/nix/store/winn6cqadkc2kkldkz203kkmcz3crghy-texlive-2022-env-texmfdist/tex/gen
eric/pgf/basiclayer/pgfcore.code.tex
Package: pgfcore 2023-01-15 v3.1.10 (3.1.10)

(/nix/store/winn6cqadkc2kkldkz203kkmcz3crghy-texlive-2022-env-texmfdist/tex/gen
eric/pgf/math/pgfmath.code.tex
(/nix/store/winn6cqadkc2kkldkz203kkmcz3crghy-texlive-2022-env-texmfdist/tex/gen
eric/pgf/math/pgfmathutil.code.tex)
(/nix/store/winn6cqadkc2kkldkz203kkmcz3crghy-texlive-2022-env-texmfdist/tex/gen
eric/pgf/math/pgfmathparser.code.tex
\pgfmath@dimen=\dimen163
\pgfmath@count=\count275
\pgfmath@box=\box55
\pgfmath@toks=\toks27
\pgfmath@stack@operand=\toks28
\pgfmath@stack@operation=\toks29
)
(/nix/store/winn6cqadkc2kkldkz203kkmcz3crghy-texlive-2022-env-texmfdist/tex/gen
eric/pgf/math/pgfmathfunctions.code.tex)
(/nix/store/winn6cqadkc2kkldkz203kkmcz3crghy-texlive-2022-env-texmfdist/tex/gen
eric/pgf/math/pgfmathfunctions.basic.code.tex)
(/nix/store/winn6cqadkc2kkldkz203kkmcz3crghy-texlive-2022-env-texmfdist/tex/gen
eric/pgf/math/pgfmathfunctions.trigonometric.code.tex)
(/nix/store/winn6cqadkc2kkldkz203kkmcz3crghy-texlive-2022-env-texmfdist/tex/gen
eric/pgf/math/pgfmathfunctions.random.code.tex)
(/nix/store/winn6cqadkc2kkldkz203kkmcz3crghy-texlive-2022-env-texmfdist/tex/gen
eric/pgf/math/pgfmathfunctions.comparison.code.tex)
(/nix/store/winn6cqadkc2kkldkz203kkmcz3crghy-texlive-2022-env-texmfdist/tex/gen
eric/pgf/math/pgfmathfunctions.base.code.tex)
(/nix/store/winn6cqadkc2kkldkz203kkmcz3crghy-texlive-2022-env-texmfdist/tex/gen
eric/pgf/math/pgfmathfunctions.round.code.tex)
(/nix/store/winn6cqadkc2kkldkz203kkmcz3crghy-texlive-2022-env-texmfdist/tex/gen
eric/pgf/math/pgfmathfunctions.misc.code.tex)
(/nix/store/winn6cqadkc2kkldkz203kkmcz3crghy-texlive-2022-env-texmfdist/tex/gen
eric/pgf/math/pgfmathfunctions.integerarithmetics.code.tex)
(/nix/store/winn6cqadkc2kkldkz203kkmcz3crghy-texlive-2022-env-texmfdist/tex/gen
eric/pgf/math/pgfmathcalc.code.tex)
(/nix/store/winn6cqadkc2kkldkz203kkmcz3crghy-texlive-2022-env-texmfdist/tex/gen
eric/pgf/math/pgfmathfloat.code.tex
\c@pgfmathroundto@lastzeros=\count276
))
(/nix/store/winn6cqadkc2kkldkz203kkmcz3crghy-texlive-2022-env-texmfdist/tex/gen
eric/pgf/math/pgfint.code.tex)
(/nix/store/winn6cqadkc2kkldkz203kkmcz3crghy-texlive-2022-env-texmfdist/tex/gen
eric/pgf/basiclayer/pgfcorepoints.code.tex
File: pgfcorepoints.code.tex 2023-01-15 v3.1.10 (3.1.10)
\pgf@picminx=\dimen164
\pgf@picmaxx=\dimen165
\pgf@picminy=\dimen166
\pgf@picmaxy=\dimen167
\pgf@pathminx=\dimen168
\pgf@pathmaxx=\dimen169
\pgf@pathminy=\dimen170
\pgf@pathmaxy=\dimen171
\pgf@xx=\dimen172
\pgf@xy=\dimen173
\pgf@yx=\dimen174
\pgf@yy=\dimen175
\pgf@zx=\dimen176
\pgf@zy=\dimen177
)
(/nix/store/winn6cqadkc2kkldkz203kkmcz3crghy-texlive-2022-env-texmfdist/tex/gen
eric/pgf/basiclayer/pgfcorepathconstruct.code.tex
File: pgfcorepathconstruct.code.tex 2023-01-15 v3.1.10 (3.1.10)
\pgf@path@lastx=\dimen178
\pgf@path@lasty=\dimen179
)
(/nix/store/winn6cqadkc2kkldkz203kkmcz3crghy-texlive-2022-env-texmfdist/tex/gen
eric/pgf/basiclayer/pgfcorepathusage.code.tex
File: pgfcorepathusage.code.tex 2023-01-15 v3.1.10 (3.1.10)
\pgf@shorten@end@additional=\dimen180
\pgf@shorten@start@additional=\dimen181
)
(/nix/store/winn6cqadkc2kkldkz203kkmcz3crghy-texlive-2022-env-texmfdist/tex/gen
eric/pgf/basiclayer/pgfcorescopes.code.tex
File: pgfcorescopes.code.tex 2023-01-15 v3.1.10 (3.1.10)
\pgfpic=\box56
\pgf@hbox=\box57
\pgf@layerbox@main=\box58
\pgf@picture@serial@count=\count277
)
(/nix/store/winn6cqadkc2kkldkz203kkmcz3crghy-texlive-2022-env-texmfdist/tex/gen
eric/pgf/basiclayer/pgfcoregraphicstate.code.tex
File: pgfcoregraphicstate.code.tex 2023-01-15 v3.1.10 (3.1.10)
\pgflinewidth=\dimen182
)
(/nix/store/winn6cqadkc2kkldkz203kkmcz3crghy-texlive-2022-env-texmfdist/tex/gen
eric/pgf/basiclayer/pgfcoretransformations.code.tex
File: pgfcoretransformations.code.tex 2023-01-15 v3.1.10 (3.1.10)
\pgf@pt@x=\dimen183
\pgf@pt@y=\dimen184
\pgf@pt@temp=\dimen185
)
(/nix/store/winn6cqadkc2kkldkz203kkmcz3crghy-texlive-2022-env-texmfdist/tex/gen
eric/pgf/basiclayer/pgfcorequick.code.tex
File: pgfcorequick.code.tex 2023-01-15 v3.1.10 (3.1.10)
)
(/nix/store/winn6cqadkc2kkldkz203kkmcz3crghy-texlive-2022-env-texmfdist/tex/gen
eric/pgf/basiclayer/pgfcoreobjects.code.tex
File: pgfcoreobjects.code.tex 2023-01-15 v3.1.10 (3.1.10)
)
(/nix/store/winn6cqadkc2kkldkz203kkmcz3crghy-texlive-2022-env-texmfdist/tex/gen
eric/pgf/basiclayer/pgfcorepathprocessing.code.tex
File: pgfcorepathprocessing.code.tex 2023-01-15 v3.1.10 (3.1.10)
)
(/nix/store/winn6cqadkc2kkldkz203kkmcz3crghy-texlive-2022-env-texmfdist/tex/gen
eric/pgf/basiclayer/pgfcorearrows.code.tex
File: pgfcorearrows.code.tex 2023-01-15 v3.1.10 (3.1.10)
\pgfarrowsep=\dimen186
)
(/nix/store/winn6cqadkc2kkldkz203kkmcz3crghy-texlive-2022-env-texmfdist/tex/gen
eric/pgf/basiclayer/pgfcoreshade.code.tex
File: pgfcoreshade.code.tex 2023-01-15 v3.1.10 (3.1.10)
\pgf@max=\dimen187
\pgf@sys@shading@range@num=\count278
\pgf@shadingcount=\count279
)
(/nix/store/winn6cqadkc2kkldkz203kkmcz3crghy-texlive-2022-env-texmfdist/tex/gen
eric/pgf/basiclayer/pgfcoreimage.code.tex
File: pgfcoreimage.code.tex 2023-01-15 v3.1.10 (3.1.10)
)
(/nix/store/winn6cqadkc2kkldkz203kkmcz3crghy-texlive-2022-env-texmfdist/tex/gen
eric/pgf/basiclayer/pgfcoreexternal.code.tex
File: pgfcoreexternal.code.tex 2023-01-15 v3.1.10 (3.1.10)
\pgfexternal@startupbox=\box59
)
(/nix/store/winn6cqadkc2kkldkz203kkmcz3crghy-texlive-2022-env-texmfdist/tex/gen
eric/pgf/basiclayer/pgfcorelayers.code.tex
File: pgfcorelayers.code.tex 2023-01-15 v3.1.10 (3.1.10)
)
(/nix/store/winn6cqadkc2kkldkz203kkmcz3crghy-texlive-2022-env-texmfdist/tex/gen
eric/pgf/basiclayer/pgfcoretransparency.code.tex
File: pgfcoretransparency.code.tex 2023-01-15 v3.1.10 (3.1.10)
)
(/nix/store/winn6cqadkc2kkldkz203kkmcz3crghy-texlive-2022-env-texmfdist/tex/gen
eric/pgf/basiclayer/pgfcorepatterns.code.tex
File: pgfcorepatterns.code.tex 2023-01-15 v3.1.10 (3.1.10)
)
(/nix/store/winn6cqadkc2kkldkz203kkmcz3crghy-texlive-2022-env-texmfdist/tex/gen
eric/pgf/basiclayer/pgfcorerdf.code.tex
File: pgfcorerdf.code.tex 2023-01-15 v3.1.10 (3.1.10)
)))
(/nix/store/winn6cqadkc2kkldkz203kkmcz3crghy-texlive-2022-env-texmfdist/tex/gen
eric/pgf/modules/pgfmoduleshapes.code.tex
File: pgfmoduleshapes.code.tex 2023-01-15 v3.1.10 (3.1.10)
\pgfnodeparttextbox=\box60
)
(/nix/store/winn6cqadkc2kkldkz203kkmcz3crghy-texlive-2022-env-texmfdist/tex/gen
eric/pgf/modules/pgfmoduleplot.code.tex
File: pgfmoduleplot.code.tex 2023-01-15 v3.1.10 (3.1.10)
)
(/nix/store/winn6cqadkc2kkldkz203kkmcz3crghy-texlive-2022-env-texmfdist/tex/lat
ex/pgf/compatibility/pgfcomp-version-0-65.sty
Package: pgfcomp-version-0-65 2023-01-15 v3.1.10 (3.1.10)
\pgf@nodesepstart=\dimen188
\pgf@nodesepend=\dimen189
)
(/nix/store/winn6cqadkc2kkldkz203kkmcz3crghy-texlive-2022-env-texmfdist/tex/lat
ex/pgf/compatibility/pgfcomp-version-1-18.sty
Package: pgfcomp-version-1-18 2023-01-15 v3.1.10 (3.1.10)
))
(/nix/store/winn6cqadkc2kkldkz203kkmcz3crghy-texlive-2022-env-texmfdist/tex/lat
ex/pgf/utilities/pgffor.sty
(/nix/store/winn6cqadkc2kkldkz203kkmcz3crghy-texlive-2022-env-texmfdist/tex/lat
ex/pgf/utilities/pgfkeys.sty
(/nix/store/winn6cqadkc2kkldkz203kkmcz3crghy-texlive-2022-env-texmfdist/tex/gen
eric/pgf/utilities/pgfkeys.code.tex))
(/nix/store/winn6cqadkc2kkldkz203kkmcz3crghy-texlive-2022-env-texmfdist/tex/lat
ex/pgf/math/pgfmath.sty
(/nix/store/winn6cqadkc2kkldkz203kkmcz3crghy-texlive-2022-env-texmfdist/tex/gen
eric/pgf/math/pgfmath.code.tex))
(/nix/store/winn6cqadkc2kkldkz203kkmcz3crghy-texlive-2022-env-texmfdist/tex/gen
eric/pgf/utilities/pgffor.code.tex
Package: pgffor 2023-01-15 v3.1.10 (3.1.10)
\pgffor@iter=\dimen190
\pgffor@skip=\dimen191
\pgffor@stack=\toks30
\pgffor@toks=\toks31
))
(/nix/store/winn6cqadkc2kkldkz203kkmcz3crghy-texlive-2022-env-texmfdist/tex/gen
eric/pgf/frontendlayer/tikz/tikz.code.tex
Package: tikz 2023-01-15 v3.1.10 (3.1.10)

(/nix/store/winn6cqadkc2kkldkz203kkmcz3crghy-texlive-2022-env-texmfdist/tex/gen
eric/pgf/libraries/pgflibraryplothandlers.code.tex
File: pgflibraryplothandlers.code.tex 2023-01-15 v3.1.10 (3.1.10)
\pgf@plot@mark@count=\count280
\pgfplotmarksize=\dimen192
)
\tikz@lastx=\dimen193
\tikz@lasty=\dimen194
\tikz@lastxsaved=\dimen195
\tikz@lastysaved=\dimen196
\tikz@lastmovetox=\dimen197
\tikz@lastmovetoy=\dimen198
\tikzleveldistance=\dimen199
\tikzsiblingdistance=\dimen256
\tikz@figbox=\box61
\tikz@figbox@bg=\box62
\tikz@tempbox=\box63
\tikz@tempbox@bg=\box64
\tikztreelevel=\count281
\tikznumberofchildren=\count282
\tikznumberofcurrentchild=\count283
\tikz@fig@count=\count284

(/nix/store/winn6cqadkc2kkldkz203kkmcz3crghy-texlive-2022-env-texmfdist/tex/gen
eric/pgf/modules/pgfmodulematrix.code.tex
File: pgfmodulematrix.code.tex 2023-01-15 v3.1.10 (3.1.10)
\pgfmatrixcurrentrow=\count285
\pgfmatrixcurrentcolumn=\count286
\pgf@matrix@numberofcolumns=\count287
)
\tikz@expandcount=\count288

(/nix/store/winn6cqadkc2kkldkz203kkmcz3crghy-texlive-2022-env-texmfdist/tex/gen
eric/pgf/frontendlayer/tikz/libraries/tikzlibrarytopaths.code.tex
File: tikzlibrarytopaths.code.tex 2023-01-15 v3.1.10 (3.1.10)
)))
(/nix/store/winn6cqadkc2kkldkz203kkmcz3crghy-texlive-2022-env-texmfdist/tex/gen
eric/babel/babel.sty
Package: babel 2023/02/13 3.86 The Babel package
\babel@savecnt=\count289
\U@D=\dimen257
\l@unhyphenated=\language87

(/nix/store/winn6cqadkc2kkldkz203kkmcz3crghy-texlive-2022-env-texmfdist/tex/gen
eric/babel/txtbabel.def)
\bbl@readstream=\read3
\bbl@dirlevel=\count290

(/nix/store/winn6cqadkc2kkldkz203kkmcz3crghy-texlive-2022-env-texmfdist/tex/gen
eric/babel-portuges/brazil.ldf
Language: portuges 2021/07/09 v1.2t Portuguese support from the babel system
Package babel Info: Hyphen rules for 'brazil' set to \l@portuguese
(babel)             (\language70). Reported on input line 111.
Package babel Info: Making " an active character on input line 143.
))
(/nix/store/winn6cqadkc2kkldkz203kkmcz3crghy-texlive-2022-env-texmfdist/tex/lat
ex/enumitem/enumitem.sty
Package: enumitem 2019/06/20 v3.9 Customized lists
\labelindent=\skip51
\enit@outerparindent=\dimen258
\enit@toks=\toks32
\enit@inbox=\box65
\enit@count@id=\count291
\enitdp@description=\count292
)
(/nix/store/winn6cqadkc2kkldkz203kkmcz3crghy-texlive-2022-env-texmfdist/tex/lat
ex/booktabs/booktabs.sty
Package: booktabs 2020/01/12 v1.61803398 Publication quality tables
\heavyrulewidth=\dimen259
\lightrulewidth=\dimen260
\cmidrulewidth=\dimen261
\belowrulesep=\dimen262
\belowbottomsep=\dimen263
\aboverulesep=\dimen264
\abovetopsep=\dimen265
\cmidrulesep=\dimen266
\cmidrulekern=\dimen267
\defaultaddspace=\dimen268
\@cmidla=\count293
\@cmidlb=\count294
\@aboverulesep=\dimen269
\@belowrulesep=\dimen270
\@thisruleclass=\count295
\@lastruleclass=\count296
\@thisrulewidth=\dimen271
)
(/nix/store/winn6cqadkc2kkldkz203kkmcz3crghy-texlive-2022-env-texmfdist/tex/lat
ex/natbib/bibentry.sty
Package: bibentry 2007/10/30 1.5 (PWD)
)
(/nix/store/winn6cqadkc2kkldkz203kkmcz3crghy-texlive-2022-env-texmfdist/tex/lat
ex/psnfss/avant.sty
Package: avant 2020/03/25 PSNFSS-v9.3 (SPQR) 
)
(/nix/store/winn6cqadkc2kkldkz203kkmcz3crghy-texlive-2022-env-texmfdist/tex/lat
ex/psnfss/mathptmx.sty
Package: mathptmx 2020/03/25 PSNFSS-v9.3 Times w/ Math, improved (SPQR, WaS) 
LaTeX Font Info:    Redeclaring symbol font `operators' on input line 28.
LaTeX Font Info:    Overwriting symbol font `operators' in version `normal'
(Font)                  OT1/cmr/m/n --> OT1/ztmcm/m/n on input line 28.
LaTeX Font Info:    Overwriting symbol font `operators' in version `bold'
(Font)                  OT1/cmr/bx/n --> OT1/ztmcm/m/n on input line 28.
LaTeX Font Info:    Redeclaring symbol font `letters' on input line 29.
LaTeX Font Info:    Overwriting symbol font `letters' in version `normal'
(Font)                  OML/cmm/m/it --> OML/ztmcm/m/it on input line 29.
LaTeX Font Info:    Overwriting symbol font `letters' in version `bold'
(Font)                  OML/cmm/b/it --> OML/ztmcm/m/it on input line 29.
LaTeX Font Info:    Redeclaring symbol font `symbols' on input line 30.
LaTeX Font Info:    Overwriting symbol font `symbols' in version `normal'
(Font)                  OMS/cmsy/m/n --> OMS/ztmcm/m/n on input line 30.
LaTeX Font Info:    Overwriting symbol font `symbols' in version `bold'
(Font)                  OMS/cmsy/b/n --> OMS/ztmcm/m/n on input line 30.
LaTeX Font Info:    Redeclaring symbol font `largesymbols' on input line 31.
LaTeX Font Info:    Overwriting symbol font `largesymbols' in version `normal'
(Font)                  OMX/cmex/m/n --> OMX/ztmcm/m/n on input line 31.
LaTeX Font Info:    Overwriting symbol font `largesymbols' in version `bold'
(Font)                  OMX/cmex/m/n --> OMX/ztmcm/m/n on input line 31.
\symbold=\mathgroup4
\symitalic=\mathgroup5
LaTeX Font Info:    Redeclaring math alphabet \mathbf on input line 34.
LaTeX Font Info:    Overwriting math alphabet `\mathbf' in version `normal'
(Font)                  OT1/cmr/bx/n --> OT1/ptm/bx/n on input line 34.
LaTeX Font Info:    Overwriting math alphabet `\mathbf' in version `bold'
(Font)                  OT1/cmr/bx/n --> OT1/ptm/bx/n on input line 34.
LaTeX Font Info:    Redeclaring math alphabet \mathit on input line 35.
LaTeX Font Info:    Overwriting math alphabet `\mathit' in version `normal'
(Font)                  OT1/cmr/m/it --> OT1/ptm/m/it on input line 35.
LaTeX Font Info:    Overwriting math alphabet `\mathit' in version `bold'
(Font)                  OT1/cmr/bx/it --> OT1/ptm/m/it on input line 35.
LaTeX Info: Redefining \hbar on input line 50.
)
(/nix/store/winn6cqadkc2kkldkz203kkmcz3crghy-texlive-2022-env-texmfdist/tex/lat
ex/microtype/microtype.sty
Package: microtype 2023/03/13 v3.1a Micro-typographical refinements (RS)

(/nix/store/winn6cqadkc2kkldkz203kkmcz3crghy-texlive-2022-env-texmfdist/tex/lat
ex/etoolbox/etoolbox.sty
Package: etoolbox 2020/10/05 v2.5k e-TeX tools for LaTeX (JAW)
\etb@tempcnta=\count297
)
\MT@toks=\toks33
\MT@tempbox=\box66
\MT@count=\count298
LaTeX Info: Redefining \noprotrusionifhmode on input line 1059.
LaTeX Info: Redefining \leftprotrusion on input line 1060.
\MT@prot@toks=\toks34
LaTeX Info: Redefining \rightprotrusion on input line 1078.
LaTeX Info: Redefining \textls on input line 1368.
\MT@outer@kern=\dimen272
LaTeX Info: Redefining \textmicrotypecontext on input line 1988.
\MT@listname@count=\count299

(/nix/store/winn6cqadkc2kkldkz203kkmcz3crghy-texlive-2022-env-texmfdist/tex/lat
ex/microtype/microtype-pdftex.def
File: microtype-pdftex.def 2023/03/13 v3.1a Definitions specific to pdftex (RS)

LaTeX Info: Redefining \lsstyle on input line 902.
LaTeX Info: Redefining \lslig on input line 902.
\MT@outer@space=\skip52
)
Package microtype Info: Loading configuration file microtype.cfg.

(/nix/store/winn6cqadkc2kkldkz203kkmcz3crghy-texlive-2022-env-texmfdist/tex/lat
ex/microtype/microtype.cfg
File: microtype.cfg 2023/03/13 v3.1a microtype main configuration file (RS)
))
(/nix/store/winn6cqadkc2kkldkz203kkmcz3crghy-texlive-2022-env-texmfdist/tex/lat
ex/base/inputenc.sty
Package: inputenc 2021/02/14 v1.3d Input encoding file
\inpenc@prehook=\toks35
\inpenc@posthook=\toks36
)
(/nix/store/winn6cqadkc2kkldkz203kkmcz3crghy-texlive-2022-env-texmfdist/tex/lat
ex/base/fontenc.sty
Package: fontenc 2021/04/29 v2.0v Standard LaTeX package
LaTeX Font Info:    Trying to load font information for T1+ptm on input line 11
2.

(/nix/store/winn6cqadkc2kkldkz203kkmcz3crghy-texlive-2022-env-texmfdist/tex/lat
ex/psnfss/t1ptm.fd
File: t1ptm.fd 2001/06/04 font definitions for T1/ptm.
))
(/nix/store/winn6cqadkc2kkldkz203kkmcz3crghy-texlive-2022-env-texmfdist/tex/lat
ex/hyperref/hyperref.sty
Package: hyperref 2023-02-07 v7.00v Hypertext links for LaTeX

(/nix/store/winn6cqadkc2kkldkz203kkmcz3crghy-texlive-2022-env-texmfdist/tex/gen
eric/ltxcmds/ltxcmds.sty
Package: ltxcmds 2020-05-10 v1.25 LaTeX kernel commands for general use (HO)
)
(/nix/store/winn6cqadkc2kkldkz203kkmcz3crghy-texlive-2022-env-texmfdist/tex/gen
eric/pdftexcmds/pdftexcmds.sty
Package: pdftexcmds 2020-06-27 v0.33 Utility functions of pdfTeX for LuaTeX (HO
)

(/nix/store/winn6cqadkc2kkldkz203kkmcz3crghy-texlive-2022-env-texmfdist/tex/gen
eric/infwarerr/infwarerr.sty
Package: infwarerr 2019/12/03 v1.5 Providing info/warning/error messages (HO)
)
Package pdftexcmds Info: \pdf@primitive is available.
Package pdftexcmds Info: \pdf@ifprimitive is available.
Package pdftexcmds Info: \pdfdraftmode found.
)
(/nix/store/winn6cqadkc2kkldkz203kkmcz3crghy-texlive-2022-env-texmfdist/tex/lat
ex/kvsetkeys/kvsetkeys.sty
Package: kvsetkeys 2022-10-05 v1.19 Key value parser (HO)
)
(/nix/store/winn6cqadkc2kkldkz203kkmcz3crghy-texlive-2022-env-texmfdist/tex/gen
eric/kvdefinekeys/kvdefinekeys.sty
Package: kvdefinekeys 2019-12-19 v1.6 Define keys (HO)
)
(/nix/store/winn6cqadkc2kkldkz203kkmcz3crghy-texlive-2022-env-texmfdist/tex/gen
eric/pdfescape/pdfescape.sty
Package: pdfescape 2019/12/09 v1.15 Implements pdfTeX's escape features (HO)
)
(/nix/store/winn6cqadkc2kkldkz203kkmcz3crghy-texlive-2022-env-texmfdist/tex/lat
ex/hycolor/hycolor.sty
Package: hycolor 2020-01-27 v1.10 Color options for hyperref/bookmark (HO)
)
(/nix/store/winn6cqadkc2kkldkz203kkmcz3crghy-texlive-2022-env-texmfdist/tex/lat
ex/letltxmacro/letltxmacro.sty
Package: letltxmacro 2019/12/03 v1.6 Let assignment for LaTeX macros (HO)
)
(/nix/store/winn6cqadkc2kkldkz203kkmcz3crghy-texlive-2022-env-texmfdist/tex/lat
ex/auxhook/auxhook.sty
Package: auxhook 2019-12-17 v1.6 Hooks for auxiliary files (HO)
)
(/nix/store/winn6cqadkc2kkldkz203kkmcz3crghy-texlive-2022-env-texmfdist/tex/lat
ex/hyperref/nameref.sty
Package: nameref 2022-05-17 v2.50 Cross-referencing by name of section

(/nix/store/winn6cqadkc2kkldkz203kkmcz3crghy-texlive-2022-env-texmfdist/tex/lat
ex/refcount/refcount.sty
Package: refcount 2019/12/15 v3.6 Data extraction from label references (HO)
)
(/nix/store/winn6cqadkc2kkldkz203kkmcz3crghy-texlive-2022-env-texmfdist/tex/gen
eric/gettitlestring/gettitlestring.sty
Package: gettitlestring 2019/12/15 v1.6 Cleanup title references (HO)

(/nix/store/winn6cqadkc2kkldkz203kkmcz3crghy-texlive-2022-env-texmfdist/tex/lat
ex/kvoptions/kvoptions.sty
Package: kvoptions 2022-06-15 v3.15 Key value format for package options (HO)
))
\c@section@level=\count300
)
\@linkdim=\dimen273
\Hy@linkcounter=\count301
\Hy@pagecounter=\count302

(/nix/store/winn6cqadkc2kkldkz203kkmcz3crghy-texlive-2022-env-texmfdist/tex/lat
ex/hyperref/pd1enc.def
File: pd1enc.def 2023-02-07 v7.00v Hyperref: PDFDocEncoding definition (HO)
Now handling font encoding PD1 ...
... no UTF-8 mapping file for font encoding PD1
)
(/nix/store/winn6cqadkc2kkldkz203kkmcz3crghy-texlive-2022-env-texmfdist/tex/gen
eric/intcalc/intcalc.sty
Package: intcalc 2019/12/15 v1.3 Expandable calculations with integers (HO)
)
(/nix/store/winn6cqadkc2kkldkz203kkmcz3crghy-texlive-2022-env-texmfdist/tex/gen
eric/etexcmds/etexcmds.sty
Package: etexcmds 2019/12/15 v1.7 Avoid name clashes with e-TeX commands (HO)
)
\Hy@SavedSpaceFactor=\count303

(/nix/store/winn6cqadkc2kkldkz203kkmcz3crghy-texlive-2022-env-texmfdist/tex/lat
ex/hyperref/puenc.def
File: puenc.def 2023-02-07 v7.00v Hyperref: PDF Unicode definition (HO)
Now handling font encoding PU ...
... no UTF-8 mapping file for font encoding PU
)
Package hyperref Info: Hyper figures OFF on input line 4177.
Package hyperref Info: Link nesting OFF on input line 4182.
Package hyperref Info: Hyper index ON on input line 4185.
Package hyperref Info: Plain pages OFF on input line 4192.
Package hyperref Info: Backreferencing OFF on input line 4197.
Package hyperref Info: Implicit mode ON; LaTeX internals redefined.
Package hyperref Info: Bookmarks ON on input line 4425.
\c@Hy@tempcnt=\count304

(/nix/store/winn6cqadkc2kkldkz203kkmcz3crghy-texlive-2022-env-texmfdist/tex/lat
ex/url/url.sty
\Urlmuskip=\muskip16
Package: url 2013/09/16  ver 3.4  Verb mode for urls, etc.
)
LaTeX Info: Redefining \url on input line 4763.
\XeTeXLinkMargin=\dimen274

(/nix/store/winn6cqadkc2kkldkz203kkmcz3crghy-texlive-2022-env-texmfdist/tex/gen
eric/bitset/bitset.sty
Package: bitset 2019/12/09 v1.3 Handle bit-vector datatype (HO)

(/nix/store/winn6cqadkc2kkldkz203kkmcz3crghy-texlive-2022-env-texmfdist/tex/gen
eric/bigintcalc/bigintcalc.sty
Package: bigintcalc 2019/12/15 v1.5 Expandable calculations on big integers (HO
)
))
\Fld@menulength=\count305
\Field@Width=\dimen275
\Fld@charsize=\dimen276
Package hyperref Info: Hyper figures OFF on input line 6042.
Package hyperref Info: Link nesting OFF on input line 6047.
Package hyperref Info: Hyper index ON on input line 6050.
Package hyperref Info: backreferencing OFF on input line 6057.
Package hyperref Info: Link coloring OFF on input line 6062.
Package hyperref Info: Link coloring with OCG OFF on input line 6067.
Package hyperref Info: PDF/A mode OFF on input line 6072.

(/nix/store/winn6cqadkc2kkldkz203kkmcz3crghy-texlive-2022-env-texmfdist/tex/lat
ex/base/atbegshi-ltx.sty
Package: atbegshi-ltx 2021/01/10 v1.0c Emulation of the original atbegshi
package with kernel methods
)
\Hy@abspage=\count306
\c@Item=\count307
\c@Hfootnote=\count308
)
Package hyperref Info: Driver (autodetected): hpdftex.

(/nix/store/winn6cqadkc2kkldkz203kkmcz3crghy-texlive-2022-env-texmfdist/tex/lat
ex/hyperref/hpdftex.def
File: hpdftex.def 2023-02-07 v7.00v Hyperref driver for pdfTeX

(/nix/store/winn6cqadkc2kkldkz203kkmcz3crghy-texlive-2022-env-texmfdist/tex/lat
ex/base/atveryend-ltx.sty
Package: atveryend-ltx 2020/08/19 v1.0a Emulation of the original atveryend pac
kage
with kernel methods
)
\Fld@listcount=\count309
\c@bookmark@seq@number=\count310

(/nix/store/winn6cqadkc2kkldkz203kkmcz3crghy-texlive-2022-env-texmfdist/tex/lat
ex/rerunfilecheck/rerunfilecheck.sty
Package: rerunfilecheck 2022-07-10 v1.10 Rerun checks for auxiliary files (HO)

(/nix/store/winn6cqadkc2kkldkz203kkmcz3crghy-texlive-2022-env-texmfdist/tex/gen
eric/uniquecounter/uniquecounter.sty
Package: uniquecounter 2019/12/15 v1.4 Provide unlimited unique counter (HO)
)
Package uniquecounter Info: New unique counter `rerunfilecheck' on input line 2
85.
)
\Hy@SectionHShift=\skip53
)
(/nix/store/winn6cqadkc2kkldkz203kkmcz3crghy-texlive-2022-env-texmfdist/tex/lat
ex/tools/calc.sty
Package: calc 2017/05/25 v4.3 Infix arithmetic (KKT,FJ)
\calc@Acount=\count311
\calc@Bcount=\count312
\calc@Adimen=\dimen277
\calc@Bdimen=\dimen278
\calc@Askip=\skip54
\calc@Bskip=\skip55
LaTeX Info: Redefining \setlength on input line 80.
LaTeX Info: Redefining \addtolength on input line 81.
\calc@Ccount=\count313
\calc@Cskip=\skip56
)
(/nix/store/winn6cqadkc2kkldkz203kkmcz3crghy-texlive-2022-env-texmfdist/tex/lat
ex/base/makeidx.sty
Package: makeidx 2021/10/04 v1.0m Standard LaTeX package
)
\@indexfile=\write4
\openout4 = `Rust.idx'.


Writing index file Rust.idx

(/nix/store/winn6cqadkc2kkldkz203kkmcz3crghy-texlive-2022-env-texmfdist/tex/lat
ex/titlesec/titletoc.sty
Package: titletoc 2021/07/05 v2.14 TOC entries
\ttl@leftsep=\dimen279
)
(/nix/store/winn6cqadkc2kkldkz203kkmcz3crghy-texlive-2022-env-texmfdist/tex/lat
ex/fancyhdr/fancyhdr.sty
Package: fancyhdr 2022/11/09 v4.1 Extensive control of page headers and footers

\f@nch@headwidth=\skip57
\f@nch@O@elh=\skip58
\f@nch@O@erh=\skip59
\f@nch@O@olh=\skip60
\f@nch@O@orh=\skip61
\f@nch@O@elf=\skip62
\f@nch@O@erf=\skip63
\f@nch@O@olf=\skip64
\f@nch@O@orf=\skip65
)
(/nix/store/winn6cqadkc2kkldkz203kkmcz3crghy-texlive-2022-env-texmfdist/tex/lat
ex/amsmath/amsmath.sty
Package: amsmath 2022/04/08 v2.17n AMS math features
\@mathmargin=\skip66

For additional information on amsmath, use the `?' option.

(/nix/store/winn6cqadkc2kkldkz203kkmcz3crghy-texlive-2022-env-texmfdist/tex/lat
ex/amsmath/amstext.sty
Package: amstext 2021/08/26 v2.01 AMS text

(/nix/store/winn6cqadkc2kkldkz203kkmcz3crghy-texlive-2022-env-texmfdist/tex/lat
ex/amsmath/amsgen.sty
File: amsgen.sty 1999/11/30 v2.0 generic functions
\@emptytoks=\toks37
\ex@=\dimen280
))
(/nix/store/winn6cqadkc2kkldkz203kkmcz3crghy-texlive-2022-env-texmfdist/tex/lat
ex/amsmath/amsbsy.sty
Package: amsbsy 1999/11/29 v1.2d Bold Symbols
\pmbraise@=\dimen281
)
(/nix/store/winn6cqadkc2kkldkz203kkmcz3crghy-texlive-2022-env-texmfdist/tex/lat
ex/amsmath/amsopn.sty
Package: amsopn 2022/04/08 v2.04 operator names
)
\inf@bad=\count314
LaTeX Info: Redefining \frac on input line 234.
\uproot@=\count315
\leftroot@=\count316
LaTeX Info: Redefining \overline on input line 399.
LaTeX Info: Redefining \colon on input line 410.
\classnum@=\count317
\DOTSCASE@=\count318
LaTeX Info: Redefining \ldots on input line 496.
LaTeX Info: Redefining \dots on input line 499.
LaTeX Info: Redefining \cdots on input line 620.
\Mathstrutbox@=\box67
\strutbox@=\box68
LaTeX Info: Redefining \big on input line 722.
LaTeX Info: Redefining \Big on input line 723.
LaTeX Info: Redefining \bigg on input line 724.
LaTeX Info: Redefining \Bigg on input line 725.
\big@size=\dimen282
LaTeX Font Info:    Redeclaring font encoding OML on input line 743.
LaTeX Font Info:    Redeclaring font encoding OMS on input line 744.
\macc@depth=\count319
LaTeX Info: Redefining \bmod on input line 905.
LaTeX Info: Redefining \pmod on input line 910.
LaTeX Info: Redefining \smash on input line 940.
LaTeX Info: Redefining \relbar on input line 970.
LaTeX Info: Redefining \Relbar on input line 971.
\c@MaxMatrixCols=\count320
\dotsspace@=\muskip17
\c@parentequation=\count321
\dspbrk@lvl=\count322
\tag@help=\toks38
\row@=\count323
\column@=\count324
\maxfields@=\count325
\andhelp@=\toks39
\eqnshift@=\dimen283
\alignsep@=\dimen284
\tagshift@=\dimen285
\tagwidth@=\dimen286
\totwidth@=\dimen287
\lineht@=\dimen288
\@envbody=\toks40
\multlinegap=\skip67
\multlinetaggap=\skip68
\mathdisplay@stack=\toks41
LaTeX Info: Redefining \[ on input line 2953.
LaTeX Info: Redefining \] on input line 2954.
)
(/nix/store/winn6cqadkc2kkldkz203kkmcz3crghy-texlive-2022-env-texmfdist/tex/lat
ex/amsfonts/amsfonts.sty
Package: amsfonts 2013/01/14 v3.01 Basic AMSFonts support
\symAMSa=\mathgroup6
\symAMSb=\mathgroup7
LaTeX Font Info:    Overwriting math alphabet `\mathfrak' in version `bold'
(Font)                  U/euf/m/n --> U/euf/b/n on input line 106.
)
(/nix/store/winn6cqadkc2kkldkz203kkmcz3crghy-texlive-2022-env-texmfdist/tex/lat
ex/amsfonts/amssymb.sty
Package: amssymb 2013/01/14 v3.01 AMS font symbols
)
(/nix/store/winn6cqadkc2kkldkz203kkmcz3crghy-texlive-2022-env-texmfdist/tex/lat
ex/amscls/amsthm.sty
Package: amsthm 2020/05/29 v2.20.6
\thm@style=\toks42
\thm@bodyfont=\toks43
\thm@headfont=\toks44
\thm@notefont=\toks45
\thm@headpunct=\toks46
\thm@preskip=\skip69
\thm@postskip=\skip70
\thm@headsep=\skip71
\dth@everypar=\toks47
)
\c@notation=\count326
\c@dummy=\count327
\c@problem=\count328
\c@exerciseT=\count329
\c@exampleT=\count330
\c@vocabulary=\count331
\c@definitionT=\count332

(/nix/store/winn6cqadkc2kkldkz203kkmcz3crghy-texlive-2022-env-texmfdist/tex/lat
ex/mdframed/mdframed.sty
Package: mdframed 2013/07/01 1.9b: mdframed

(/nix/store/winn6cqadkc2kkldkz203kkmcz3crghy-texlive-2022-env-texmfdist/tex/lat
ex/l3packages/xparse/xparse.sty
Package: xparse 2023-02-02 L3 Experimental document command parser
)
(/nix/store/winn6cqadkc2kkldkz203kkmcz3crghy-texlive-2022-env-texmfdist/tex/lat
ex/zref/zref-abspage.sty
Package: zref-abspage 2022-04-07 v2.34 Module abspage for zref (HO)

(/nix/store/winn6cqadkc2kkldkz203kkmcz3crghy-texlive-2022-env-texmfdist/tex/lat
ex/zref/zref-base.sty
Package: zref-base 2022-04-07 v2.34 Module base for zref (HO)
Package zref Info: New property list: main on input line 767.
Package zref Info: New property: default on input line 768.
Package zref Info: New property: page on input line 769.
)
\c@abspage=\count333
Package zref Info: New property: abspage on input line 65.
)
(/nix/store/winn6cqadkc2kkldkz203kkmcz3crghy-texlive-2022-env-texmfdist/tex/lat
ex/needspace/needspace.sty
Package: needspace 2010/09/12 v1.3d reserve vertical space
)
\mdf@templength=\skip72
\c@mdf@globalstyle@cnt=\count334
\mdf@skipabove@length=\skip73
\mdf@skipbelow@length=\skip74
\mdf@leftmargin@length=\skip75
\mdf@rightmargin@length=\skip76
\mdf@innerleftmargin@length=\skip77
\mdf@innerrightmargin@length=\skip78
\mdf@innertopmargin@length=\skip79
\mdf@innerbottommargin@length=\skip80
\mdf@splittopskip@length=\skip81
\mdf@splitbottomskip@length=\skip82
\mdf@outermargin@length=\skip83
\mdf@innermargin@length=\skip84
\mdf@linewidth@length=\skip85
\mdf@innerlinewidth@length=\skip86
\mdf@middlelinewidth@length=\skip87
\mdf@outerlinewidth@length=\skip88
\mdf@roundcorner@length=\skip89
\mdf@footenotedistance@length=\skip90
\mdf@userdefinedwidth@length=\skip91
\mdf@needspace@length=\skip92
\mdf@frametitleaboveskip@length=\skip93
\mdf@frametitlebelowskip@length=\skip94
\mdf@frametitlerulewidth@length=\skip95
\mdf@frametitleleftmargin@length=\skip96
\mdf@frametitlerightmargin@length=\skip97
\mdf@shadowsize@length=\skip98
\mdf@extratopheight@length=\skip99
\mdf@subtitleabovelinewidth@length=\skip100
\mdf@subtitlebelowlinewidth@length=\skip101
\mdf@subtitleaboveskip@length=\skip102
\mdf@subtitlebelowskip@length=\skip103
\mdf@subtitleinneraboveskip@length=\skip104
\mdf@subtitleinnerbelowskip@length=\skip105
\mdf@subsubtitleabovelinewidth@length=\skip106
\mdf@subsubtitlebelowlinewidth@length=\skip107
\mdf@subsubtitleaboveskip@length=\skip108
\mdf@subsubtitlebelowskip@length=\skip109
\mdf@subsubtitleinneraboveskip@length=\skip110
\mdf@subsubtitleinnerbelowskip@length=\skip111

(/nix/store/winn6cqadkc2kkldkz203kkmcz3crghy-texlive-2022-env-texmfdist/tex/lat
ex/mdframed/md-frame-0.mdf
File: md-frame-0.mdf 2013/07/01\ 1.9b: md-frame-0
)
\mdf@frametitlebox=\box69
\mdf@footnotebox=\box70
\mdf@splitbox@one=\box71
\mdf@splitbox@two=\box72
\mdf@splitbox@save=\box73
\mdfsplitboxwidth=\skip112
\mdfsplitboxtotalwidth=\skip113
\mdfsplitboxheight=\skip114
\mdfsplitboxdepth=\skip115
\mdfsplitboxtotalheight=\skip116
\mdfframetitleboxwidth=\skip117
\mdfframetitleboxtotalwidth=\skip118
\mdfframetitleboxheight=\skip119
\mdfframetitleboxdepth=\skip120
\mdfframetitleboxtotalheight=\skip121
\mdffootnoteboxwidth=\skip122
\mdffootnoteboxtotalwidth=\skip123
\mdffootnoteboxheight=\skip124
\mdffootnoteboxdepth=\skip125
\mdffootnoteboxtotalheight=\skip126
\mdftotallinewidth=\skip127
\mdfboundingboxwidth=\skip128
\mdfboundingboxtotalwidth=\skip129
\mdfboundingboxheight=\skip130
\mdfboundingboxdepth=\skip131
\mdfboundingboxtotalheight=\skip132
\mdf@freevspace@length=\skip133
\mdf@horizontalwidthofbox@length=\skip134
\mdf@verticalmarginwhole@length=\skip135
\mdf@horizontalspaceofbox=\skip136
\mdfsubtitleheight=\skip137
\mdfsubsubtitleheight=\skip138
\c@mdfcountframes=\count335

****** mdframed patching \endmdf@trivlist

****** -- success******

\mdf@envdepth=\count336
\c@mdf@env@i=\count337
\c@mdf@env@ii=\count338
\c@mdf@zref@counter=\count339
Package zref Info: New property: mdf@pagevalue on input line 895.
)
\esp=\skip139
\ecart=\skip140


Package hyperref Warning: Option `backref' has already been used,
(hyperref)                setting the option has no effect on input line 495.


Package hyperref Warning: Option `pagebackref' has already been used,
(hyperref)                setting the option has no effect on input line 495.


Package hyperref Warning: Option `hyperindex' has already been used,
(hyperref)                setting the option has no effect on input line 495.

Package hyperref Info: Option `colorlinks' set `false' on input line 495.
Package hyperref Info: Option `breaklinks' set `true' on input line 495.

Package hyperref Warning: Option `bookmarks' has already been used,
(hyperref)                setting the option has no effect on input line 495.

Package hyperref Info: Option `bookmarksopen' set `false' on input line 495.

(/nix/store/winn6cqadkc2kkldkz203kkmcz3crghy-texlive-2022-env-texmfdist/tex/lat
ex/bookmark/bookmark.sty
Package: bookmark 2020-11-06 v1.29 PDF bookmarks (HO)

(/nix/store/winn6cqadkc2kkldkz203kkmcz3crghy-texlive-2022-env-texmfdist/tex/lat
ex/bookmark/bkm-pdftex.def
File: bkm-pdftex.def 2020-11-06 v1.29 bookmark driver for pdfTeX (HO)
\BKM@id=\count340
))
(/nix/store/winn6cqadkc2kkldkz203kkmcz3crghy-texlive-2022-env-texmfdist/tex/lat
ex/tcolorbox/tcolorbox.sty
Package: tcolorbox 2023/02/12 version 6.0.1 text color boxes

(/nix/store/winn6cqadkc2kkldkz203kkmcz3crghy-texlive-2022-env-texmfdist/tex/lat
ex/tools/verbatim.sty
Package: verbatim 2022-07-02 v1.5u LaTeX2e package for verbatim enhancements
\every@verbatim=\toks48
\verbatim@line=\toks49
\verbatim@in@stream=\read4
)
(/nix/store/winn6cqadkc2kkldkz203kkmcz3crghy-texlive-2022-env-texmfdist/tex/lat
ex/environ/environ.sty
Package: environ 2014/05/04 v0.3 A new way to define environments

(/nix/store/winn6cqadkc2kkldkz203kkmcz3crghy-texlive-2022-env-texmfdist/tex/lat
ex/trimspaces/trimspaces.sty
Package: trimspaces 2009/09/17 v1.1 Trim spaces around a token list
))
\tcb@titlebox=\box74
\tcb@upperbox=\box75
\tcb@lowerbox=\box76
\tcb@phantombox=\box77
\c@tcbbreakpart=\count341
\c@tcblayer=\count342
\c@tcolorbox@number=\count343
\tcb@temp=\box78
\tcb@temp=\box79
\tcb@temp=\box80
\tcb@temp=\box81

(/nix/store/winn6cqadkc2kkldkz203kkmcz3crghy-texlive-2022-env-texmfdist/tex/lat
ex/tcolorbox/tcbraster.code.tex
Library (tcolorbox): 'tcbraster.code.tex' version '6.0.1'
\c@tcbrastercolumn=\count344
\c@tcbrasterrow=\count345
\c@tcbrasternum=\count346
\c@tcbraster=\count347
)
(/nix/store/winn6cqadkc2kkldkz203kkmcz3crghy-texlive-2022-env-texmfdist/tex/lat
ex/tcolorbox/tcbskins.code.tex
Library (tcolorbox): 'tcbskins.code.tex' version '6.0.1'

(/nix/store/winn6cqadkc2kkldkz203kkmcz3crghy-texlive-2022-env-texmfdist/tex/lat
ex/tikzfill/tikzfill.image.sty
Package: tikzfill.image 2022/07/20 v1.0.0 Image filling library for TikZ

(/nix/store/winn6cqadkc2kkldkz203kkmcz3crghy-texlive-2022-env-texmfdist/tex/lat
ex/tikzfill/tikzfill-common.sty
Package: tikzfill-common 2022/07/20 v1.0.0 Auxiliary code for tikzfill
)
(/nix/store/winn6cqadkc2kkldkz203kkmcz3crghy-texlive-2022-env-texmfdist/tex/lat
ex/tikzfill/tikzlibraryfill.image.code.tex
File: tikzlibraryfill.image.code.tex 2022/07/20 v1.0.0 Image filling library
\l__tikzfill_img_box=\box82
))
(/nix/store/winn6cqadkc2kkldkz203kkmcz3crghy-texlive-2022-env-texmfdist/tex/lat
ex/tcolorbox/tcbskinsjigsaw.code.tex
Library (tcolorbox): 'tcbskinsjigsaw.code.tex' version '6.0.1'
))
(/nix/store/winn6cqadkc2kkldkz203kkmcz3crghy-texlive-2022-env-texmfdist/tex/lat
ex/tcolorbox/tcbbreakable.code.tex
Library (tcolorbox): 'tcbbreakable.code.tex' version '6.0.1'

(/nix/store/winn6cqadkc2kkldkz203kkmcz3crghy-texlive-2022-env-texmfdist/tex/lat
ex/pdfcol/pdfcol.sty
Package: pdfcol 2022-09-21 v1.7 Handle new color stacks for pdfTeX (HO)
)
Package pdfcol Info: New color stack `tcb@breakable' = 1 on input line 23.
\tcb@testbox=\box83
\tcb@totalupperbox=\box84
\tcb@totallowerbox=\box85
)
(/nix/store/winn6cqadkc2kkldkz203kkmcz3crghy-texlive-2022-env-texmfdist/tex/lat
ex/tcolorbox/tcbhooks.code.tex
Library (tcolorbox): 'tcbhooks.code.tex' version '6.0.1'
)
(/nix/store/winn6cqadkc2kkldkz203kkmcz3crghy-texlive-2022-env-texmfdist/tex/lat
ex/tcolorbox/tcbtheorems.code.tex
Library (tcolorbox): 'tcbtheorems.code.tex' version '6.0.1'
)
(/nix/store/winn6cqadkc2kkldkz203kkmcz3crghy-texlive-2022-env-texmfdist/tex/lat
ex/tcolorbox/tcbfitting.code.tex
Library (tcolorbox): 'tcbfitting.code.tex' version '6.0.1'
\tcbfitdim=\dimen289
\tcb@lowerfitdim=\dimen290
\tcb@upperfitdim=\dimen291
\tcb@cur@hbadness=\count348
))
(/nix/store/winn6cqadkc2kkldkz203kkmcz3crghy-texlive-2022-env-texmfdist/tex/lat
ex/listings/listings.sty
\lst@mode=\count349
\lst@gtempboxa=\box86
\lst@token=\toks50
\lst@length=\count350
\lst@currlwidth=\dimen292
\lst@column=\count351
\lst@pos=\count352
\lst@lostspace=\dimen293
\lst@width=\dimen294
\lst@newlines=\count353
\lst@lineno=\count354
\lst@maxwidth=\dimen295

(/nix/store/winn6cqadkc2kkldkz203kkmcz3crghy-texlive-2022-env-texmfdist/tex/lat
ex/listings/lstmisc.sty
File: lstmisc.sty 2023/02/27 1.9 (Carsten Heinz)
\c@lstnumber=\count355
\lst@skipnumbers=\count356
\lst@framebox=\box87
)
(/nix/store/winn6cqadkc2kkldkz203kkmcz3crghy-texlive-2022-env-texmfdist/tex/lat
ex/listings/listings.cfg
File: listings.cfg 2023/02/27 1.9 listings configuration
))
Package: listings 2023/02/27 1.9 (Carsten Heinz)

(/nix/store/winn6cqadkc2kkldkz203kkmcz3crghy-texlive-2022-env-texmfdist/tex/lat
ex/listings/lstlang1.sty
File: lstlang1.sty 2023/02/27 1.9 listings language file
)
(/nix/store/winn6cqadkc2kkldkz203kkmcz3crghy-texlive-2022-env-texmfdist/tex/lat
ex/listings/lstlang2.sty
File: lstlang2.sty 2023/02/27 1.9 listings language file
)
(/nix/store/winn6cqadkc2kkldkz203kkmcz3crghy-texlive-2022-env-texmfdist/tex/lat
ex/listings/lstlang3.sty
File: lstlang3.sty 2023/02/27 1.9 listings language file
)
(/nix/store/winn6cqadkc2kkldkz203kkmcz3crghy-texlive-2022-env-texmfdist/tex/lat
ex/hyperref/backref.sty
Package: backref 2021/02/04 v1.41 Bibliographical back referencing
)

Package hyperref Warning: Option `bookmarks' has already been used,
(hyperref)                setting the option has no effect on input line 563.

Package hyperref Info: Option `unicode' set `false' on input line 563.
Package hyperref Info: Option `pdftoolbar' set `true' on input line 563.
Package hyperref Info: Option `pdfmenubar' set `true' on input line 563.
Package hyperref Info: Option `pdffitwindow' set `true' on input line 563.
Package hyperref Info: Option `pdfnewwindow' set `true' on input line 563.
Package hyperref Info: Option `colorlinks' set `true' on input line 563.
) (./Rust.aux)
\openout1 = `Rust.aux'.

LaTeX Font Info:    Checking defaults for OML/cmm/m/it on input line 33.
LaTeX Font Info:    ... okay on input line 33.
LaTeX Font Info:    Checking defaults for OMS/cmsy/m/n on input line 33.
LaTeX Font Info:    ... okay on input line 33.
LaTeX Font Info:    Checking defaults for OT1/cmr/m/n on input line 33.
LaTeX Font Info:    ... okay on input line 33.
LaTeX Font Info:    Checking defaults for T1/cmr/m/n on input line 33.
LaTeX Font Info:    ... okay on input line 33.
LaTeX Font Info:    Checking defaults for TS1/cmr/m/n on input line 33.
LaTeX Font Info:    ... okay on input line 33.
LaTeX Font Info:    Checking defaults for OMX/cmex/m/n on input line 33.
LaTeX Font Info:    ... okay on input line 33.
LaTeX Font Info:    Checking defaults for U/cmr/m/n on input line 33.
LaTeX Font Info:    ... okay on input line 33.
LaTeX Font Info:    Checking defaults for PD1/pdf/m/n on input line 33.
LaTeX Font Info:    ... okay on input line 33.
LaTeX Font Info:    Checking defaults for PU/pdf/m/n on input line 33.
LaTeX Font Info:    ... okay on input line 33.

*geometry* driver: auto-detecting
*geometry* detected driver: pdftex
*geometry* verbose mode - [ preamble ] result:
* driver: pdftex
* paper: a4paper
* layout: <same size as paper>
* layoutoffset:(h,v)=(0.0pt,0.0pt)
* modes: twoside 
* h-part:(L,W,R)=(85.35826pt, 426.79135pt, 85.35826pt)
* v-part:(T,H,B)=(85.35826pt, 674.33032pt, 85.35826pt)
* \paperwidth=597.50787pt
* \paperheight=845.04684pt
* \textwidth=426.79135pt
* \textheight=674.33032pt
* \oddsidemargin=13.08827pt
* \evensidemargin=13.08827pt
* \topmargin=-8.91173pt
* \headheight=14.6pt
* \headsep=10.0pt
* \topskip=11.0pt
* \footskip=27.46295pt
* \marginparwidth=116.0pt
* \marginparsep=7.0pt
* \columnsep=10.0pt
* \skip\footins=10.0pt plus 4.0pt minus 2.0pt
* \hoffset=0.0pt
* \voffset=0.0pt
* \mag=1000
* \@twocolumnfalse
* \@twosidetrue
* \@mparswitchtrue
* \@reversemarginfalse
* (1in=72.27pt=25.4mm, 1cm=28.453pt)


(/nix/store/winn6cqadkc2kkldkz203kkmcz3crghy-texlive-2022-env-texmfdist/tex/con
text/base/mkii/supp-pdf.mkii
[Loading MPS to PDF converter (version 2006.09.02).]
\scratchcounter=\count357
\scratchdimen=\dimen296
\scratchbox=\box88
\nofMPsegments=\count358
\nofMParguments=\count359
\everyMPshowfont=\toks51
\MPscratchCnt=\count360
\MPscratchDim=\dimen297
\MPnumerator=\count361
\makeMPintoPDFobject=\count362
\everyMPtoPDFconversion=\toks52
)
(/nix/store/winn6cqadkc2kkldkz203kkmcz3crghy-texlive-2022-env-texmfdist/tex/lat
ex/epstopdf-pkg/epstopdf-base.sty
Package: epstopdf-base 2020-01-24 v2.11 Base part for package epstopdf
Package epstopdf-base Info: Redefining graphics rule for `.eps' on input line 4
85.

(/nix/store/winn6cqadkc2kkldkz203kkmcz3crghy-texlive-2022-env-texmfdist/tex/lat
ex/latexconfig/epstopdf-sys.cfg
File: epstopdf-sys.cfg 2010/07/13 v1.3 Configuration of (r)epstopdf for TeX Liv
e
))
LaTeX Info: Redefining \microtypecontext on input line 33.
Package microtype Info: Applying patch `item' on input line 33.
Package microtype Info: Applying patch `toc' on input line 33.
Package microtype Info: Applying patch `eqnum' on input line 33.
Package microtype Info: Applying patch `footnote' on input line 33.
Package microtype Info: Applying patch `verbatim' on input line 33.
Package microtype Info: Generating PDF output.
Package microtype Info: Character protrusion enabled (level 2).
Package microtype Info: Using default protrusion set `alltext'.
Package microtype Info: Automatic font expansion enabled (level 2),
(microtype)             stretch: 20, shrink: 20, step: 1, non-selected.
Package microtype Info: Using default expansion set `alltext-nott'.
LaTeX Info: Redefining \showhyphens on input line 33.
Package microtype Info: No adjustment of tracking.
Package microtype Info: No adjustment of interword spacing.
Package microtype Info: No adjustment of character kerning.

(/nix/store/winn6cqadkc2kkldkz203kkmcz3crghy-texlive-2022-env-texmfdist/tex/lat
ex/microtype/mt-ptm.cfg
File: mt-ptm.cfg 2006/04/20 v1.7 microtype config. file: Times (RS)
)
Package hyperref Info: Link coloring ON on input line 33.
\c@lstlisting=\count363
<Pictures//capa.png, id=7, 597.432pt x 845.0772pt>
File: Pictures//capa.png Graphic file (type png)
<use Pictures//capa.png>
Package pdftex.def Info: Pictures//capa.png  used on input line 46.
(pdftex.def)             Requested size: 597.50787pt x 845.25566pt.
LaTeX Font Info:    Trying to load font information for T1+pag on input line 47
.

(/nix/store/winn6cqadkc2kkldkz203kkmcz3crghy-texlive-2022-env-texmfdist/tex/lat
ex/psnfss/t1pag.fd
File: t1pag.fd 2001/06/04 font definitions for T1/pag.
)
LaTeX Font Info:    Font shape `T1/pag/b/n' in size <24.88> not available
(Font)              Font shape `T1/pag/db/n' tried instead on input line 47.
Package microtype Info: Loading generic protrusion settings for font family
(microtype)             `pag' (encoding: T1).
(microtype)             For optimal results, create family-specific settings.
(microtype)             See the microtype manual for details.
LaTeX Font Info:    Font shape `T1/pag/b/n' in size <14.4> not available
(Font)              Font shape `T1/pag/db/n' tried instead on input line 54.
LaTeX Font Info:    Font shape `T1/pag/b/n' in size <20.74> not available
(Font)              Font shape `T1/pag/db/n' tried instead on input line 54.
LaTeX Font Info:    Font shape `T1/pag/b/n' in size <10> not available
(Font)              Font shape `T1/pag/db/n' tried instead on input line 54.
LaTeX Font Info:    Trying to load font information for OT1+ztmcm on input line
 54.

(/nix/store/winn6cqadkc2kkldkz203kkmcz3crghy-texlive-2022-env-texmfdist/tex/lat
ex/psnfss/ot1ztmcm.fd
File: ot1ztmcm.fd 2000/01/03 Fontinst v1.801 font definitions for OT1/ztmcm.
)
Package microtype Info: Loading generic protrusion settings for font family
(microtype)             `ztmcm' (encoding: OT1).
(microtype)             For optimal results, create family-specific settings.
(microtype)             See the microtype manual for details.
LaTeX Font Info:    Trying to load font information for OML+ztmcm on input line
 54.

(/nix/store/winn6cqadkc2kkldkz203kkmcz3crghy-texlive-2022-env-texmfdist/tex/lat
ex/psnfss/omlztmcm.fd
File: omlztmcm.fd 2000/01/03 Fontinst v1.801 font definitions for OML/ztmcm.
)
LaTeX Font Info:    Trying to load font information for OMS+ztmcm on input line
 54.

(/nix/store/winn6cqadkc2kkldkz203kkmcz3crghy-texlive-2022-env-texmfdist/tex/lat
ex/psnfss/omsztmcm.fd
File: omsztmcm.fd 2000/01/03 Fontinst v1.801 font definitions for OMS/ztmcm.
)
LaTeX Font Info:    Trying to load font information for OMX+ztmcm on input line
 54.

(/nix/store/winn6cqadkc2kkldkz203kkmcz3crghy-texlive-2022-env-texmfdist/tex/lat
ex/psnfss/omxztmcm.fd
File: omxztmcm.fd 2000/01/03 Fontinst v1.801 font definitions for OMX/ztmcm.
)
LaTeX Font Info:    Trying to load font information for OT1+ptm on input line 5
4.

(/nix/store/winn6cqadkc2kkldkz203kkmcz3crghy-texlive-2022-env-texmfdist/tex/lat
ex/psnfss/ot1ptm.fd
File: ot1ptm.fd 2001/06/04 font definitions for OT1/ptm.
)
LaTeX Font Info:    Font shape `OT1/ptm/bx/n' in size <24.88> not available
(Font)              Font shape `OT1/ptm/b/n' tried instead on input line 54.
LaTeX Font Info:    Font shape `OT1/ptm/bx/n' in size <17.28> not available
(Font)              Font shape `OT1/ptm/b/n' tried instead on input line 54.
LaTeX Font Info:    Font shape `OT1/ptm/bx/n' in size <14.4> not available
(Font)              Font shape `OT1/ptm/b/n' tried instead on input line 54.

(/nix/store/winn6cqadkc2kkldkz203kkmcz3crghy-texlive-2022-env-texmfdist/tex/lat
ex/microtype/mt-msa.cfg
File: mt-msa.cfg 2006/02/04 v1.1 microtype config. file: AMS symbols (a) (RS)
)
(/nix/store/winn6cqadkc2kkldkz203kkmcz3crghy-texlive-2022-env-texmfdist/tex/lat
ex/microtype/mt-msb.cfg
File: mt-msb.cfg 2005/06/01 v1.0 microtype config. file: AMS symbols (b) (RS)
) [1

{/nix/store/lcp5n0bng90a2fm3z2gj7wp781w01iv5-texlive-2022-env/share/texmf-var/f
onts/map/pdftex/updmap/pdftex.map} <./Pictures//capa.png>] (./ficha.tex
LaTeX Font Info:    Font shape `T1/pag/b/n' in size <12> not available
(Font)              Font shape `T1/pag/db/n' tried instead on input line 16.
LaTeX Font Info:    Font shape `OT1/ptm/bx/n' in size <10.95> not available
(Font)              Font shape `OT1/ptm/b/n' tried instead on input line 20.
LaTeX Font Info:    Font shape `OT1/ptm/bx/n' in size <8> not available
(Font)              Font shape `OT1/ptm/b/n' tried instead on input line 20.
LaTeX Font Info:    Font shape `OT1/ptm/bx/n' in size <6> not available
(Font)              Font shape `OT1/ptm/b/n' tried instead on input line 20.
) [2]
LaTeX Font Info:    Trying to load font information for TS1+ptm on input line 7
2.

(/nix/store/winn6cqadkc2kkldkz203kkmcz3crghy-texlive-2022-env-texmfdist/tex/lat
ex/psnfss/ts1ptm.fd
File: ts1ptm.fd 2001/06/04 font definitions for TS1/ptm.
)
Underfull \hbox (badness 10000) in paragraph at lines 72--73

 []


Underfull \hbox (badness 10000) in paragraph at lines 74--75

 []


Underfull \hbox (badness 10000) in paragraph at lines 76--79

 []

[3] [4

]
<Pictures//sumario01.jpg, id=34, 569.12625pt x 313.17pt>
File: Pictures//sumario01.jpg Graphic file (type jpg)
<use Pictures//sumario01.jpg>
Package pdftex.def Info: Pictures//sumario01.jpg  used on input line 93.
(pdftex.def)             Requested size: 597.50787pt x 328.81908pt.
 (./Rust.toc
LaTeX Font Info:    Font shape `T1/pag/b/n' in size <10.95> not available
(Font)              Font shape `T1/pag/db/n' tried instead on input line 3.
 [5 <./Pictures//sumario01.jpg>])
\tf@toc=\write5
\openout5 = `Rust.toc'.

 [6] (./01introduc.tex
Cap\'{\i }tulo 1.
<Pictures//ScalaH.jpg, id=135, 289.08pt x 112.7412pt>
File: Pictures//ScalaH.jpg Graphic file (type jpg)
<use Pictures//ScalaH.jpg>
Package pdftex.def Info: Pictures//ScalaH.jpg  used on input line 8.
(pdftex.def)             Requested size: 597.50787pt x 233.04076pt.
[7


 <./Pictures//ScalaH.jpg>] [8]) (./02basicos.tex [9] [10

]
Cap\'{\i }tulo 2.
File: Pictures//ScalaH.jpg Graphic file (type jpg)
<use Pictures//ScalaH.jpg>
Package pdftex.def Info: Pictures//ScalaH.jpg  used on input line 9.
(pdftex.def)             Requested size: 597.50787pt x 233.04076pt.
LaTeX Font Info:    Trying to load font information for T1+cmtt on input line 3
3.

(/nix/store/winn6cqadkc2kkldkz203kkmcz3crghy-texlive-2022-env-texmfdist/tex/lat
ex/base/t1cmtt.fd
File: t1cmtt.fd 2022/07/10 v2.5l Standard LaTeX font definitions
)
LaTeX Font Info:    Font shape `T1/cmtt/bx/n' in size <10.95> not available
(Font)              Font shape `T1/cmtt/m/n' tried instead on input line 33.
Package microtype Info: Loading generic protrusion settings for font family
(microtype)             `cmtt' (encoding: T1).
(microtype)             For optimal results, create family-specific settings.
(microtype)             See the microtype manual for details.
 [11]) (./03Program.tex [12]
Cap\'{\i }tulo 3.
File: Pictures//ScalaH.jpg Graphic file (type jpg)
<use Pictures//ScalaH.jpg>
Package pdftex.def Info: Pictures//ScalaH.jpg  used on input line 9.
(pdftex.def)             Requested size: 597.50787pt x 233.04076pt.
) (./04aplic.tex [13

] [14

]
Cap\'{\i }tulo 4.
File: Pictures//ScalaH.jpg Graphic file (type jpg)
<use Pictures//ScalaH.jpg>
Package pdftex.def Info: Pictures//ScalaH.jpg  used on input line 9.
(pdftex.def)             Requested size: 597.50787pt x 233.04076pt.
[15]) (./05ferramentas.tex [16]
Cap\'{\i }tulo 5.
File: Pictures//ScalaH.jpg Graphic file (type jpg)
<use Pictures//ScalaH.jpg>
Package pdftex.def Info: Pictures//ScalaH.jpg  used on input line 10.
(pdftex.def)             Requested size: 597.50787pt x 233.04076pt.
) (./06conclusao.tex [17

] [18

]
Cap\'{\i }tulo 6.
File: Pictures//ScalaH.jpg Graphic file (type jpg)
<use Pictures//ScalaH.jpg>
Package pdftex.def Info: Pictures//ScalaH.jpg  used on input line 9.
(pdftex.def)             Requested size: 597.50787pt x 233.04076pt.

Underfull \hbox (badness 10000) in paragraph at lines 10--13

 []

<Pictures//livro2020.jpg, id=265, 542.025pt x 650.43pt>
File: Pictures//livro2020.jpg Graphic file (type jpg)
<use Pictures//livro2020.jpg>
Package pdftex.def Info: Pictures//livro2020.jpg  used on input line 19.
(pdftex.def)             Requested size: 199.16928pt x 238.9979pt.
<Pictures//livro2021.jpg, id=266, 382.42876pt x 500.87125pt>
File: Pictures//livro2021.jpg Graphic file (type jpg)
<use Pictures//livro2021.jpg>
Package pdftex.def Info: Pictures//livro2021.jpg  used on input line 20.
(pdftex.def)             Requested size: 199.16928pt x 260.85196pt.
) (./Rust.bbl (./Rust.brf)
\tf@brf=\write6
\openout6 = `Rust.brf'.

 [19 <./Pictures//livro2020.jpg> <./Pictures//livro2021.jpg>] [20

]
<Pictures//Bibliografia.png, id=277, 903.375pt x 352.31625pt>
File: Pictures//Bibliografia.png Graphic file (type png)
<use Pictures//Bibliografia.png>
Package pdftex.def Info: Pictures//Bibliografia.png  used on input line 1.
(pdftex.def)             Requested size: 597.50787pt x 233.04015pt.

Underfull \hbox (badness 1337) in paragraph at lines 9--9
[]\T1/ptm/m/n/10.95 (+20) Andrew Bins-tock.  The rise and fall of lan-gua-ges i
n 2013, 2014.  [][]$\T1/cmtt/m/n/10.95 https :
 []


Underfull \hbox (badness 10000) in paragraph at lines 9--9
\T1/cmtt/m/n/10.95 / / drdobbs . com / jvm / the-[]rise-[]and-[]fall-[]of-[]lan
guages-[]in-[]2013 / 240165192$[][]
 []

[21 <./Pictures//Bibliografia.png (PNG copy)>]) [22]
No file Rust.ind.
(./Rust.aux)

LaTeX Warning: Label(s) may have changed. Rerun to get cross-references right.

Package rerunfilecheck Info: File `Rust.brf' has not changed.
(rerunfilecheck)             Checksum: A8DF2C27A4B734689265FB56C9BF2F7D;669.
 ) 
Here is how much of TeX's memory you used:
 33575 strings out of 476024
 665576 string characters out of 5772051
 1875388 words of memory out of 5000000
 53007 multiletter control sequences out of 15000+600000
 599386 words of font info for 285 fonts, out of 8000000 for 9000
 1141 hyphenation exceptions out of 8191
 89i,12n,92p,997b,1849s stack positions out of 10000i,1000n,20000p,200000b,200000s

pdfTeX warning (dest): name{section*.4} has been referenced but does not exist,
 replaced by a fixed one

{/nix/store/winn6cqadkc2kkldkz203kkmcz3crghy-texlive-2022-env-texmfdist/fonts/e
nc/dvips/cm-super/cm-super-t1.enc}{/nix/store/winn6cqadkc2kkldkz203kkmcz3crghy-
texlive-2022-env-texmfdist/fonts/enc/dvips/base/8r.enc}</nix/store/winn6cqadkc2
kkldkz203kkmcz3crghy-texlive-2022-env-texmfdist/fonts/type1/public/amsfonts/cm/
cmsy10.pfb></nix/store/winn6cqadkc2kkldkz203kkmcz3crghy-texlive-2022-env-texmfd
ist/fonts/type1/public/cm-super/sftt1095.pfb></nix/store/winn6cqadkc2kkldkz203k
kmcz3crghy-texlive-2022-env-texmfdist/fonts/type1/urw/avantgar/uagd8a.pfb></nix
/store/winn6cqadkc2kkldkz203kkmcz3crghy-texlive-2022-env-texmfdist/fonts/type1/
urw/avantgar/uagk8a.pfb></nix/store/winn6cqadkc2kkldkz203kkmcz3crghy-texlive-20
22-env-texmfdist/fonts/type1/urw/times/utmb8a.pfb></nix/store/winn6cqadkc2kkldk
z203kkmcz3crghy-texlive-2022-env-texmfdist/fonts/type1/urw/times/utmr8a.pfb></n
ix/store/winn6cqadkc2kkldkz203kkmcz3crghy-texlive-2022-env-texmfdist/fonts/type
1/urw/times/utmri8a.pfb>
Output written on Rust.pdf (22 pages, 5025877 bytes).
PDF statistics:
 465 PDF objects out of 1000 (max. 8388607)
 386 compressed objects within 4 object streams
 118 named destinations out of 1000 (max. 500000)
 98091 words of extra memory for PDF output out of 106986 (max. 10000000)

