This is pdfTeX, Version 3.141592653-2.6-1.40.24 (TeX Live 2022/nixos.org) (preloaded format=pdflatex 1980.1.1)  13 MAR 2024 10:30
entering extended mode
 restricted \write18 enabled.
 file:line:error style messages enabled.
 %&-line parsing enabled.
**CA.tex
(./CA.tex
LaTeX2e <2022-11-01> patch level 1
L3 programming layer <2023-02-22> (/nix/store/hkaxbm8gpfmm2ci10vfml0v06xvj9wv5-texlive-combined-2022-texmfdist/tex/latex/extsizes/extarticle.cls
Document Class: extarticle 1996/10/08 v1.0 Non Standard LaTeX document class
(/nix/store/hkaxbm8gpfmm2ci10vfml0v06xvj9wv5-texlive-combined-2022-texmfdist/tex/latex/base/size10.clo
File: size10.clo 2022/07/02 v1.4n Standard LaTeX file (size option)
) (/nix/store/hkaxbm8gpfmm2ci10vfml0v06xvj9wv5-texlive-combined-2022-texmfdist/tex/latex/base/exscale.sty
Package: exscale 2018/09/24 v2.1i Standard LaTeX package exscale
LaTeX Font Info:    Redeclaring symbol font `largesymbols' on input line 57.
LaTeX Font Info:    Overwriting symbol font `largesymbols' in version `normal'
(Font)                  OMX/cmex/m/n --> OMX/cmex/m/n on input line 57.
LaTeX Font Info:    Overwriting symbol font `largesymbols' in version `bold'
(Font)                  OMX/cmex/m/n --> OMX/cmex/m/n on input line 57.
\big@size=\dimen140
)
\c@part=\count185
\c@section=\count186
\c@subsection=\count187
\c@subsubsection=\count188
\c@paragraph=\count189
\c@subparagraph=\count190
\c@figure=\count191
\c@table=\count192
\abovecaptionskip=\skip48
\belowcaptionskip=\skip49
\bibindent=\dimen141
) (/nix/store/hkaxbm8gpfmm2ci10vfml0v06xvj9wv5-texlive-combined-2022-texmfdist/tex/generic/babel/babel.sty
Package: babel 2023/02/13 3.86 The Babel package
\babel@savecnt=\count193
\U@D=\dimen142
\l@unhyphenated=\language87
 (/nix/store/hkaxbm8gpfmm2ci10vfml0v06xvj9wv5-texlive-combined-2022-texmfdist/tex/generic/babel/txtbabel.def)
\bbl@readstream=\read2
\bbl@dirlevel=\count194
 (/nix/store/hkaxbm8gpfmm2ci10vfml0v06xvj9wv5-texlive-combined-2022-texmfdist/tex/generic/babel-english/english.ldf
Language: english 2017/06/06 v3.3r English support from the babel system
Package babel Info: Hyphen rules for 'canadian' set to \l@english
(babel)             (\language0). Reported on input line 102.
Package babel Info: Hyphen rules for 'australian' set to \l@ukenglish
(babel)             (\language21). Reported on input line 105.
Package babel Info: Hyphen rules for 'newzealand' set to \l@ukenglish
(babel)             (\language21). Reported on input line 108.
)) (/nix/store/hkaxbm8gpfmm2ci10vfml0v06xvj9wv5-texlive-combined-2022-texmfdist/tex/generic/babel/locale/en/babel-english.tex
Package babel Info: Importing font and identification data for english
(babel)             from babel-en.ini. Reported on input line 11.
) (/nix/store/hkaxbm8gpfmm2ci10vfml0v06xvj9wv5-texlive-combined-2022-texmfdist/tex/latex/graphics/graphicx.sty
Package: graphicx 2021/09/16 v1.2d Enhanced LaTeX Graphics (DPC,SPQR)
 (/nix/store/hkaxbm8gpfmm2ci10vfml0v06xvj9wv5-texlive-combined-2022-texmfdist/tex/latex/graphics/keyval.sty
Package: keyval 2022/05/29 v1.15 key=value parser (DPC)
\KV@toks@=\toks16
) (/nix/store/hkaxbm8gpfmm2ci10vfml0v06xvj9wv5-texlive-combined-2022-texmfdist/tex/latex/graphics/graphics.sty
Package: graphics 2022/03/10 v1.4e Standard LaTeX Graphics (DPC,SPQR)
 (/nix/store/hkaxbm8gpfmm2ci10vfml0v06xvj9wv5-texlive-combined-2022-texmfdist/tex/latex/graphics/trig.sty
Package: trig 2021/08/11 v1.11 sin cos tan (DPC)
) (/nix/store/hkaxbm8gpfmm2ci10vfml0v06xvj9wv5-texlive-combined-2022-texmfdist/tex/latex/graphics-cfg/graphics.cfg
File: graphics.cfg 2016/06/04 v1.11 sample graphics configuration
)
Package graphics Info: Driver file: pdftex.def on input line 107.
 (/nix/store/hkaxbm8gpfmm2ci10vfml0v06xvj9wv5-texlive-combined-2022-texmfdist/tex/latex/graphics-def/pdftex.def
File: pdftex.def 2022/09/22 v1.2b Graphics/color driver for pdftex
))
\Gin@req@height=\dimen143
\Gin@req@width=\dimen144
) (/nix/store/hkaxbm8gpfmm2ci10vfml0v06xvj9wv5-texlive-combined-2022-texmfdist/tex/latex/framed/framed.sty
Package: framed 2011/10/22 v 0.96: framed or shaded text with page breaks
\OuterFrameSep=\skip50
\fb@frw=\dimen145
\fb@frh=\dimen146
\FrameRule=\dimen147
\FrameSep=\dimen148
) (/nix/store/hkaxbm8gpfmm2ci10vfml0v06xvj9wv5-texlive-combined-2022-texmfdist/tex/generic/ulem/ulem.sty
\UL@box=\box51
\UL@hyphenbox=\box52
\UL@skip=\skip51
\UL@hook=\toks17
\UL@height=\dimen149
\UL@pe=\count195
\UL@pixel=\dimen150
\ULC@box=\box53
Package: ulem 2019/11/18
\ULdepth=\dimen151
) (/nix/store/hkaxbm8gpfmm2ci10vfml0v06xvj9wv5-texlive-combined-2022-texmfdist/tex/latex/tools/indentfirst.sty
Package: indentfirst 1995/11/23 v1.03 Indent first paragraph (DPC)
) (/nix/store/hkaxbm8gpfmm2ci10vfml0v06xvj9wv5-texlive-combined-2022-texmfdist/tex/latex/amsmath/amsmath.sty
Package: amsmath 2022/04/08 v2.17n AMS math features
\@mathmargin=\skip52

For additional information on amsmath, use the `?' option.
(/nix/store/hkaxbm8gpfmm2ci10vfml0v06xvj9wv5-texlive-combined-2022-texmfdist/tex/latex/amsmath/amstext.sty
Package: amstext 2021/08/26 v2.01 AMS text
 (/nix/store/hkaxbm8gpfmm2ci10vfml0v06xvj9wv5-texlive-combined-2022-texmfdist/tex/latex/amsmath/amsgen.sty
File: amsgen.sty 1999/11/30 v2.0 generic functions
\@emptytoks=\toks18
\ex@=\dimen152
)) (/nix/store/hkaxbm8gpfmm2ci10vfml0v06xvj9wv5-texlive-combined-2022-texmfdist/tex/latex/amsmath/amsbsy.sty
Package: amsbsy 1999/11/29 v1.2d Bold Symbols
\pmbraise@=\dimen153
) (/nix/store/hkaxbm8gpfmm2ci10vfml0v06xvj9wv5-texlive-combined-2022-texmfdist/tex/latex/amsmath/amsopn.sty
Package: amsopn 2022/04/08 v2.04 operator names
)
\inf@bad=\count196
LaTeX Info: Redefining \frac on input line 234.
\uproot@=\count197
\leftroot@=\count198
LaTeX Info: Redefining \overline on input line 399.
LaTeX Info: Redefining \colon on input line 410.
\classnum@=\count199
\DOTSCASE@=\count266
LaTeX Info: Redefining \ldots on input line 496.
LaTeX Info: Redefining \dots on input line 499.
LaTeX Info: Redefining \cdots on input line 620.
\Mathstrutbox@=\box54
\strutbox@=\box55
LaTeX Info: Redefining \big on input line 722.
LaTeX Info: Redefining \Big on input line 723.
LaTeX Info: Redefining \bigg on input line 724.
LaTeX Info: Redefining \Bigg on input line 725.
\big@size=\dimen154
LaTeX Font Info:    Redeclaring font encoding OML on input line 743.
LaTeX Font Info:    Redeclaring font encoding OMS on input line 744.
\macc@depth=\count267
LaTeX Info: Redefining \bmod on input line 905.
LaTeX Info: Redefining \pmod on input line 910.
LaTeX Info: Redefining \smash on input line 940.
LaTeX Info: Redefining \relbar on input line 970.
LaTeX Info: Redefining \Relbar on input line 971.
\c@MaxMatrixCols=\count268
\dotsspace@=\muskip16
\c@parentequation=\count269
\dspbrk@lvl=\count270
\tag@help=\toks19
\row@=\count271
\column@=\count272
\maxfields@=\count273
\andhelp@=\toks20
\eqnshift@=\dimen155
\alignsep@=\dimen156
\tagshift@=\dimen157
\tagwidth@=\dimen158
\totwidth@=\dimen159
\lineht@=\dimen160
\@envbody=\toks21
\multlinegap=\skip53
\multlinetaggap=\skip54
\mathdisplay@stack=\toks22
LaTeX Info: Redefining \[ on input line 2953.
LaTeX Info: Redefining \] on input line 2954.
) (/nix/store/hkaxbm8gpfmm2ci10vfml0v06xvj9wv5-texlive-combined-2022-texmfdist/tex/latex/amscls/amsthm.sty
Package: amsthm 2020/05/29 v2.20.6
\thm@style=\toks23
\thm@bodyfont=\toks24
\thm@headfont=\toks25
\thm@notefont=\toks26
\thm@headpunct=\toks27
\thm@preskip=\skip55
\thm@postskip=\skip56
\thm@headsep=\skip57
\dth@everypar=\toks28
) (/nix/store/hkaxbm8gpfmm2ci10vfml0v06xvj9wv5-texlive-combined-2022-texmfdist/tex/latex/amsfonts/amssymb.sty
Package: amssymb 2013/01/14 v3.01 AMS font symbols
 (/nix/store/hkaxbm8gpfmm2ci10vfml0v06xvj9wv5-texlive-combined-2022-texmfdist/tex/latex/amsfonts/amsfonts.sty
Package: amsfonts 2013/01/14 v3.01 Basic AMSFonts support
\symAMSa=\mathgroup4
\symAMSb=\mathgroup5
LaTeX Font Info:    Redeclaring math symbol \hbar on input line 98.
LaTeX Font Info:    Overwriting math alphabet `\mathfrak' in version `bold'
(Font)                  U/euf/m/n --> U/euf/b/n on input line 106.
)) (/nix/store/hkaxbm8gpfmm2ci10vfml0v06xvj9wv5-texlive-combined-2022-texmfdist/tex/latex/physics/physics.sty
Package: physics 
 (/nix/store/hkaxbm8gpfmm2ci10vfml0v06xvj9wv5-texlive-combined-2022-texmfdist/tex/latex/l3packages/xparse/xparse.sty (/nix/store/hkaxbm8gpfmm2ci10vfml0v06xvj9wv5-texlive-combined-2022-texmfdist/tex/latex/l3kernel/expl3.sty
Package: expl3 2023-02-22 L3 programming layer (loader) 
 (/nix/store/hkaxbm8gpfmm2ci10vfml0v06xvj9wv5-texlive-combined-2022-texmfdist/tex/latex/l3backend/l3backend-pdftex.def
File: l3backend-pdftex.def 2023-01-16 L3 backend support: PDF output (pdfTeX)
\l__color_backend_stack_int=\count274
\l__pdf_internal_box=\box56
))
Package: xparse 2023-02-02 L3 Experimental document command parser
)) (/nix/store/hkaxbm8gpfmm2ci10vfml0v06xvj9wv5-texlive-combined-2022-texmfdist/tex/latex/base/fontenc.sty
Package: fontenc 2021/04/29 v2.0v Standard LaTeX package
) (/nix/store/hkaxbm8gpfmm2ci10vfml0v06xvj9wv5-texlive-combined-2022-texmfdist/tex/latex/wrapfig/wrapfig.sty
\wrapoverhang=\dimen161
\WF@size=\dimen162
\c@WF@wrappedlines=\count275
\WF@box=\box57
\WF@everypar=\toks29
Package: wrapfig 2003/01/31  v 3.6
) (/nix/store/hkaxbm8gpfmm2ci10vfml0v06xvj9wv5-texlive-combined-2022-texmfdist/tex/latex/lm/lmodern.sty
Package: lmodern 2015/05/01 v1.6.1 Latin Modern Fonts
LaTeX Font Info:    Overwriting symbol font `operators' in version `normal'
(Font)                  OT1/cmr/m/n --> OT1/lmr/m/n on input line 22.
LaTeX Font Info:    Overwriting symbol font `letters' in version `normal'
(Font)                  OML/cmm/m/it --> OML/lmm/m/it on input line 23.
LaTeX Font Info:    Overwriting symbol font `symbols' in version `normal'
(Font)                  OMS/cmsy/m/n --> OMS/lmsy/m/n on input line 24.
LaTeX Font Info:    Overwriting symbol font `largesymbols' in version `normal'
(Font)                  OMX/cmex/m/n --> OMX/lmex/m/n on input line 25.
LaTeX Font Info:    Overwriting symbol font `operators' in version `bold'
(Font)                  OT1/cmr/bx/n --> OT1/lmr/bx/n on input line 26.
LaTeX Font Info:    Overwriting symbol font `letters' in version `bold'
(Font)                  OML/cmm/b/it --> OML/lmm/b/it on input line 27.
LaTeX Font Info:    Overwriting symbol font `symbols' in version `bold'
(Font)                  OMS/cmsy/b/n --> OMS/lmsy/b/n on input line 28.
LaTeX Font Info:    Overwriting symbol font `largesymbols' in version `bold'
(Font)                  OMX/cmex/m/n --> OMX/lmex/m/n on input line 29.
LaTeX Font Info:    Overwriting math alphabet `\mathbf' in version `normal'
(Font)                  OT1/cmr/bx/n --> OT1/lmr/bx/n on input line 31.
LaTeX Font Info:    Overwriting math alphabet `\mathsf' in version `normal'
(Font)                  OT1/cmss/m/n --> OT1/lmss/m/n on input line 32.
LaTeX Font Info:    Overwriting math alphabet `\mathit' in version `normal'
(Font)                  OT1/cmr/m/it --> OT1/lmr/m/it on input line 33.
LaTeX Font Info:    Overwriting math alphabet `\mathtt' in version `normal'
(Font)                  OT1/cmtt/m/n --> OT1/lmtt/m/n on input line 34.
LaTeX Font Info:    Overwriting math alphabet `\mathbf' in version `bold'
(Font)                  OT1/cmr/bx/n --> OT1/lmr/bx/n on input line 35.
LaTeX Font Info:    Overwriting math alphabet `\mathsf' in version `bold'
(Font)                  OT1/cmss/bx/n --> OT1/lmss/bx/n on input line 36.
LaTeX Font Info:    Overwriting math alphabet `\mathit' in version `bold'
(Font)                  OT1/cmr/bx/it --> OT1/lmr/bx/it on input line 37.
LaTeX Font Info:    Overwriting math alphabet `\mathtt' in version `bold'
(Font)                  OT1/cmtt/m/n --> OT1/lmtt/m/n on input line 38.
) (/nix/store/hkaxbm8gpfmm2ci10vfml0v06xvj9wv5-texlive-combined-2022-texmfdist/tex/latex/jknapltx/mathrsfs.sty
Package: mathrsfs 1996/01/01 Math RSFS package v1.0 (jk)
\symrsfs=\mathgroup6
) (/nix/store/hkaxbm8gpfmm2ci10vfml0v06xvj9wv5-texlive-combined-2022-texmfdist/tex/latex/enumitem/enumitem.sty
Package: enumitem 2019/06/20 v3.9 Customized lists
\labelindent=\skip58
\enit@outerparindent=\dimen163
\enit@toks=\toks30
\enit@inbox=\box58
\enit@count@id=\count276
\enitdp@description=\count277
) (/nix/store/hkaxbm8gpfmm2ci10vfml0v06xvj9wv5-texlive-combined-2022-texmfdist/tex/latex/xcolor/xcolor.sty
Package: xcolor 2022/06/12 v2.14 LaTeX color extensions (UK)
 (/nix/store/hkaxbm8gpfmm2ci10vfml0v06xvj9wv5-texlive-combined-2022-texmfdist/tex/latex/graphics-cfg/color.cfg
File: color.cfg 2016/01/02 v1.6 sample color configuration
)
Package xcolor Info: Driver file: pdftex.def on input line 227.

(/nix/store/hkaxbm8gpfmm2ci10vfml0v06xvj9wv5-texlive-combined-2022-texmfdist/tex/latex/graphics/mathcolor.ltx)
Package xcolor Info: Model `cmy' substituted by `cmy0' on input line 1353.
Package xcolor Info: Model `hsb' substituted by `rgb' on input line 1357.
Package xcolor Info: Model `RGB' extended on input line 1369.
Package xcolor Info: Model `HTML' substituted by `rgb' on input line 1371.
Package xcolor Info: Model `Hsb' substituted by `hsb' on input line 1372.
Package xcolor Info: Model `tHsb' substituted by `hsb' on input line 1373.
Package xcolor Info: Model `HSB' substituted by `hsb' on input line 1374.
Package xcolor Info: Model `Gray' substituted by `gray' on input line 1375.
Package xcolor Info: Model `wave' substituted by `hsb' on input line 1376.
 (/nix/store/hkaxbm8gpfmm2ci10vfml0v06xvj9wv5-texlive-combined-2022-texmfdist/tex/latex/graphics/dvipsnam.def
File: dvipsnam.def 2016/06/17 v3.0m Driver-dependent file (DPC,SPQR)
)) (/nix/store/hkaxbm8gpfmm2ci10vfml0v06xvj9wv5-texlive-combined-2022-texmfdist/tex/latex/base/inputenc.sty
Package: inputenc 2021/02/14 v1.3d Input encoding file
\inpenc@prehook=\toks31
\inpenc@posthook=\toks32
) (/nix/store/hkaxbm8gpfmm2ci10vfml0v06xvj9wv5-texlive-combined-2022-texmfdist/tex/latex/geometry/geometry.sty
Package: geometry 2020/01/02 v5.9 Page Geometry
 (/nix/store/hkaxbm8gpfmm2ci10vfml0v06xvj9wv5-texlive-combined-2022-texmfdist/tex/generic/iftex/ifvtex.sty
Package: ifvtex 2019/10/25 v1.7 ifvtex legacy package. Use iftex instead.
 (/nix/store/hkaxbm8gpfmm2ci10vfml0v06xvj9wv5-texlive-combined-2022-texmfdist/tex/generic/iftex/iftex.sty
Package: iftex 2022/02/03 v1.0f TeX engine tests
))
\Gm@cnth=\count278
\Gm@cntv=\count279
\c@Gm@tempcnt=\count280
\Gm@bindingoffset=\dimen164
\Gm@wd@mp=\dimen165
\Gm@odd@mp=\dimen166
\Gm@even@mp=\dimen167
\Gm@layoutwidth=\dimen168
\Gm@layoutheight=\dimen169
\Gm@layouthoffset=\dimen170
\Gm@layoutvoffset=\dimen171
\Gm@dimlist=\toks33
) (/nix/store/hkaxbm8gpfmm2ci10vfml0v06xvj9wv5-texlive-combined-2022-texmfdist/tex/latex/tcolorbox/tcolorbox.sty
Package: tcolorbox 2023/02/12 version 6.0.1 text color boxes
 (/nix/store/hkaxbm8gpfmm2ci10vfml0v06xvj9wv5-texlive-combined-2022-texmfdist/tex/latex/pgf/basiclayer/pgf.sty (/nix/store/hkaxbm8gpfmm2ci10vfml0v06xvj9wv5-texlive-combined-2022-texmfdist/tex/latex/pgf/utilities/pgfrcs.sty (/nix/store/hkaxbm8gpfmm2ci10vfml0v06xvj9wv5-texlive-combined-2022-texmfdist/tex/generic/pgf/utilities/pgfutil-common.tex
\pgfutil@everybye=\toks34
\pgfutil@tempdima=\dimen172
\pgfutil@tempdimb=\dimen173
) (/nix/store/hkaxbm8gpfmm2ci10vfml0v06xvj9wv5-texlive-combined-2022-texmfdist/tex/generic/pgf/utilities/pgfutil-latex.def
\pgfutil@abb=\box59
) (/nix/store/hkaxbm8gpfmm2ci10vfml0v06xvj9wv5-texlive-combined-2022-texmfdist/tex/generic/pgf/utilities/pgfrcs.code.tex (/nix/store/hkaxbm8gpfmm2ci10vfml0v06xvj9wv5-texlive-combined-2022-texmfdist/tex/generic/pgf/pgf.revision.tex)
Package: pgfrcs 2023-01-15 v3.1.10 (3.1.10)
))
Package: pgf 2023-01-15 v3.1.10 (3.1.10)
 (/nix/store/hkaxbm8gpfmm2ci10vfml0v06xvj9wv5-texlive-combined-2022-texmfdist/tex/latex/pgf/basiclayer/pgfcore.sty (/nix/store/hkaxbm8gpfmm2ci10vfml0v06xvj9wv5-texlive-combined-2022-texmfdist/tex/latex/pgf/systemlayer/pgfsys.sty (/nix/store/hkaxbm8gpfmm2ci10vfml0v06xvj9wv5-texlive-combined-2022-texmfdist/tex/generic/pgf/systemlayer/pgfsys.code.tex
Package: pgfsys 2023-01-15 v3.1.10 (3.1.10)
 (/nix/store/hkaxbm8gpfmm2ci10vfml0v06xvj9wv5-texlive-combined-2022-texmfdist/tex/generic/pgf/utilities/pgfkeys.code.tex
\pgfkeys@pathtoks=\toks35
\pgfkeys@temptoks=\toks36

(/nix/store/hkaxbm8gpfmm2ci10vfml0v06xvj9wv5-texlive-combined-2022-texmfdist/tex/generic/pgf/utilities/pgfkeyslibraryfiltered.code.tex
\pgfkeys@tmptoks=\toks37
))
\pgf@x=\dimen174
\pgf@y=\dimen175
\pgf@xa=\dimen176
\pgf@ya=\dimen177
\pgf@xb=\dimen178
\pgf@yb=\dimen179
\pgf@xc=\dimen180
\pgf@yc=\dimen181
\pgf@xd=\dimen182
\pgf@yd=\dimen183
\w@pgf@writea=\write3
\r@pgf@reada=\read3
\c@pgf@counta=\count281
\c@pgf@countb=\count282
\c@pgf@countc=\count283
\c@pgf@countd=\count284
\t@pgf@toka=\toks38
\t@pgf@tokb=\toks39
\t@pgf@tokc=\toks40
\pgf@sys@id@count=\count285
 (/nix/store/hkaxbm8gpfmm2ci10vfml0v06xvj9wv5-texlive-combined-2022-texmfdist/tex/generic/pgf/systemlayer/pgf.cfg
File: pgf.cfg 2023-01-15 v3.1.10 (3.1.10)
)
Driver file for pgf: pgfsys-pdftex.def
 (/nix/store/hkaxbm8gpfmm2ci10vfml0v06xvj9wv5-texlive-combined-2022-texmfdist/tex/generic/pgf/systemlayer/pgfsys-pdftex.def
File: pgfsys-pdftex.def 2023-01-15 v3.1.10 (3.1.10)
 (/nix/store/hkaxbm8gpfmm2ci10vfml0v06xvj9wv5-texlive-combined-2022-texmfdist/tex/generic/pgf/systemlayer/pgfsys-common-pdf.def
File: pgfsys-common-pdf.def 2023-01-15 v3.1.10 (3.1.10)
))) (/nix/store/hkaxbm8gpfmm2ci10vfml0v06xvj9wv5-texlive-combined-2022-texmfdist/tex/generic/pgf/systemlayer/pgfsyssoftpath.code.tex
File: pgfsyssoftpath.code.tex 2023-01-15 v3.1.10 (3.1.10)
\pgfsyssoftpath@smallbuffer@items=\count286
\pgfsyssoftpath@bigbuffer@items=\count287
) (/nix/store/hkaxbm8gpfmm2ci10vfml0v06xvj9wv5-texlive-combined-2022-texmfdist/tex/generic/pgf/systemlayer/pgfsysprotocol.code.tex
File: pgfsysprotocol.code.tex 2023-01-15 v3.1.10 (3.1.10)
)) (/nix/store/hkaxbm8gpfmm2ci10vfml0v06xvj9wv5-texlive-combined-2022-texmfdist/tex/generic/pgf/basiclayer/pgfcore.code.tex
Package: pgfcore 2023-01-15 v3.1.10 (3.1.10)
 (/nix/store/hkaxbm8gpfmm2ci10vfml0v06xvj9wv5-texlive-combined-2022-texmfdist/tex/generic/pgf/math/pgfmath.code.tex (/nix/store/hkaxbm8gpfmm2ci10vfml0v06xvj9wv5-texlive-combined-2022-texmfdist/tex/generic/pgf/math/pgfmathutil.code.tex) (/nix/store/hkaxbm8gpfmm2ci10vfml0v06xvj9wv5-texlive-combined-2022-texmfdist/tex/generic/pgf/math/pgfmathparser.code.tex
\pgfmath@dimen=\dimen184
\pgfmath@count=\count288
\pgfmath@box=\box60
\pgfmath@toks=\toks41
\pgfmath@stack@operand=\toks42
\pgfmath@stack@operation=\toks43
) (/nix/store/hkaxbm8gpfmm2ci10vfml0v06xvj9wv5-texlive-combined-2022-texmfdist/tex/generic/pgf/math/pgfmathfunctions.code.tex) (/nix/store/hkaxbm8gpfmm2ci10vfml0v06xvj9wv5-texlive-combined-2022-texmfdist/tex/generic/pgf/math/pgfmathfunctions.basic.code.tex) (/nix/store/hkaxbm8gpfmm2ci10vfml0v06xvj9wv5-texlive-combined-2022-texmfdist/tex/generic/pgf/math/pgfmathfunctions.trigonometric.code.tex) (/nix/store/hkaxbm8gpfmm2ci10vfml0v06xvj9wv5-texlive-combined-2022-texmfdist/tex/generic/pgf/math/pgfmathfunctions.random.code.tex) (/nix/store/hkaxbm8gpfmm2ci10vfml0v06xvj9wv5-texlive-combined-2022-texmfdist/tex/generic/pgf/math/pgfmathfunctions.comparison.code.tex)
(/nix/store/hkaxbm8gpfmm2ci10vfml0v06xvj9wv5-texlive-combined-2022-texmfdist/tex/generic/pgf/math/pgfmathfunctions.base.code.tex) (/nix/store/hkaxbm8gpfmm2ci10vfml0v06xvj9wv5-texlive-combined-2022-texmfdist/tex/generic/pgf/math/pgfmathfunctions.round.code.tex) (/nix/store/hkaxbm8gpfmm2ci10vfml0v06xvj9wv5-texlive-combined-2022-texmfdist/tex/generic/pgf/math/pgfmathfunctions.misc.code.tex) (/nix/store/hkaxbm8gpfmm2ci10vfml0v06xvj9wv5-texlive-combined-2022-texmfdist/tex/generic/pgf/math/pgfmathfunctions.integerarithmetics.code.tex) (/nix/store/hkaxbm8gpfmm2ci10vfml0v06xvj9wv5-texlive-combined-2022-texmfdist/tex/generic/pgf/math/pgfmathcalc.code.tex) (/nix/store/hkaxbm8gpfmm2ci10vfml0v06xvj9wv5-texlive-combined-2022-texmfdist/tex/generic/pgf/math/pgfmathfloat.code.tex
\c@pgfmathroundto@lastzeros=\count289
)) (/nix/store/hkaxbm8gpfmm2ci10vfml0v06xvj9wv5-texlive-combined-2022-texmfdist/tex/generic/pgf/math/pgfint.code.tex) (/nix/store/hkaxbm8gpfmm2ci10vfml0v06xvj9wv5-texlive-combined-2022-texmfdist/tex/generic/pgf/basiclayer/pgfcorepoints.code.tex
File: pgfcorepoints.code.tex 2023-01-15 v3.1.10 (3.1.10)
\pgf@picminx=\dimen185
\pgf@picmaxx=\dimen186
\pgf@picminy=\dimen187
\pgf@picmaxy=\dimen188
\pgf@pathminx=\dimen189
\pgf@pathmaxx=\dimen190
\pgf@pathminy=\dimen191
\pgf@pathmaxy=\dimen192
\pgf@xx=\dimen193
\pgf@xy=\dimen194
\pgf@yx=\dimen195
\pgf@yy=\dimen196
\pgf@zx=\dimen197
\pgf@zy=\dimen198
) (/nix/store/hkaxbm8gpfmm2ci10vfml0v06xvj9wv5-texlive-combined-2022-texmfdist/tex/generic/pgf/basiclayer/pgfcorepathconstruct.code.tex
File: pgfcorepathconstruct.code.tex 2023-01-15 v3.1.10 (3.1.10)
\pgf@path@lastx=\dimen199
\pgf@path@lasty=\dimen256
) (/nix/store/hkaxbm8gpfmm2ci10vfml0v06xvj9wv5-texlive-combined-2022-texmfdist/tex/generic/pgf/basiclayer/pgfcorepathusage.code.tex
File: pgfcorepathusage.code.tex 2023-01-15 v3.1.10 (3.1.10)
\pgf@shorten@end@additional=\dimen257
\pgf@shorten@start@additional=\dimen258
) (/nix/store/hkaxbm8gpfmm2ci10vfml0v06xvj9wv5-texlive-combined-2022-texmfdist/tex/generic/pgf/basiclayer/pgfcorescopes.code.tex
File: pgfcorescopes.code.tex 2023-01-15 v3.1.10 (3.1.10)
\pgfpic=\box61
\pgf@hbox=\box62
\pgf@layerbox@main=\box63
\pgf@picture@serial@count=\count290
) (/nix/store/hkaxbm8gpfmm2ci10vfml0v06xvj9wv5-texlive-combined-2022-texmfdist/tex/generic/pgf/basiclayer/pgfcoregraphicstate.code.tex
File: pgfcoregraphicstate.code.tex 2023-01-15 v3.1.10 (3.1.10)
\pgflinewidth=\dimen259
) (/nix/store/hkaxbm8gpfmm2ci10vfml0v06xvj9wv5-texlive-combined-2022-texmfdist/tex/generic/pgf/basiclayer/pgfcoretransformations.code.tex
File: pgfcoretransformations.code.tex 2023-01-15 v3.1.10 (3.1.10)
\pgf@pt@x=\dimen260
\pgf@pt@y=\dimen261
\pgf@pt@temp=\dimen262
) (/nix/store/hkaxbm8gpfmm2ci10vfml0v06xvj9wv5-texlive-combined-2022-texmfdist/tex/generic/pgf/basiclayer/pgfcorequick.code.tex
File: pgfcorequick.code.tex 2023-01-15 v3.1.10 (3.1.10)
) (/nix/store/hkaxbm8gpfmm2ci10vfml0v06xvj9wv5-texlive-combined-2022-texmfdist/tex/generic/pgf/basiclayer/pgfcoreobjects.code.tex
File: pgfcoreobjects.code.tex 2023-01-15 v3.1.10 (3.1.10)
)
(/nix/store/hkaxbm8gpfmm2ci10vfml0v06xvj9wv5-texlive-combined-2022-texmfdist/tex/generic/pgf/basiclayer/pgfcorepathprocessing.code.tex
File: pgfcorepathprocessing.code.tex 2023-01-15 v3.1.10 (3.1.10)
) (/nix/store/hkaxbm8gpfmm2ci10vfml0v06xvj9wv5-texlive-combined-2022-texmfdist/tex/generic/pgf/basiclayer/pgfcorearrows.code.tex
File: pgfcorearrows.code.tex 2023-01-15 v3.1.10 (3.1.10)
\pgfarrowsep=\dimen263
) (/nix/store/hkaxbm8gpfmm2ci10vfml0v06xvj9wv5-texlive-combined-2022-texmfdist/tex/generic/pgf/basiclayer/pgfcoreshade.code.tex
File: pgfcoreshade.code.tex 2023-01-15 v3.1.10 (3.1.10)
\pgf@max=\dimen264
\pgf@sys@shading@range@num=\count291
\pgf@shadingcount=\count292
) (/nix/store/hkaxbm8gpfmm2ci10vfml0v06xvj9wv5-texlive-combined-2022-texmfdist/tex/generic/pgf/basiclayer/pgfcoreimage.code.tex
File: pgfcoreimage.code.tex 2023-01-15 v3.1.10 (3.1.10)
) (/nix/store/hkaxbm8gpfmm2ci10vfml0v06xvj9wv5-texlive-combined-2022-texmfdist/tex/generic/pgf/basiclayer/pgfcoreexternal.code.tex
File: pgfcoreexternal.code.tex 2023-01-15 v3.1.10 (3.1.10)
\pgfexternal@startupbox=\box64
) (/nix/store/hkaxbm8gpfmm2ci10vfml0v06xvj9wv5-texlive-combined-2022-texmfdist/tex/generic/pgf/basiclayer/pgfcorelayers.code.tex
File: pgfcorelayers.code.tex 2023-01-15 v3.1.10 (3.1.10)
) (/nix/store/hkaxbm8gpfmm2ci10vfml0v06xvj9wv5-texlive-combined-2022-texmfdist/tex/generic/pgf/basiclayer/pgfcoretransparency.code.tex
File: pgfcoretransparency.code.tex 2023-01-15 v3.1.10 (3.1.10)
) (/nix/store/hkaxbm8gpfmm2ci10vfml0v06xvj9wv5-texlive-combined-2022-texmfdist/tex/generic/pgf/basiclayer/pgfcorepatterns.code.tex
File: pgfcorepatterns.code.tex 2023-01-15 v3.1.10 (3.1.10)
) (/nix/store/hkaxbm8gpfmm2ci10vfml0v06xvj9wv5-texlive-combined-2022-texmfdist/tex/generic/pgf/basiclayer/pgfcorerdf.code.tex
File: pgfcorerdf.code.tex 2023-01-15 v3.1.10 (3.1.10)
))) (/nix/store/hkaxbm8gpfmm2ci10vfml0v06xvj9wv5-texlive-combined-2022-texmfdist/tex/generic/pgf/modules/pgfmoduleshapes.code.tex
File: pgfmoduleshapes.code.tex 2023-01-15 v3.1.10 (3.1.10)
\pgfnodeparttextbox=\box65
) (/nix/store/hkaxbm8gpfmm2ci10vfml0v06xvj9wv5-texlive-combined-2022-texmfdist/tex/generic/pgf/modules/pgfmoduleplot.code.tex
File: pgfmoduleplot.code.tex 2023-01-15 v3.1.10 (3.1.10)
) (/nix/store/hkaxbm8gpfmm2ci10vfml0v06xvj9wv5-texlive-combined-2022-texmfdist/tex/latex/pgf/compatibility/pgfcomp-version-0-65.sty
Package: pgfcomp-version-0-65 2023-01-15 v3.1.10 (3.1.10)
\pgf@nodesepstart=\dimen265
\pgf@nodesepend=\dimen266
) (/nix/store/hkaxbm8gpfmm2ci10vfml0v06xvj9wv5-texlive-combined-2022-texmfdist/tex/latex/pgf/compatibility/pgfcomp-version-1-18.sty
Package: pgfcomp-version-1-18 2023-01-15 v3.1.10 (3.1.10)
)) (/nix/store/hkaxbm8gpfmm2ci10vfml0v06xvj9wv5-texlive-combined-2022-texmfdist/tex/latex/tools/verbatim.sty
Package: verbatim 2022-07-02 v1.5u LaTeX2e package for verbatim enhancements
\every@verbatim=\toks44
\verbatim@line=\toks45
\verbatim@in@stream=\read4
) (/nix/store/hkaxbm8gpfmm2ci10vfml0v06xvj9wv5-texlive-combined-2022-texmfdist/tex/latex/environ/environ.sty
Package: environ 2014/05/04 v0.3 A new way to define environments

(/nix/store/hkaxbm8gpfmm2ci10vfml0v06xvj9wv5-texlive-combined-2022-texmfdist/tex/latex/trimspaces/trimspaces.sty
Package: trimspaces 2009/09/17 v1.1 Trim spaces around a token list
)) (/nix/store/hkaxbm8gpfmm2ci10vfml0v06xvj9wv5-texlive-combined-2022-texmfdist/tex/latex/etoolbox/etoolbox.sty
Package: etoolbox 2020/10/05 v2.5k e-TeX tools for LaTeX (JAW)
\etb@tempcnta=\count293
)
\tcb@titlebox=\box66
\tcb@upperbox=\box67
\tcb@lowerbox=\box68
\tcb@phantombox=\box69
\c@tcbbreakpart=\count294
\c@tcblayer=\count295
\c@tcolorbox@number=\count296
\tcb@temp=\box70
\tcb@temp=\box71
\tcb@temp=\box72
\tcb@temp=\box73
 (/nix/store/hkaxbm8gpfmm2ci10vfml0v06xvj9wv5-texlive-combined-2022-texmfdist/tex/latex/tcolorbox/tcbraster.code.tex
Library (tcolorbox): 'tcbraster.code.tex' version '6.0.1'
\c@tcbrastercolumn=\count297
\c@tcbrasterrow=\count298
\c@tcbrasternum=\count299
\c@tcbraster=\count300
) (/nix/store/hkaxbm8gpfmm2ci10vfml0v06xvj9wv5-texlive-combined-2022-texmfdist/tex/latex/tcolorbox/tcbskins.code.tex
Library (tcolorbox): 'tcbskins.code.tex' version '6.0.1'
(/nix/store/hkaxbm8gpfmm2ci10vfml0v06xvj9wv5-texlive-combined-2022-texmfdist/tex/latex/pgf/frontendlayer/tikz.sty (/nix/store/hkaxbm8gpfmm2ci10vfml0v06xvj9wv5-texlive-combined-2022-texmfdist/tex/latex/pgf/utilities/pgffor.sty (/nix/store/hkaxbm8gpfmm2ci10vfml0v06xvj9wv5-texlive-combined-2022-texmfdist/tex/latex/pgf/utilities/pgfkeys.sty (/nix/store/hkaxbm8gpfmm2ci10vfml0v06xvj9wv5-texlive-combined-2022-texmfdist/tex/generic/pgf/utilities/pgfkeys.code.tex)) (/nix/store/hkaxbm8gpfmm2ci10vfml0v06xvj9wv5-texlive-combined-2022-texmfdist/tex/latex/pgf/math/pgfmath.sty (/nix/store/hkaxbm8gpfmm2ci10vfml0v06xvj9wv5-texlive-combined-2022-texmfdist/tex/generic/pgf/math/pgfmath.code.tex)) (/nix/store/hkaxbm8gpfmm2ci10vfml0v06xvj9wv5-texlive-combined-2022-texmfdist/tex/generic/pgf/utilities/pgffor.code.tex
Package: pgffor 2023-01-15 v3.1.10 (3.1.10)
\pgffor@iter=\dimen267
\pgffor@skip=\dimen268
\pgffor@stack=\toks46
\pgffor@toks=\toks47
)) (/nix/store/hkaxbm8gpfmm2ci10vfml0v06xvj9wv5-texlive-combined-2022-texmfdist/tex/generic/pgf/frontendlayer/tikz/tikz.code.tex
Package: tikz 2023-01-15 v3.1.10 (3.1.10)
 (/nix/store/hkaxbm8gpfmm2ci10vfml0v06xvj9wv5-texlive-combined-2022-texmfdist/tex/generic/pgf/libraries/pgflibraryplothandlers.code.tex
File: pgflibraryplothandlers.code.tex 2023-01-15 v3.1.10 (3.1.10)
\pgf@plot@mark@count=\count301
\pgfplotmarksize=\dimen269
)
\tikz@lastx=\dimen270
\tikz@lasty=\dimen271
\tikz@lastxsaved=\dimen272
\tikz@lastysaved=\dimen273
\tikz@lastmovetox=\dimen274
\tikz@lastmovetoy=\dimen275
\tikzleveldistance=\dimen276
\tikzsiblingdistance=\dimen277
\tikz@figbox=\box74
\tikz@figbox@bg=\box75
\tikz@tempbox=\box76
\tikz@tempbox@bg=\box77
\tikztreelevel=\count302
\tikznumberofchildren=\count303
\tikznumberofcurrentchild=\count304
\tikz@fig@count=\count305
 (/nix/store/hkaxbm8gpfmm2ci10vfml0v06xvj9wv5-texlive-combined-2022-texmfdist/tex/generic/pgf/modules/pgfmodulematrix.code.tex
File: pgfmodulematrix.code.tex 2023-01-15 v3.1.10 (3.1.10)
\pgfmatrixcurrentrow=\count306
\pgfmatrixcurrentcolumn=\count307
\pgf@matrix@numberofcolumns=\count308
)
\tikz@expandcount=\count309
 (/nix/store/hkaxbm8gpfmm2ci10vfml0v06xvj9wv5-texlive-combined-2022-texmfdist/tex/generic/pgf/frontendlayer/tikz/libraries/tikzlibrarytopaths.code.tex
File: tikzlibrarytopaths.code.tex 2023-01-15 v3.1.10 (3.1.10)
))) (/nix/store/hkaxbm8gpfmm2ci10vfml0v06xvj9wv5-texlive-combined-2022-texmfdist/tex/latex/tikzfill/tikzfill.image.sty
Package: tikzfill.image 2022/07/20 v1.0.0 Image filling library for TikZ
 (/nix/store/hkaxbm8gpfmm2ci10vfml0v06xvj9wv5-texlive-combined-2022-texmfdist/tex/latex/tikzfill/tikzfill-common.sty
Package: tikzfill-common 2022/07/20 v1.0.0 Auxiliary code for tikzfill
) (/nix/store/hkaxbm8gpfmm2ci10vfml0v06xvj9wv5-texlive-combined-2022-texmfdist/tex/latex/tikzfill/tikzlibraryfill.image.code.tex
File: tikzlibraryfill.image.code.tex 2022/07/20 v1.0.0 Image filling library
\l__tikzfill_img_box=\box78
)) (/nix/store/hkaxbm8gpfmm2ci10vfml0v06xvj9wv5-texlive-combined-2022-texmfdist/tex/latex/tcolorbox/tcbskinsjigsaw.code.tex
Library (tcolorbox): 'tcbskinsjigsaw.code.tex' version '6.0.1'
)) (/nix/store/hkaxbm8gpfmm2ci10vfml0v06xvj9wv5-texlive-combined-2022-texmfdist/tex/latex/tcolorbox/tcbbreakable.code.tex
Library (tcolorbox): 'tcbbreakable.code.tex' version '6.0.1'
(/nix/store/hkaxbm8gpfmm2ci10vfml0v06xvj9wv5-texlive-combined-2022-texmfdist/tex/latex/pdfcol/pdfcol.sty
Package: pdfcol 2022-09-21 v1.7 Handle new color stacks for pdfTeX (HO)
 (/nix/store/hkaxbm8gpfmm2ci10vfml0v06xvj9wv5-texlive-combined-2022-texmfdist/tex/generic/ltxcmds/ltxcmds.sty
Package: ltxcmds 2020-05-10 v1.25 LaTeX kernel commands for general use (HO)
) (/nix/store/hkaxbm8gpfmm2ci10vfml0v06xvj9wv5-texlive-combined-2022-texmfdist/tex/generic/infwarerr/infwarerr.sty
Package: infwarerr 2019/12/03 v1.5 Providing info/warning/error messages (HO)
))
Package pdfcol Info: New color stack `tcb@breakable' = 1 on input line 23.
\tcb@testbox=\box79
\tcb@totalupperbox=\box80
\tcb@totallowerbox=\box81
) (/nix/store/hkaxbm8gpfmm2ci10vfml0v06xvj9wv5-texlive-combined-2022-texmfdist/tex/latex/tcolorbox/tcbhooks.code.tex
Library (tcolorbox): 'tcbhooks.code.tex' version '6.0.1'
) (/nix/store/hkaxbm8gpfmm2ci10vfml0v06xvj9wv5-texlive-combined-2022-texmfdist/tex/latex/tcolorbox/tcbtheorems.code.tex
Library (tcolorbox): 'tcbtheorems.code.tex' version '6.0.1'
) (/nix/store/hkaxbm8gpfmm2ci10vfml0v06xvj9wv5-texlive-combined-2022-texmfdist/tex/latex/tcolorbox/tcbfitting.code.tex
Library (tcolorbox): 'tcbfitting.code.tex' version '6.0.1'
\tcbfitdim=\dimen278
\tcb@lowerfitdim=\dimen279
\tcb@upperfitdim=\dimen280
\tcb@cur@hbadness=\count310
) (/nix/store/hkaxbm8gpfmm2ci10vfml0v06xvj9wv5-texlive-combined-2022-texmfdist/tex/latex/tcolorbox/tcblistingsutf8.code.tex
Library (tcolorbox): 'tcblistingsutf8.code.tex' version '6.0.1'
(/nix/store/hkaxbm8gpfmm2ci10vfml0v06xvj9wv5-texlive-combined-2022-texmfdist/tex/latex/tcolorbox/tcblistings.code.tex
Library (tcolorbox): 'tcblistings.code.tex' version '6.0.1'
(/nix/store/hkaxbm8gpfmm2ci10vfml0v06xvj9wv5-texlive-combined-2022-texmfdist/tex/latex/listings/listings.sty
\lst@mode=\count311
\lst@gtempboxa=\box82
\lst@token=\toks48
\lst@length=\count312
\lst@currlwidth=\dimen281
\lst@column=\count313
\lst@pos=\count314
\lst@lostspace=\dimen282
\lst@width=\dimen283
\lst@newlines=\count315
\lst@lineno=\count316
\lst@maxwidth=\dimen284
 (/nix/store/hkaxbm8gpfmm2ci10vfml0v06xvj9wv5-texlive-combined-2022-texmfdist/tex/latex/listings/lstmisc.sty
File: lstmisc.sty 2023/02/27 1.9 (Carsten Heinz)
\c@lstnumber=\count317
\lst@skipnumbers=\count318
\lst@framebox=\box83
) (/nix/store/hkaxbm8gpfmm2ci10vfml0v06xvj9wv5-texlive-combined-2022-texmfdist/tex/latex/listings/listings.cfg
File: listings.cfg 2023/02/27 1.9 listings configuration
))
Package: listings 2023/02/27 1.9 (Carsten Heinz)
 (/nix/store/hkaxbm8gpfmm2ci10vfml0v06xvj9wv5-texlive-combined-2022-texmfdist/tex/latex/tcolorbox/tcblistingscore.code.tex
Library (tcolorbox): 'tcblistingscore.code.tex' version '6.0.1'
(/nix/store/hkaxbm8gpfmm2ci10vfml0v06xvj9wv5-texlive-combined-2022-texmfdist/tex/latex/tcolorbox/tcbprocessing.code.tex
Library (tcolorbox): 'tcbprocessing.code.tex' version '6.0.1'
(/nix/store/hkaxbm8gpfmm2ci10vfml0v06xvj9wv5-texlive-combined-2022-texmfdist/tex/generic/pdftexcmds/pdftexcmds.sty
Package: pdftexcmds 2020-06-27 v0.33 Utility functions of pdfTeX for LuaTeX (HO)
Package pdftexcmds Info: \pdf@primitive is available.
Package pdftexcmds Info: \pdf@ifprimitive is available.
Package pdftexcmds Info: \pdfdraftmode found.
) (/nix/store/hkaxbm8gpfmm2ci10vfml0v06xvj9wv5-texlive-combined-2022-texmfdist/tex/latex/tools/shellesc.sty
Package: shellesc 2019/11/08 v1.0c unified shell escape interface for LaTeX
Package shellesc Info: Restricted shell escape enabled on input line 77.
))
\c@tcblisting=\count319
)) (/nix/store/hkaxbm8gpfmm2ci10vfml0v06xvj9wv5-texlive-combined-2022-texmfdist/tex/latex/listingsutf8/listingsutf8.sty
Package: listingsutf8 2019-12-10 v1.5 Allow UTF-8 in listings input (HO)
 (/nix/store/hkaxbm8gpfmm2ci10vfml0v06xvj9wv5-texlive-combined-2022-texmfdist/tex/generic/stringenc/stringenc.sty
Package: stringenc 2019/11/29 v1.12 Convert strings between diff. encodings (HO)
 (/nix/store/hkaxbm8gpfmm2ci10vfml0v06xvj9wv5-texlive-combined-2022-texmfdist/tex/generic/pdfescape/pdfescape.sty
Package: pdfescape 2019/12/09 v1.15 Implements pdfTeX's escape features (HO)
)))) (/nix/store/hkaxbm8gpfmm2ci10vfml0v06xvj9wv5-texlive-combined-2022-texmfdist/tex/latex/tcolorbox/tcbexternal.code.tex
Library (tcolorbox): 'tcbexternal.code.tex' version '6.0.1'
) (/nix/store/hkaxbm8gpfmm2ci10vfml0v06xvj9wv5-texlive-combined-2022-texmfdist/tex/latex/tcolorbox/tcbmagazine.code.tex
Library (tcolorbox): 'tcbmagazine.code.tex' version '6.0.1'
) (/nix/store/hkaxbm8gpfmm2ci10vfml0v06xvj9wv5-texlive-combined-2022-texmfdist/tex/latex/tcolorbox/tcbvignette.code.tex
Library (tcolorbox): 'tcbvignette.code.tex' version '6.0.1'
(/nix/store/hkaxbm8gpfmm2ci10vfml0v06xvj9wv5-texlive-combined-2022-texmfdist/tex/generic/pgf/frontendlayer/tikz/libraries/tikzlibraryfadings.code.tex
File: tikzlibraryfadings.code.tex 2023-01-15 v3.1.10 (3.1.10)
 (/nix/store/hkaxbm8gpfmm2ci10vfml0v06xvj9wv5-texlive-combined-2022-texmfdist/tex/generic/pgf/libraries/pgflibraryfadings.code.tex
File: pgflibraryfadings.code.tex 2023-01-15 v3.1.10 (3.1.10)
))) (/nix/store/hkaxbm8gpfmm2ci10vfml0v06xvj9wv5-texlive-combined-2022-texmfdist/tex/latex/tcolorbox/tcbposter.code.tex
Library (tcolorbox): 'tcbposter.code.tex' version '6.0.1'
)) (/nix/store/hkaxbm8gpfmm2ci10vfml0v06xvj9wv5-texlive-combined-2022-texmfdist/tex/latex/tikz-3dplot/tikz-3dplot.sty (/nix/store/hkaxbm8gpfmm2ci10vfml0v06xvj9wv5-texlive-combined-2022-texmfdist/tex/latex/base/ifthen.sty
Package: ifthen 2022/04/13 v1.1d Standard LaTeX ifthen package (DPC)
) (/nix/store/hkaxbm8gpfmm2ci10vfml0v06xvj9wv5-texlive-combined-2022-texmfdist/tex/generic/pgf/frontendlayer/tikz/libraries/tikzlibrarycalc.code.tex
File: tikzlibrarycalc.code.tex 2023-01-15 v3.1.10 (3.1.10)
) (/nix/store/hkaxbm8gpfmm2ci10vfml0v06xvj9wv5-texlive-combined-2022-texmfdist/tex/generic/pgf/frontendlayer/tikz/libraries/tikzlibrary3d.code.tex
File: tikzlibrary3d.code.tex 2023-01-15 v3.1.10 (3.1.10)
) (/nix/store/hkaxbm8gpfmm2ci10vfml0v06xvj9wv5-texlive-combined-2022-texmfdist/tex/generic/pgf/frontendlayer/tikz/libraries/tikzlibraryarrows.code.tex
File: tikzlibraryarrows.code.tex 2023-01-15 v3.1.10 (3.1.10)
 (/nix/store/hkaxbm8gpfmm2ci10vfml0v06xvj9wv5-texlive-combined-2022-texmfdist/tex/generic/pgf/libraries/pgflibraryarrows.code.tex
File: pgflibraryarrows.code.tex 2023-01-15 v3.1.10 (3.1.10)
\arrowsize=\dimen285
))) (/nix/store/hkaxbm8gpfmm2ci10vfml0v06xvj9wv5-texlive-combined-2022-texmfdist/tex/latex/tikz-cd/tikz-cd.sty
Package: tikz-cd 2021/05/04 v1.0 Commutative diagrams with TikZ
 (/nix/store/hkaxbm8gpfmm2ci10vfml0v06xvj9wv5-texlive-combined-2022-texmfdist/tex/generic/tikz-cd/tikzlibrarycd.code.tex (/nix/store/hkaxbm8gpfmm2ci10vfml0v06xvj9wv5-texlive-combined-2022-texmfdist/tex/generic/pgf/frontendlayer/tikz/libraries/tikzlibrarymatrix.code.tex
File: tikzlibrarymatrix.code.tex 2023-01-15 v3.1.10 (3.1.10)
) (/nix/store/hkaxbm8gpfmm2ci10vfml0v06xvj9wv5-texlive-combined-2022-texmfdist/tex/generic/pgf/frontendlayer/tikz/libraries/tikzlibraryquotes.code.tex
File: tikzlibraryquotes.code.tex 2023-01-15 v3.1.10 (3.1.10)
) (/nix/store/hkaxbm8gpfmm2ci10vfml0v06xvj9wv5-texlive-combined-2022-texmfdist/tex/generic/pgf/libraries/pgflibraryarrows.meta.code.tex
File: pgflibraryarrows.meta.code.tex 2023-01-15 v3.1.10 (3.1.10)
\pgfarrowinset=\dimen286
\pgfarrowlength=\dimen287
\pgfarrowwidth=\dimen288
\pgfarrowlinewidth=\dimen289
))) (/nix/store/hkaxbm8gpfmm2ci10vfml0v06xvj9wv5-texlive-combined-2022-texmfdist/tex/latex/tkz-tab/tkz-tab.sty
Package: tkz-tab 2020/04/29 v2.12c variations (ctan version)
 (/nix/store/hkaxbm8gpfmm2ci10vfml0v06xvj9wv5-texlive-combined-2022-texmfdist/tex/latex/xkeyval/xkeyval.sty
Package: xkeyval 2022/06/16 v2.9 package option processing (HA)
 (/nix/store/hkaxbm8gpfmm2ci10vfml0v06xvj9wv5-texlive-combined-2022-texmfdist/tex/generic/xkeyval/xkeyval.tex (/nix/store/hkaxbm8gpfmm2ci10vfml0v06xvj9wv5-texlive-combined-2022-texmfdist/tex/generic/xkeyval/xkvutils.tex
\XKV@toks=\toks49
\XKV@tempa@toks=\toks50
)
\XKV@depth=\count320
File: xkeyval.tex 2014/12/03 v2.7a key=value parser (HA)
))
(/nix/store/hkaxbm8gpfmm2ci10vfml0v06xvj9wv5-texlive-combined-2022-texmfdist/tex/generic/pgf/frontendlayer/tikz/libraries/tikzlibrarypatterns.code.tex
File: tikzlibrarypatterns.code.tex 2023-01-15 v3.1.10 (3.1.10)
 (/nix/store/hkaxbm8gpfmm2ci10vfml0v06xvj9wv5-texlive-combined-2022-texmfdist/tex/generic/pgf/libraries/pgflibrarypatterns.code.tex
File: pgflibrarypatterns.code.tex 2023-01-15 v3.1.10 (3.1.10)
))
\tkz@XF=\dimen290
\tkz@YF=\dimen291
\c@tkz@cnt@line=\count321
\c@tkz@cnt@lg=\count322
\c@tkz@cnt@cl=\count323
\c@tkz@cnt@pred=\count324
\c@tkz@cnt@temp=\count325
\c@tkz@cnt@arrow=\count326
\c@tkz@cnt@zone=\count327
\c@tkz@cnt@lgnext=\count328
\c@tkz@cnt@clnext=\count329
\c@tkz@cnt@pair=\count330
\c@tkz@cnt@impair=\count331
\c@tkz@cnt@aw=\count332
) (/nix/store/hkaxbm8gpfmm2ci10vfml0v06xvj9wv5-texlive-combined-2022-texmfdist/tex/latex/tkz-euclide/tkz-euclide.sty
2023/02/03 5.02c tkz-euclide.sty
Package: tkz-euclide  2023/02/03 5.02c for pure Euclidean Geometry 
(/nix/store/hkaxbm8gpfmm2ci10vfml0v06xvj9wv5-texlive-combined-2022-texmfdist/tex/generic/pgf/frontendlayer/tikz/libraries/tikzlibraryangles.code.tex
File: tikzlibraryangles.code.tex 2023-01-15 v3.1.10 (3.1.10)
) (/nix/store/hkaxbm8gpfmm2ci10vfml0v06xvj9wv5-texlive-combined-2022-texmfdist/tex/generic/pgf/frontendlayer/tikz/libraries/tikzlibrarybackgrounds.code.tex
File: tikzlibrarybackgrounds.code.tex 2023-01-15 v3.1.10 (3.1.10)
\pgf@layerbox@background=\box84
\pgf@layerboxsaved@background=\box85
) (/nix/store/hkaxbm8gpfmm2ci10vfml0v06xvj9wv5-texlive-combined-2022-texmfdist/tex/generic/pgf/frontendlayer/tikz/libraries/tikzlibrarydecorations.code.tex (/nix/store/hkaxbm8gpfmm2ci10vfml0v06xvj9wv5-texlive-combined-2022-texmfdist/tex/generic/pgf/modules/pgfmoduledecorations.code.tex
\pgfdecoratedcompleteddistance=\dimen292
\pgfdecoratedremainingdistance=\dimen293
\pgfdecoratedinputsegmentcompleteddistance=\dimen294
\pgfdecoratedinputsegmentremainingdistance=\dimen295
\pgf@decorate@distancetomove=\dimen296
\pgf@decorate@repeatstate=\count333
\pgfdecorationsegmentamplitude=\dimen297
\pgfdecorationsegmentlength=\dimen298
)
\tikz@lib@dec@box=\box86
) (/nix/store/hkaxbm8gpfmm2ci10vfml0v06xvj9wv5-texlive-combined-2022-texmfdist/tex/generic/pgf/frontendlayer/tikz/libraries/tikzlibrarydecorations.markings.code.tex (/nix/store/hkaxbm8gpfmm2ci10vfml0v06xvj9wv5-texlive-combined-2022-texmfdist/tex/generic/pgf/libraries/decorations/pgflibrarydecorations.markings.code.tex)) (/nix/store/hkaxbm8gpfmm2ci10vfml0v06xvj9wv5-texlive-combined-2022-texmfdist/tex/generic/pgf/frontendlayer/tikz/libraries/tikzlibrarydecorations.pathreplacing.code.tex (/nix/store/hkaxbm8gpfmm2ci10vfml0v06xvj9wv5-texlive-combined-2022-texmfdist/tex/generic/pgf/libraries/decorations/pgflibrarydecorations.pathreplacing.code.tex)) (/nix/store/hkaxbm8gpfmm2ci10vfml0v06xvj9wv5-texlive-combined-2022-texmfdist/tex/generic/pgf/frontendlayer/tikz/libraries/tikzlibrarydecorations.shapes.code.tex (/nix/store/hkaxbm8gpfmm2ci10vfml0v06xvj9wv5-texlive-combined-2022-texmfdist/tex/generic/pgf/libraries/decorations/pgflibrarydecorations.shapes.code.tex)) (/nix/store/hkaxbm8gpfmm2ci10vfml0v06xvj9wv5-texlive-combined-2022-texmfdist/tex/generic/pgf/frontendlayer/tikz/libraries/tikzlibrarydecorations.text.code.tex (/nix/store/hkaxbm8gpfmm2ci10vfml0v06xvj9wv5-texlive-combined-2022-texmfdist/tex/generic/pgf/libraries/decorations/pgflibrarydecorations.text.code.tex
\pgf@lib@dec@text@box=\box87
)
\tikz@lib@dec@te@box=\box88
)
(/nix/store/hkaxbm8gpfmm2ci10vfml0v06xvj9wv5-texlive-combined-2022-texmfdist/tex/generic/pgf/frontendlayer/tikz/libraries/tikzlibrarydecorations.pathmorphing.code.tex (/nix/store/hkaxbm8gpfmm2ci10vfml0v06xvj9wv5-texlive-combined-2022-texmfdist/tex/generic/pgf/libraries/decorations/pgflibrarydecorations.pathmorphing.code.tex)) (/nix/store/hkaxbm8gpfmm2ci10vfml0v06xvj9wv5-texlive-combined-2022-texmfdist/tex/generic/pgf/frontendlayer/tikz/libraries/tikzlibraryintersections.code.tex (/nix/store/hkaxbm8gpfmm2ci10vfml0v06xvj9wv5-texlive-combined-2022-texmfdist/tex/generic/pgf/libraries/pgflibraryintersections.code.tex (/nix/store/hkaxbm8gpfmm2ci10vfml0v06xvj9wv5-texlive-combined-2022-texmfdist/tex/generic/pgf/libraries/pgflibraryfpu.code.tex)
\pgf@intersect@solutions=\count334
)) (/nix/store/hkaxbm8gpfmm2ci10vfml0v06xvj9wv5-texlive-combined-2022-texmfdist/tex/generic/pgf/frontendlayer/tikz/libraries/tikzlibrarymath.code.tex (/nix/store/hkaxbm8gpfmm2ci10vfml0v06xvj9wv5-texlive-combined-2022-texmfdist/tex/generic/pgf/frontendlayer/tikz/libraries/tikzlibraryfpu.code.tex)
\tikz@math@for@depth=\count335
\tikz@math@dimen=\dimen299
\tikz@math@toks=\toks51
) (/nix/store/hkaxbm8gpfmm2ci10vfml0v06xvj9wv5-texlive-combined-2022-texmfdist/tex/generic/pgf/frontendlayer/tikz/libraries/tikzlibraryplotmarks.code.tex
File: tikzlibraryplotmarks.code.tex 2023-01-15 v3.1.10 (3.1.10)
 (/nix/store/hkaxbm8gpfmm2ci10vfml0v06xvj9wv5-texlive-combined-2022-texmfdist/tex/generic/pgf/libraries/pgflibraryplotmarks.code.tex
File: pgflibraryplotmarks.code.tex 2023-01-15 v3.1.10 (3.1.10)
)) (/nix/store/hkaxbm8gpfmm2ci10vfml0v06xvj9wv5-texlive-combined-2022-texmfdist/tex/generic/pgf/frontendlayer/tikz/libraries/tikzlibrarypositioning.code.tex
File: tikzlibrarypositioning.code.tex 2023-01-15 v3.1.10 (3.1.10)
) (/nix/store/hkaxbm8gpfmm2ci10vfml0v06xvj9wv5-texlive-combined-2022-texmfdist/tex/generic/pgf/frontendlayer/tikz/libraries/tikzlibraryshapes.misc.code.tex
File: tikzlibraryshapes.misc.code.tex 2023-01-15 v3.1.10 (3.1.10)
 (/nix/store/hkaxbm8gpfmm2ci10vfml0v06xvj9wv5-texlive-combined-2022-texmfdist/tex/generic/pgf/libraries/shapes/pgflibraryshapes.misc.code.tex
File: pgflibraryshapes.misc.code.tex 2023-01-15 v3.1.10 (3.1.10)
)) (/nix/store/hkaxbm8gpfmm2ci10vfml0v06xvj9wv5-texlive-combined-2022-texmfdist/tex/generic/pgf/frontendlayer/tikz/libraries/tikzlibrarythrough.code.tex
File: tikzlibrarythrough.code.tex 2023-01-15 v3.1.10 (3.1.10)
)
(/nix/store/hkaxbm8gpfmm2ci10vfml0v06xvj9wv5-texlive-combined-2022-texmfdist/tex/latex/l3packages/xfp/xfp.sty
Package: xfp 2023-02-02 L3 Floating point unit
) (/nix/store/hkaxbm8gpfmm2ci10vfml0v06xvj9wv5-texlive-combined-2022-texmfdist/tex/latex/xpatch/xpatch.sty
Package: xpatch 2020/03/25 v0.3a Extending etoolbox patching commands
)
\tkzRadius=\dimen300
\tkzLength=\dimen301
\tkz@radi=\dimen302
\tkz@ax=\dimen303
\tkz@ay=\dimen304
\tkz@bx=\dimen305
\tkz@by=\dimen306
\tkz@cx=\dimen307
\tkz@cy=\dimen308
\tkz@dx=\dimen309
\tkz@dy=\dimen310
\tkz@cntmk=\count336

Local configuration file tkz-euclide.cfg found and used
(/nix/store/hkaxbm8gpfmm2ci10vfml0v06xvj9wv5-texlive-combined-2022-texmfdist/tex/latex/tkz-euclide/tkz-euclide.cfg
2023/02/03 5.02c tkz-euclide.cfg
) (/nix/store/hkaxbm8gpfmm2ci10vfml0v06xvj9wv5-texlive-combined-2022-texmfdist/tex/latex/tkz-euclide/tkz-tools-eu-base.tex
2023/02/03 5.02c tkz-tools-eu-base.tex
) (/nix/store/hkaxbm8gpfmm2ci10vfml0v06xvj9wv5-texlive-combined-2022-texmfdist/tex/latex/tkz-euclide/tkz-tools-eu-utilities.tex
2023/02/03 5.02c tkz-tools-eu-utilities.tex
) (/nix/store/hkaxbm8gpfmm2ci10vfml0v06xvj9wv5-texlive-combined-2022-texmfdist/tex/latex/tkz-euclide/tkz-tools-eu-BB.tex
2023/02/03 5.02c tkz-obj-eu-BB.tex
) (/nix/store/hkaxbm8gpfmm2ci10vfml0v06xvj9wv5-texlive-combined-2022-texmfdist/tex/latex/tkz-euclide/tkz-obj-eu-grids.tex
2023/02/03 5.02c tkz-obj-eu-grids.tex
) (/nix/store/hkaxbm8gpfmm2ci10vfml0v06xvj9wv5-texlive-combined-2022-texmfdist/tex/latex/tkz-euclide/tkz-lib-eu-marks.tex
2023/02/03 5.02c tkz-lib-eu-marks.tex
) (/nix/store/hkaxbm8gpfmm2ci10vfml0v06xvj9wv5-texlive-combined-2022-texmfdist/tex/latex/tkz-euclide/tkz-tools-eu-text.tex
2023/02/03 5.02c tkz-tools-eu-text.tex
) (/nix/store/hkaxbm8gpfmm2ci10vfml0v06xvj9wv5-texlive-combined-2022-texmfdist/tex/latex/tkz-euclide/tkz-lib-eu-shape.tex
2023/02/03 5.02c tkz-lib-eu-shape.tex
) (/nix/store/hkaxbm8gpfmm2ci10vfml0v06xvj9wv5-texlive-combined-2022-texmfdist/tex/latex/tkz-euclide/tkz-obj-eu-axesmin.tex
2023/02/03 5.02c tkz-obj-eu-axesmin
) (/nix/store/hkaxbm8gpfmm2ci10vfml0v06xvj9wv5-texlive-combined-2022-texmfdist/tex/latex/tkz-euclide/tkz-tools-eu-colors.tex
2023/02/03 5.02c tkz-tools-eu-colors
) (/nix/store/hkaxbm8gpfmm2ci10vfml0v06xvj9wv5-texlive-combined-2022-texmfdist/tex/latex/tkz-euclide/tkz-obj-eu-points.tex
2023/02/03 5.02c tkz-obj-eu-points.tex
) (/nix/store/hkaxbm8gpfmm2ci10vfml0v06xvj9wv5-texlive-combined-2022-texmfdist/tex/latex/tkz-euclide/tkz-draw-eu-points.tex
2023/01/24 5.01c tkz-draw-points.tex
) (/nix/store/hkaxbm8gpfmm2ci10vfml0v06xvj9wv5-texlive-combined-2022-texmfdist/tex/latex/tkz-euclide/tkz-obj-eu-points.tex
2023/02/03 5.02c tkz-obj-eu-points.tex
) (/nix/store/hkaxbm8gpfmm2ci10vfml0v06xvj9wv5-texlive-combined-2022-texmfdist/tex/latex/tkz-euclide/tkz-obj-eu-points-by.tex
2023/02/03 5.02c tkz-tools-eu-points-by.tex
) (/nix/store/hkaxbm8gpfmm2ci10vfml0v06xvj9wv5-texlive-combined-2022-texmfdist/tex/latex/tkz-euclide/tkz-tools-eu-math.tex
2023/02/03 5.02c tkz-tools-eu-math.tex
) (/nix/store/hkaxbm8gpfmm2ci10vfml0v06xvj9wv5-texlive-combined-2022-texmfdist/tex/latex/tkz-euclide/tkz-tools-eu-intersections.tex
2023/02/03 5.02c tkz-tools-eu-intersections.tex
) (/nix/store/hkaxbm8gpfmm2ci10vfml0v06xvj9wv5-texlive-combined-2022-texmfdist/tex/latex/tkz-euclide/tkz-obj-eu-points-with.tex
2023/02/03 5.02c tkz-obj-eu-points-with.tex
) (/nix/store/hkaxbm8gpfmm2ci10vfml0v06xvj9wv5-texlive-combined-2022-texmfdist/tex/latex/tkz-euclide/tkz-obj-eu-points-spc.tex
2023/02/03 5.02c tkz-obj-el-points.tex
) (/nix/store/hkaxbm8gpfmm2ci10vfml0v06xvj9wv5-texlive-combined-2022-texmfdist/tex/latex/tkz-euclide/tkz-tools-eu-angles.tex
2023/02/03 5.02c tkz-tools-eu-angles.tex
) (/nix/store/hkaxbm8gpfmm2ci10vfml0v06xvj9wv5-texlive-combined-2022-texmfdist/tex/latex/tkz-euclide/tkz-obj-eu-points-rnd.tex
2023/02/03 5.02c tkz-obj-eu-points-rnd.tex
) (/nix/store/hkaxbm8gpfmm2ci10vfml0v06xvj9wv5-texlive-combined-2022-texmfdist/tex/latex/tkz-euclide/tkz-obj-eu-circles.tex
2023/02/03 5.02c tkz-obj-eu-circles.tex
) (/nix/store/hkaxbm8gpfmm2ci10vfml0v06xvj9wv5-texlive-combined-2022-texmfdist/tex/latex/tkz-euclide/tkz-obj-eu-circles-by.tex
2023/02/03 5.02c tkz-obj-eu-circles.tex
) (/nix/store/hkaxbm8gpfmm2ci10vfml0v06xvj9wv5-texlive-combined-2022-texmfdist/tex/latex/tkz-euclide/tkz-obj-eu-lines.tex
2023/02/03 5.02c tkz-obj-eu-lines.tex
) (/nix/store/hkaxbm8gpfmm2ci10vfml0v06xvj9wv5-texlive-combined-2022-texmfdist/tex/latex/tkz-euclide/tkz-obj-eu-polygons.tex
2023/02/03 5.02c tkz-obj-eu-polygons.tex
) (/nix/store/hkaxbm8gpfmm2ci10vfml0v06xvj9wv5-texlive-combined-2022-texmfdist/tex/latex/tkz-euclide/tkz-obj-eu-triangles.tex
2023/02/03 5.02c tkz-obj-eu-triangles.tex
) (/nix/store/hkaxbm8gpfmm2ci10vfml0v06xvj9wv5-texlive-combined-2022-texmfdist/tex/latex/tkz-euclide/tkz-draw-eu-lines.tex
2023/02/03 5.02c tkz-obj-eu-draw-lines.tex
) (/nix/store/hkaxbm8gpfmm2ci10vfml0v06xvj9wv5-texlive-combined-2022-texmfdist/tex/latex/tkz-euclide/tkz-draw-eu-circles.tex
2023/02/03 5.02c tkz-obj-eu-draw-circles.tex
) (/nix/store/hkaxbm8gpfmm2ci10vfml0v06xvj9wv5-texlive-combined-2022-texmfdist/tex/latex/tkz-euclide/tkz-draw-eu-polygons.tex
2023/02/03 5.02c tkz-obj-eu-polygons.tex
) (/nix/store/hkaxbm8gpfmm2ci10vfml0v06xvj9wv5-texlive-combined-2022-texmfdist/tex/latex/tkz-euclide/tkz-draw-eu-angles.tex
2023/02/03 5.02c tkz-tool-eu-angles.tex
) (/nix/store/hkaxbm8gpfmm2ci10vfml0v06xvj9wv5-texlive-combined-2022-texmfdist/tex/latex/tkz-euclide/tkz-draw-eu-sectors.tex
2023/02/03 5.02c tkz-obj-eu-sectors.tex
) (/nix/store/hkaxbm8gpfmm2ci10vfml0v06xvj9wv5-texlive-combined-2022-texmfdist/tex/latex/tkz-euclide/tkz-draw-eu-compass.tex
2023/02/03 5.02c tkz-obj-eu-compass.tex
) (/nix/store/hkaxbm8gpfmm2ci10vfml0v06xvj9wv5-texlive-combined-2022-texmfdist/tex/latex/tkz-euclide/tkz-draw-eu-show.tex
2023/02/03 5.02c tkz-obj-eu-show.tex
) (/nix/store/hkaxbm8gpfmm2ci10vfml0v06xvj9wv5-texlive-combined-2022-texmfdist/tex/latex/tkz-euclide/tkz-draw-eu-protractor.tex
2023/02/03 5.02c tkz-obj-eu-protractor.tex
)) (/nix/store/hkaxbm8gpfmm2ci10vfml0v06xvj9wv5-texlive-combined-2022-texmfdist/tex/latex/pgfplots/pgfplots.sty (/nix/store/hkaxbm8gpfmm2ci10vfml0v06xvj9wv5-texlive-combined-2022-texmfdist/tex/generic/pgfplots/pgfplots.revision.tex)
Package: pgfplots 2021/05/15 v1.18.1 Data Visualization (1.18.1)
 (/nix/store/hkaxbm8gpfmm2ci10vfml0v06xvj9wv5-texlive-combined-2022-texmfdist/tex/generic/pgfplots/pgfplots.code.tex (/nix/store/hkaxbm8gpfmm2ci10vfml0v06xvj9wv5-texlive-combined-2022-texmfdist/tex/generic/pgfplots/pgfplotscore.code.tex
\t@pgfplots@toka=\toks52
\t@pgfplots@tokb=\toks53
\t@pgfplots@tokc=\toks54
\pgfplots@tmpa=\dimen311
\c@pgfplots@coordindex=\count337
\c@pgfplots@scanlineindex=\count338
 (/nix/store/hkaxbm8gpfmm2ci10vfml0v06xvj9wv5-texlive-combined-2022-texmfdist/tex/generic/pgfplots/sys/pgfplotssysgeneric.code.tex)) (/nix/store/hkaxbm8gpfmm2ci10vfml0v06xvj9wv5-texlive-combined-2022-texmfdist/tex/generic/pgfplots/libs/pgfplotslibrary.code.tex) (/nix/store/hkaxbm8gpfmm2ci10vfml0v06xvj9wv5-texlive-combined-2022-texmfdist/tex/generic/pgfplots/oldpgfcompatib/pgfplotsoldpgfsupp_loader.code.tex
Package pgfplots: loading complementary utilities for your pgf version...
\t@pgf@toka=\toks55
\t@pgf@tokb=\toks56
\t@pgf@tokc=\toks57
(/nix/store/hkaxbm8gpfmm2ci10vfml0v06xvj9wv5-texlive-combined-2022-texmfdist/tex/generic/pgfplots/oldpgfcompatib/pgfplotsoldpgfsupp_pgfutil-common-lists.tex)) (/nix/store/hkaxbm8gpfmm2ci10vfml0v06xvj9wv5-texlive-combined-2022-texmfdist/tex/generic/pgfplots/util/pgfplotsutil.code.tex (/nix/store/hkaxbm8gpfmm2ci10vfml0v06xvj9wv5-texlive-combined-2022-texmfdist/tex/generic/pgfplots/liststructure/pgfplotsliststructure.code.tex) (/nix/store/hkaxbm8gpfmm2ci10vfml0v06xvj9wv5-texlive-combined-2022-texmfdist/tex/generic/pgfplots/liststructure/pgfplotsliststructureext.code.tex) (/nix/store/hkaxbm8gpfmm2ci10vfml0v06xvj9wv5-texlive-combined-2022-texmfdist/tex/generic/pgfplots/liststructure/pgfplotsarray.code.tex
\c@pgfplotsarray@tmp=\count339
) (/nix/store/hkaxbm8gpfmm2ci10vfml0v06xvj9wv5-texlive-combined-2022-texmfdist/tex/generic/pgfplots/liststructure/pgfplotsmatrix.code.tex) (/nix/store/hkaxbm8gpfmm2ci10vfml0v06xvj9wv5-texlive-combined-2022-texmfdist/tex/generic/pgfplots/numtable/pgfplotstableshared.code.tex
\c@pgfplotstable@counta=\count340
\t@pgfplotstable@a=\toks58
) (/nix/store/hkaxbm8gpfmm2ci10vfml0v06xvj9wv5-texlive-combined-2022-texmfdist/tex/generic/pgfplots/liststructure/pgfplotsdeque.code.tex) (/nix/store/hkaxbm8gpfmm2ci10vfml0v06xvj9wv5-texlive-combined-2022-texmfdist/tex/generic/pgfplots/util/pgfplotsbinary.code.tex (/nix/store/hkaxbm8gpfmm2ci10vfml0v06xvj9wv5-texlive-combined-2022-texmfdist/tex/generic/pgfplots/util/pgfplotsbinary.data.code.tex)) (/nix/store/hkaxbm8gpfmm2ci10vfml0v06xvj9wv5-texlive-combined-2022-texmfdist/tex/generic/pgfplots/util/pgfplotsutil.verb.code.tex) (/nix/store/hkaxbm8gpfmm2ci10vfml0v06xvj9wv5-texlive-combined-2022-texmfdist/tex/generic/pgfplots/libs/pgflibrarypgfplots.surfshading.code.tex
\c@pgfplotslibrarysurf@no=\count341
 (/nix/store/hkaxbm8gpfmm2ci10vfml0v06xvj9wv5-texlive-combined-2022-texmfdist/tex/generic/pgfplots/sys/pgflibrarypgfplots.surfshading.pgfsys-pdftex.def))) (/nix/store/hkaxbm8gpfmm2ci10vfml0v06xvj9wv5-texlive-combined-2022-texmfdist/tex/generic/pgfplots/util/pgfplotscolormap.code.tex
(/nix/store/hkaxbm8gpfmm2ci10vfml0v06xvj9wv5-texlive-combined-2022-texmfdist/tex/generic/pgfplots/util/pgfplotscolor.code.tex)) (/nix/store/hkaxbm8gpfmm2ci10vfml0v06xvj9wv5-texlive-combined-2022-texmfdist/tex/generic/pgfplots/pgfplotsstackedplots.code.tex) (/nix/store/hkaxbm8gpfmm2ci10vfml0v06xvj9wv5-texlive-combined-2022-texmfdist/tex/generic/pgfplots/pgfplotsplothandlers.code.tex (/nix/store/hkaxbm8gpfmm2ci10vfml0v06xvj9wv5-texlive-combined-2022-texmfdist/tex/generic/pgfplots/pgfplotsmeshplothandler.code.tex (/nix/store/hkaxbm8gpfmm2ci10vfml0v06xvj9wv5-texlive-combined-2022-texmfdist/tex/generic/pgfplots/pgfplotsmeshplotimage.code.tex))) (/nix/store/hkaxbm8gpfmm2ci10vfml0v06xvj9wv5-texlive-combined-2022-texmfdist/tex/generic/pgfplots/pgfplots.scaling.code.tex) (/nix/store/hkaxbm8gpfmm2ci10vfml0v06xvj9wv5-texlive-combined-2022-texmfdist/tex/generic/pgfplots/pgfplotscoordprocessing.code.tex) (/nix/store/hkaxbm8gpfmm2ci10vfml0v06xvj9wv5-texlive-combined-2022-texmfdist/tex/generic/pgfplots/pgfplots.errorbars.code.tex) (/nix/store/hkaxbm8gpfmm2ci10vfml0v06xvj9wv5-texlive-combined-2022-texmfdist/tex/generic/pgfplots/pgfplots.markers.code.tex) (/nix/store/hkaxbm8gpfmm2ci10vfml0v06xvj9wv5-texlive-combined-2022-texmfdist/tex/generic/pgfplots/pgfplotsticks.code.tex) (/nix/store/hkaxbm8gpfmm2ci10vfml0v06xvj9wv5-texlive-combined-2022-texmfdist/tex/generic/pgfplots/pgfplots.paths.code.tex) (/nix/store/hkaxbm8gpfmm2ci10vfml0v06xvj9wv5-texlive-combined-2022-texmfdist/tex/generic/pgfplots/libs/tikzlibrarypgfplots.contourlua.code.tex)
\pgfplots@numplots=\count342
\pgfplots@xmin@reg=\dimen312
\pgfplots@xmax@reg=\dimen313
\pgfplots@ymin@reg=\dimen314
\pgfplots@ymax@reg=\dimen315
\pgfplots@zmin@reg=\dimen316
\pgfplots@zmax@reg=\dimen317
)) (/nix/store/hkaxbm8gpfmm2ci10vfml0v06xvj9wv5-texlive-combined-2022-texmfdist/tex/latex/tools/multicol.sty
Package: multicol 2021/11/30 v1.9d multicolumn formatting (FMi)
\c@tracingmulticols=\count343
\mult@box=\box89
\multicol@leftmargin=\dimen318
\c@unbalance=\count344
\c@collectmore=\count345
\doublecol@number=\count346
\multicoltolerance=\count347
\multicolpretolerance=\count348
\full@width=\dimen319
\page@free=\dimen320
\premulticols=\dimen321
\postmulticols=\dimen322
\multicolsep=\skip59
\multicolbaselineskip=\skip60
\partial@page=\box90
\last@line=\box91
\maxbalancingoverflow=\dimen323
\mult@rightbox=\box92
\mult@grightbox=\box93
\mult@firstbox=\box94
\mult@gfirstbox=\box95
\@tempa=\box96
\@tempa=\box97
\@tempa=\box98
\@tempa=\box99
\@tempa=\box100
\@tempa=\box101
\@tempa=\box102
\@tempa=\box103
\@tempa=\box104
\@tempa=\box105
\@tempa=\box106
\@tempa=\box107
\@tempa=\box108
\@tempa=\box109
\@tempa=\box110
\@tempa=\box111
\@tempa=\box112
\@tempa=\box113
\@tempa=\box114
\@tempa=\box115
\@tempa=\box116
\@tempa=\box117
\@tempa=\box118
\@tempa=\box119
\@tempa=\box120
\@tempa=\box121
\@tempa=\box122
\@tempa=\box123
\@tempa=\box124
\@tempa=\box125
\@tempa=\box126
\@tempa=\box127
\@tempa=\box128
\@tempa=\box129
\@tempa=\box130
\@tempa=\box131
\c@minrows=\count349
\c@columnbadness=\count350
\c@finalcolumnbadness=\count351
\last@try=\dimen324
\multicolovershoot=\dimen325
\multicolundershoot=\dimen326
\mult@nat@firstbox=\box132
\colbreak@box=\box133
\mc@col@check@num=\count352
) (/nix/store/hkaxbm8gpfmm2ci10vfml0v06xvj9wv5-texlive-combined-2022-texmfdist/tex/latex/footmisc/footmisc.sty
Package: footmisc 2022/03/08 v6.0d a miscellany of footnote facilities
\FN@temptoken=\toks59
\footnotemargin=\dimen327
\@outputbox@depth=\dimen328
Package footmisc Info: Declaring symbol style bringhurst on input line 695.
Package footmisc Info: Declaring symbol style chicago on input line 703.
Package footmisc Info: Declaring symbol style wiley on input line 712.
Package footmisc Info: Declaring symbol style lamport-robust on input line 723.
Package footmisc Info: Declaring symbol style lamport* on input line 743.
Package footmisc Info: Declaring symbol style lamport*-robust on input line 764.
) (/nix/store/hkaxbm8gpfmm2ci10vfml0v06xvj9wv5-texlive-combined-2022-texmfdist/tex/latex/biblatex/biblatex.sty
Package: biblatex 2023/03/05 v3.19 programmable bibliographies (PK/MW)
 (/nix/store/hkaxbm8gpfmm2ci10vfml0v06xvj9wv5-texlive-combined-2022-texmfdist/tex/latex/kvoptions/kvoptions.sty
Package: kvoptions 2022-06-15 v3.15 Key value format for package options (HO)

(/nix/store/hkaxbm8gpfmm2ci10vfml0v06xvj9wv5-texlive-combined-2022-texmfdist/tex/latex/kvsetkeys/kvsetkeys.sty
Package: kvsetkeys 2022-10-05 v1.19 Key value parser (HO)
)) (/nix/store/hkaxbm8gpfmm2ci10vfml0v06xvj9wv5-texlive-combined-2022-texmfdist/tex/latex/logreq/logreq.sty
Package: logreq 2010/08/04 v1.0 xml request logger
\lrq@indent=\count353
 (/nix/store/hkaxbm8gpfmm2ci10vfml0v06xvj9wv5-texlive-combined-2022-texmfdist/tex/latex/logreq/logreq.def
File: logreq.def 2010/08/04 v1.0 logreq spec v1.0
)) (/nix/store/hkaxbm8gpfmm2ci10vfml0v06xvj9wv5-texlive-combined-2022-texmfdist/tex/latex/url/url.sty
\Urlmuskip=\muskip17
Package: url 2013/09/16  ver 3.4  Verb mode for urls, etc.
)
\c@tabx@nest=\count354
\c@listtotal=\count355
\c@listcount=\count356
\c@liststart=\count357
\c@liststop=\count358
\c@citecount=\count359
\c@citetotal=\count360
\c@multicitecount=\count361
\c@multicitetotal=\count362
\c@instcount=\count363
\c@maxnames=\count364
\c@minnames=\count365
\c@maxitems=\count366
\c@minitems=\count367
\c@citecounter=\count368
\c@maxcitecounter=\count369
\c@savedcitecounter=\count370
\c@uniquelist=\count371
\c@uniquename=\count372
\c@refsection=\count373
\c@refsegment=\count374
\c@maxextratitle=\count375
\c@maxextratitleyear=\count376
\c@maxextraname=\count377
\c@maxextradate=\count378
\c@maxextraalpha=\count379
\c@abbrvpenalty=\count380
\c@highnamepenalty=\count381
\c@lownamepenalty=\count382
\c@maxparens=\count383
\c@parenlevel=\count384
\blx@tempcnta=\count385
\blx@tempcntb=\count386
\blx@tempcntc=\count387
\c@blx@maxsection=\count388
\blx@maxsegment@0=\count389
\blx@notetype=\count390
\blx@parenlevel@text=\count391
\blx@parenlevel@foot=\count392
\blx@sectionciteorder@0=\count393
\blx@sectionciteorderinternal@0=\count394
\blx@entrysetcounter=\count395
\blx@biblioinstance=\count396
\labelnumberwidth=\skip61
\labelalphawidth=\skip62
\biblabelsep=\skip63
\bibitemsep=\skip64
\bibnamesep=\skip65
\bibinitsep=\skip66
\bibparsep=\skip67
\bibhang=\skip68
\blx@bcfin=\read5
\blx@bcfout=\write4
\blx@langwohyphens=\language88
\c@mincomprange=\count397
\c@maxcomprange=\count398
\c@mincompwidth=\count399
Package biblatex Info: Trying to load biblatex default data model...
Package biblatex Info: ... file 'blx-dm.def' found.
 (/nix/store/hkaxbm8gpfmm2ci10vfml0v06xvj9wv5-texlive-combined-2022-texmfdist/tex/latex/biblatex/blx-dm.def
File: blx-dm.def 2023/03/05 v3.19 biblatex localization (PK/MW)
)
Package biblatex Info: Trying to load biblatex style data model...
Package biblatex Info: ... file 'numeric.dbx' not found.
Package biblatex Info: Trying to load biblatex custom data model...
Package biblatex Info: ... file 'biblatex-dm.cfg' not found.
\c@afterword=\count400
\c@savedafterword=\count401
\c@annotator=\count402
\c@savedannotator=\count403
\c@author=\count404
\c@savedauthor=\count405
\c@bookauthor=\count406
\c@savedbookauthor=\count407
\c@commentator=\count408
\c@savedcommentator=\count409
\c@editor=\count410
\c@savededitor=\count411
\c@editora=\count412
\c@savededitora=\count413
\c@editorb=\count414
\c@savededitorb=\count415
\c@editorc=\count416
\c@savededitorc=\count417
\c@foreword=\count418
\c@savedforeword=\count419
\c@holder=\count420
\c@savedholder=\count421
\c@introduction=\count422
\c@savedintroduction=\count423
\c@namea=\count424
\c@savednamea=\count425
\c@nameb=\count426
\c@savednameb=\count427
\c@namec=\count428
\c@savednamec=\count429
\c@translator=\count430
\c@savedtranslator=\count431
\c@shortauthor=\count432
\c@savedshortauthor=\count433
\c@shorteditor=\count434
\c@savedshorteditor=\count435
\c@labelname=\count436
\c@savedlabelname=\count437
\c@institution=\count438
\c@savedinstitution=\count439
\c@lista=\count440
\c@savedlista=\count441
\c@listb=\count442
\c@savedlistb=\count443
\c@listc=\count444
\c@savedlistc=\count445
\c@listd=\count446
\c@savedlistd=\count447
\c@liste=\count448
\c@savedliste=\count449
\c@listf=\count450
\c@savedlistf=\count451
\c@location=\count452
\c@savedlocation=\count453
\c@organization=\count454
\c@savedorganization=\count455
\c@origlocation=\count456
\c@savedoriglocation=\count457
\c@origpublisher=\count458
\c@savedorigpublisher=\count459
\c@publisher=\count460
\c@savedpublisher=\count461
\c@language=\count462
\c@savedlanguage=\count463
\c@origlanguage=\count464
\c@savedoriglanguage=\count465
\c@pageref=\count466
\c@savedpageref=\count467
\shorthandwidth=\skip69
\shortjournalwidth=\skip70
\shortserieswidth=\skip71
\shorttitlewidth=\skip72
\shortauthorwidth=\skip73
\shorteditorwidth=\skip74
\locallabelnumberwidth=\skip75
\locallabelalphawidth=\skip76
\localshorthandwidth=\skip77
\localshortjournalwidth=\skip78
\localshortserieswidth=\skip79
\localshorttitlewidth=\skip80
\localshortauthorwidth=\skip81
\localshorteditorwidth=\skip82
Package biblatex Info: Trying to load compatibility code...
Package biblatex Info: ... file 'blx-compat.def' found.
 (/nix/store/hkaxbm8gpfmm2ci10vfml0v06xvj9wv5-texlive-combined-2022-texmfdist/tex/latex/biblatex/blx-compat.def
File: blx-compat.def 2023/03/05 v3.19 biblatex compatibility (PK/MW)
)
Package biblatex Info: Trying to load BibTeX backend compatibility...
Package biblatex Info: ... file 'blx-bibtex.def' found.
 (/nix/store/hkaxbm8gpfmm2ci10vfml0v06xvj9wv5-texlive-combined-2022-texmfdist/tex/latex/biblatex/blx-bibtex.def
File: blx-bibtex.def 2023/03/05 v3.19 biblatex compatibility (PK/MW)


Package biblatex Warning: Using fall-back bibtex backend:
(biblatex)                functionality may be reduced/unavailable.

)
Package biblatex Info: Trying to load generic definitions...
Package biblatex Info: ... file 'biblatex.def' found.
 (/nix/store/hkaxbm8gpfmm2ci10vfml0v06xvj9wv5-texlive-combined-2022-texmfdist/tex/latex/biblatex/biblatex.def
File: biblatex.def 2023/03/05 v3.19 biblatex compatibility (PK/MW)
\c@textcitecount=\count468
\c@textcitetotal=\count469
\c@textcitemaxnames=\count470
\c@biburlbigbreakpenalty=\count471
\c@biburlbreakpenalty=\count472
\c@biburlnumpenalty=\count473
\c@biburlucpenalty=\count474
\c@biburllcpenalty=\count475
\biburlbigskip=\muskip18
\biburlnumskip=\muskip19
\biburlucskip=\muskip20
\biburllcskip=\muskip21
\c@smartand=\count476
)
Package biblatex Info: Trying to load bibliography style 'numeric'...
Package biblatex Info: ... file 'numeric.bbx' found.
 (/nix/store/hkaxbm8gpfmm2ci10vfml0v06xvj9wv5-texlive-combined-2022-texmfdist/tex/latex/biblatex/bbx/numeric.bbx
File: numeric.bbx 2023/03/05 v3.19 biblatex bibliography style (PK/MW)
Package biblatex Info: Trying to load bibliography style 'standard'...
Package biblatex Info: ... file 'standard.bbx' found.
 (/nix/store/hkaxbm8gpfmm2ci10vfml0v06xvj9wv5-texlive-combined-2022-texmfdist/tex/latex/biblatex/bbx/standard.bbx
File: standard.bbx 2023/03/05 v3.19 biblatex bibliography style (PK/MW)
\c@bbx:relatedcount=\count477
\c@bbx:relatedtotal=\count478
))
Package biblatex Info: Trying to load citation style 'numeric'...
Package biblatex Info: ... file 'numeric.cbx' found.
 (/nix/store/hkaxbm8gpfmm2ci10vfml0v06xvj9wv5-texlive-combined-2022-texmfdist/tex/latex/biblatex/cbx/numeric.cbx
File: numeric.cbx 2023/03/05 v3.19 biblatex citation style (PK/MW)
Package biblatex Info: Redefining '\cite'.
Package biblatex Info: Redefining '\parencite'.
Package biblatex Info: Redefining '\footcite'.
Package biblatex Info: Redefining '\footcitetext'.
Package biblatex Info: Redefining '\smartcite'.
Package biblatex Info: Redefining '\supercite'.
Package biblatex Info: Redefining '\textcite'.
Package biblatex Info: Redefining '\textcites'.
Package biblatex Info: Redefining '\cites'.
Package biblatex Info: Redefining '\parencites'.
Package biblatex Info: Redefining '\smartcites'.
)
Package biblatex Info: Trying to load configuration file...
Package biblatex Info: ... file 'biblatex.cfg' found.
 (/nix/store/hkaxbm8gpfmm2ci10vfml0v06xvj9wv5-texlive-combined-2022-texmfdist/tex/latex/biblatex/biblatex.cfg
File: biblatex.cfg 
)
Package biblatex Info: Input encoding 'utf8' detected.
Package biblatex Info: Document encoding is UTF8 ....
Package biblatex Info: ... and expl3
(biblatex)             2023-02-22 L3 programming layer (loader) 
(biblatex)             is new enough (at least 2020/04/06),
(biblatex)             setting 'casechanger=expl3'.
 (/nix/store/hkaxbm8gpfmm2ci10vfml0v06xvj9wv5-texlive-combined-2022-texmfdist/tex/latex/biblatex/blx-case-expl3.sty
Package: blx-case-expl3 2023/03/05 v3.19 expl3 case changing code for biblatex
)) (/nix/store/hkaxbm8gpfmm2ci10vfml0v06xvj9wv5-texlive-combined-2022-texmfdist/tex/latex/hyperref/hyperref.sty
Package: hyperref 2023-02-07 v7.00v Hypertext links for LaTeX
 (/nix/store/hkaxbm8gpfmm2ci10vfml0v06xvj9wv5-texlive-combined-2022-texmfdist/tex/generic/kvdefinekeys/kvdefinekeys.sty
Package: kvdefinekeys 2019-12-19 v1.6 Define keys (HO)
) (/nix/store/hkaxbm8gpfmm2ci10vfml0v06xvj9wv5-texlive-combined-2022-texmfdist/tex/latex/hycolor/hycolor.sty
Package: hycolor 2020-01-27 v1.10 Color options for hyperref/bookmark (HO)
) (/nix/store/hkaxbm8gpfmm2ci10vfml0v06xvj9wv5-texlive-combined-2022-texmfdist/tex/latex/letltxmacro/letltxmacro.sty
Package: letltxmacro 2019/12/03 v1.6 Let assignment for LaTeX macros (HO)
) (/nix/store/hkaxbm8gpfmm2ci10vfml0v06xvj9wv5-texlive-combined-2022-texmfdist/tex/latex/auxhook/auxhook.sty
Package: auxhook 2019-12-17 v1.6 Hooks for auxiliary files (HO)
) (/nix/store/hkaxbm8gpfmm2ci10vfml0v06xvj9wv5-texlive-combined-2022-texmfdist/tex/latex/hyperref/nameref.sty
Package: nameref 2022-05-17 v2.50 Cross-referencing by name of section
 (/nix/store/hkaxbm8gpfmm2ci10vfml0v06xvj9wv5-texlive-combined-2022-texmfdist/tex/latex/refcount/refcount.sty
Package: refcount 2019/12/15 v3.6 Data extraction from label references (HO)
) (/nix/store/hkaxbm8gpfmm2ci10vfml0v06xvj9wv5-texlive-combined-2022-texmfdist/tex/generic/gettitlestring/gettitlestring.sty
Package: gettitlestring 2019/12/15 v1.6 Cleanup title references (HO)
)
\c@section@level=\count479
)
\@linkdim=\dimen329
\Hy@linkcounter=\count480
\Hy@pagecounter=\count481
 (/nix/store/hkaxbm8gpfmm2ci10vfml0v06xvj9wv5-texlive-combined-2022-texmfdist/tex/latex/hyperref/pd1enc.def
File: pd1enc.def 2023-02-07 v7.00v Hyperref: PDFDocEncoding definition (HO)
Now handling font encoding PD1 ...
... no UTF-8 mapping file for font encoding PD1
) (/nix/store/hkaxbm8gpfmm2ci10vfml0v06xvj9wv5-texlive-combined-2022-texmfdist/tex/generic/intcalc/intcalc.sty
Package: intcalc 2019/12/15 v1.3 Expandable calculations with integers (HO)
) (/nix/store/hkaxbm8gpfmm2ci10vfml0v06xvj9wv5-texlive-combined-2022-texmfdist/tex/generic/etexcmds/etexcmds.sty
Package: etexcmds 2019/12/15 v1.7 Avoid name clashes with e-TeX commands (HO)
)
\Hy@SavedSpaceFactor=\count482

(/nix/store/hkaxbm8gpfmm2ci10vfml0v06xvj9wv5-texlive-combined-2022-texmfdist/tex/latex/hyperref/puenc.def
File: puenc.def 2023-02-07 v7.00v Hyperref: PDF Unicode definition (HO)
Now handling font encoding PU ...
... no UTF-8 mapping file for font encoding PU
)
Package hyperref Info: Hyper figures OFF on input line 4177.
Package hyperref Info: Link nesting OFF on input line 4182.
Package hyperref Info: Hyper index ON on input line 4185.
Package hyperref Info: Plain pages OFF on input line 4192.
Package hyperref Info: Backreferencing OFF on input line 4197.
Package hyperref Info: Implicit mode ON; LaTeX internals redefined.
Package hyperref Info: Bookmarks ON on input line 4425.
\c@Hy@tempcnt=\count483
LaTeX Info: Redefining \url on input line 4763.
\XeTeXLinkMargin=\dimen330
 (/nix/store/hkaxbm8gpfmm2ci10vfml0v06xvj9wv5-texlive-combined-2022-texmfdist/tex/generic/bitset/bitset.sty
Package: bitset 2019/12/09 v1.3 Handle bit-vector datatype (HO)
 (/nix/store/hkaxbm8gpfmm2ci10vfml0v06xvj9wv5-texlive-combined-2022-texmfdist/tex/generic/bigintcalc/bigintcalc.sty
Package: bigintcalc 2019/12/15 v1.5 Expandable calculations on big integers (HO)
))
\Fld@menulength=\count484
\Field@Width=\dimen331
\Fld@charsize=\dimen332
Package hyperref Info: Hyper figures OFF on input line 6042.
Package hyperref Info: Link nesting OFF on input line 6047.
Package hyperref Info: Hyper index ON on input line 6050.
Package hyperref Info: backreferencing OFF on input line 6057.
Package hyperref Info: Link coloring OFF on input line 6062.
Package hyperref Info: Link coloring with OCG OFF on input line 6067.
Package hyperref Info: PDF/A mode OFF on input line 6072.
 (/nix/store/hkaxbm8gpfmm2ci10vfml0v06xvj9wv5-texlive-combined-2022-texmfdist/tex/latex/base/atbegshi-ltx.sty
Package: atbegshi-ltx 2021/01/10 v1.0c Emulation of the original atbegshi
package with kernel methods
)
\Hy@abspage=\count485
\c@Item=\count486
\c@Hfootnote=\count487
)
Package hyperref Info: Driver (autodetected): hpdftex.
 (/nix/store/hkaxbm8gpfmm2ci10vfml0v06xvj9wv5-texlive-combined-2022-texmfdist/tex/latex/hyperref/hpdftex.def
File: hpdftex.def 2023-02-07 v7.00v Hyperref driver for pdfTeX
 (/nix/store/hkaxbm8gpfmm2ci10vfml0v06xvj9wv5-texlive-combined-2022-texmfdist/tex/latex/base/atveryend-ltx.sty
Package: atveryend-ltx 2020/08/19 v1.0a Emulation of the original atveryend package
with kernel methods
)
\Fld@listcount=\count488
\c@bookmark@seq@number=\count489
 (/nix/store/hkaxbm8gpfmm2ci10vfml0v06xvj9wv5-texlive-combined-2022-texmfdist/tex/latex/rerunfilecheck/rerunfilecheck.sty
Package: rerunfilecheck 2022-07-10 v1.10 Rerun checks for auxiliary files (HO)
 (/nix/store/hkaxbm8gpfmm2ci10vfml0v06xvj9wv5-texlive-combined-2022-texmfdist/tex/generic/uniquecounter/uniquecounter.sty
Package: uniquecounter 2019/12/15 v1.4 Provide unlimited unique counter (HO)
)
Package uniquecounter Info: New unique counter `rerunfilecheck' on input line 285.
)
\Hy@SectionHShift=\skip83
) (/nix/store/hkaxbm8gpfmm2ci10vfml0v06xvj9wv5-texlive-combined-2022-texmfdist/tex/latex/cleveref/cleveref.sty
Package: cleveref 2018/03/27 v0.21.4 Intelligent cross-referencing
Package cleveref Info: `hyperref' support loaded on input line 2370.
LaTeX Info: Redefining \cref on input line 2370.
LaTeX Info: Redefining \Cref on input line 2370.
LaTeX Info: Redefining \crefrange on input line 2370.
LaTeX Info: Redefining \Crefrange on input line 2370.
LaTeX Info: Redefining \cpageref on input line 2370.
LaTeX Info: Redefining \Cpageref on input line 2370.
LaTeX Info: Redefining \cpagerefrange on input line 2370.
LaTeX Info: Redefining \Cpagerefrange on input line 2370.
LaTeX Info: Redefining \labelcref on input line 2370.
LaTeX Info: Redefining \labelcpageref on input line 2370.
Package cleveref Info: `amsthm' support loaded on input line 3026.
Package cleveref Info: `listings' support loaded on input line 3131.
Package cleveref Info: include cross-reference names in hyperlinks on input line 7836.
Package cleveref Info: include cross-reference names in hyperlinks on input line 7852.
)
\c@definition=\count490
 (/nix/store/hkaxbm8gpfmm2ci10vfml0v06xvj9wv5-texlive-combined-2022-texmfdist/tex/latex/titlesec/titlesec.sty
Package: titlesec 2021/07/05 v2.14 Sectioning titles
\ttl@box=\box134
\beforetitleunit=\skip84
\aftertitleunit=\skip85
\ttl@plus=\dimen333
\ttl@minus=\dimen334
\ttl@toksa=\toks60
\titlewidth=\dimen335
\titlewidthlast=\dimen336
\titlewidthfirst=\dimen337
)

Package biblatex Warning: 'babel/polyglossia' detected but 'csquotes' missing.
(biblatex)                Loading 'csquotes' recommended.

\@quotelevel=\count491
\@quotereset=\count492
LaTeX Font Info:    Trying to load font information for T1+lmr on input line 244.
(/nix/store/hkaxbm8gpfmm2ci10vfml0v06xvj9wv5-texlive-combined-2022-texmfdist/tex/latex/lm/t1lmr.fd
File: t1lmr.fd 2015/05/01 v1.6.1 Font defs for Latin Modern
) (./CA.aux)
\openout1 = `CA.aux'.

LaTeX Font Info:    Checking defaults for OML/cmm/m/it on input line 244.
LaTeX Font Info:    ... okay on input line 244.
LaTeX Font Info:    Checking defaults for OMS/cmsy/m/n on input line 244.
LaTeX Font Info:    ... okay on input line 244.
LaTeX Font Info:    Checking defaults for OT1/cmr/m/n on input line 244.
LaTeX Font Info:    ... okay on input line 244.
LaTeX Font Info:    Checking defaults for T1/cmr/m/n on input line 244.
LaTeX Font Info:    ... okay on input line 244.
LaTeX Font Info:    Checking defaults for TS1/cmr/m/n on input line 244.
LaTeX Font Info:    ... okay on input line 244.
LaTeX Font Info:    Checking defaults for OMX/cmex/m/n on input line 244.
LaTeX Font Info:    ... okay on input line 244.
LaTeX Font Info:    Checking defaults for U/cmr/m/n on input line 244.
LaTeX Font Info:    ... okay on input line 244.
LaTeX Font Info:    Checking defaults for PD1/pdf/m/n on input line 244.
LaTeX Font Info:    ... okay on input line 244.
LaTeX Font Info:    Checking defaults for PU/pdf/m/n on input line 244.
LaTeX Font Info:    ... okay on input line 244.
 (/nix/store/hkaxbm8gpfmm2ci10vfml0v06xvj9wv5-texlive-combined-2022-texmfdist/tex/context/base/mkii/supp-pdf.mkii
[Loading MPS to PDF converter (version 2006.09.02).]
\scratchcounter=\count493
\scratchdimen=\dimen338
\scratchbox=\box135
\nofMPsegments=\count494
\nofMParguments=\count495
\everyMPshowfont=\toks61
\MPscratchCnt=\count496
\MPscratchDim=\dimen339
\MPnumerator=\count497
\makeMPintoPDFobject=\count498
\everyMPtoPDFconversion=\toks62
) (/nix/store/hkaxbm8gpfmm2ci10vfml0v06xvj9wv5-texlive-combined-2022-texmfdist/tex/latex/epstopdf-pkg/epstopdf-base.sty
Package: epstopdf-base 2020-01-24 v2.11 Base part for package epstopdf
 (/nix/store/hkaxbm8gpfmm2ci10vfml0v06xvj9wv5-texlive-combined-2022-texmfdist/tex/latex/grfext/grfext.sty
Package: grfext 2019/12/03 v1.3 Manage graphics extensions (HO)
)
Package epstopdf-base Info: Redefining graphics rule for `.eps' on input line 485.
Package grfext Info: Graphics extension search list:
(grfext)             [.pdf,.png,.jpg,.mps,.jpeg,.jbig2,.jb2,.PDF,.PNG,.JPG,.JPEG,.JBIG2,.JB2,.eps]
(grfext)             \AppendGraphicsExtensions on input line 504.
 (/nix/store/hkaxbm8gpfmm2ci10vfml0v06xvj9wv5-texlive-combined-2022-texmfdist/tex/latex/latexconfig/epstopdf-sys.cfg
File: epstopdf-sys.cfg 2010/07/13 v1.3 Configuration of (r)epstopdf for TeX Live
))
*geometry* driver: auto-detecting
*geometry* detected driver: pdftex
*geometry* verbose mode - [ preamble ] result:
* driver: pdftex
* paper: a4paper
* layout: <same size as paper>
* layoutoffset:(h,v)=(0.0pt,0.0pt)
* modes: includefoot 
* h-part:(L,W,R)=(36.135pt, 525.23788pt, 36.135pt)
* v-part:(T,H,B)=(36.135pt, 794.45808pt, 14.45377pt)
* \paperwidth=597.50787pt
* \paperheight=845.04684pt
* \textwidth=525.23788pt
* \textheight=772.77687pt
* \oddsidemargin=-36.135pt
* \evensidemargin=-36.135pt
* \topmargin=-73.135pt
* \headheight=12.0pt
* \headsep=25.0pt
* \topskip=10.0pt
* \footskip=21.68121pt
* \marginparwidth=65.0pt
* \marginparsep=11.0pt
* \columnsep=10.0pt
* \skip\footins=9.0pt plus 4.0pt minus 2.0pt
* \hoffset=0.0pt
* \voffset=0.0pt
* \mag=1000
* \@twocolumnfalse
* \@twosidefalse
* \@mparswitchfalse
* \@reversemarginfalse
* (1in=72.27pt=25.4mm, 1cm=28.453pt)

\c@lstlisting=\count499
Package pgfplots notification 'compat/show suggested version=true': document has been generated with the most recent feature set (\pgfplotsset{compat=1.18}).

Package biblatex Info: Trying to load language 'english'...
Package biblatex Info: ... file 'english.lbx' found.
(/nix/store/hkaxbm8gpfmm2ci10vfml0v06xvj9wv5-texlive-combined-2022-texmfdist/tex/latex/biblatex/lbx/english.lbx
File: english.lbx 2023/03/05 v3.19 biblatex localization (PK/MW)
)
Package biblatex Info: Input encoding 'utf8' detected.
Package biblatex Info: Automatic encoding selection.
(biblatex)             Assuming data encoding 'utf8'.
Package biblatex Info: Input encoding 'utf8' detected.
Package biblatex Info: Data encoding 'utf8' specified.
(biblatex)             No need to reencode data.
\openout4 = `CA-blx.bib'.

Package biblatex Info: Trying to load bibliographic data...
Package biblatex Info: ... file 'CA.bbl' not found.

No file CA.bbl.
Package biblatex Info: Reference section=0 on input line 244.
Package biblatex Info: Reference segment=0 on input line 244.
Package hyperref Info: Link coloring OFF on input line 244.
(./CA.out) (./CA.out)
\@outlinefile=\write5
\openout5 = `CA.out'.

LaTeX Font Info:    Trying to load font information for T1+lmss on input line 251.
 (/nix/store/hkaxbm8gpfmm2ci10vfml0v06xvj9wv5-texlive-combined-2022-texmfdist/tex/latex/lm/t1lmss.fd
File: t1lmss.fd 2015/05/01 v1.6.1 Font defs for Latin Modern
)
LaTeX Font Info:    Trying to load font information for OT1+lmr on input line 251.
 (/nix/store/hkaxbm8gpfmm2ci10vfml0v06xvj9wv5-texlive-combined-2022-texmfdist/tex/latex/lm/ot1lmr.fd
File: ot1lmr.fd 2015/05/01 v1.6.1 Font defs for Latin Modern
)
LaTeX Font Info:    Trying to load font information for OML+lmm on input line 251.
 (/nix/store/hkaxbm8gpfmm2ci10vfml0v06xvj9wv5-texlive-combined-2022-texmfdist/tex/latex/lm/omllmm.fd
File: omllmm.fd 2015/05/01 v1.6.1 Font defs for Latin Modern
)
LaTeX Font Info:    Trying to load font information for OMS+lmsy on input line 251.
 (/nix/store/hkaxbm8gpfmm2ci10vfml0v06xvj9wv5-texlive-combined-2022-texmfdist/tex/latex/lm/omslmsy.fd
File: omslmsy.fd 2015/05/01 v1.6.1 Font defs for Latin Modern
)
LaTeX Font Info:    Trying to load font information for OMX+lmex on input line 251.
 (/nix/store/hkaxbm8gpfmm2ci10vfml0v06xvj9wv5-texlive-combined-2022-texmfdist/tex/latex/lm/omxlmex.fd
File: omxlmex.fd 2015/05/01 v1.6.1 Font defs for Latin Modern
)
LaTeX Font Info:    External font `lmex10' loaded for size
(Font)              <12> on input line 251.
LaTeX Font Info:    External font `lmex10' loaded for size
(Font)              <8> on input line 251.
LaTeX Font Info:    External font `lmex10' loaded for size
(Font)              <6> on input line 251.
LaTeX Font Info:    Trying to load font information for U+msa on input line 251.
 (/nix/store/hkaxbm8gpfmm2ci10vfml0v06xvj9wv5-texlive-combined-2022-texmfdist/tex/latex/amsfonts/umsa.fd
File: umsa.fd 2013/01/14 v3.01 AMS symbols A
)
LaTeX Font Info:    Trying to load font information for U+msb on input line 251.
 (/nix/store/hkaxbm8gpfmm2ci10vfml0v06xvj9wv5-texlive-combined-2022-texmfdist/tex/latex/amsfonts/umsb.fd
File: umsb.fd 2013/01/14 v3.01 AMS symbols B
)
LaTeX Font Info:    Trying to load font information for U+rsfs on input line 251.
 (/nix/store/hkaxbm8gpfmm2ci10vfml0v06xvj9wv5-texlive-combined-2022-texmfdist/tex/latex/jknapltx/ursfs.fd
File: ursfs.fd 1998/03/24 rsfs font definition file (jk)
) (./CA.toc
LaTeX Font Info:    External font `lmex10' loaded for size
(Font)              <10> on input line 3.
LaTeX Font Info:    External font `lmex10' loaded for size
(Font)              <7> on input line 3.
LaTeX Font Info:    External font `lmex10' loaded for size
(Font)              <5> on input line 3.
)
\tf@toc=\write6
\openout6 = `CA.toc'.

 [1

{/nix/store/x8hzifbdhx9rzl4j883axxnn3wzm15nz-texlive-combined-2022/share/texmf-var/fonts/map/pdftex/updmap/pdftex.map}]

LaTeX Warning: File `sunglasses_emoji.png' not found on input line 300.


./CA.tex:300: Package pdftex.def Error: File `sunglasses_emoji.png' not found: using draft setting.

See the pdftex.def package documentation for explanation.
Type  H <return>  for immediate help.
 ...                                              
                                                  
l.300 \end{proof}
                 
Try typing  <return>  to proceed.
If that doesn't work, type  X <return>  to quit.

LaTeX Font Info:    Trying to load font information for T1+lmtt on input line 300.
(/nix/store/hkaxbm8gpfmm2ci10vfml0v06xvj9wv5-texlive-combined-2022-texmfdist/tex/latex/lm/t1lmtt.fd
File: t1lmtt.fd 2015/05/01 v1.6.1 Font defs for Latin Modern
)

LaTeX Warning: File `sunglasses_emoji.png' not found on input line 321.


./CA.tex:321: Package pdftex.def Error: File `sunglasses_emoji.png' not found: using draft setting.

See the pdftex.def package documentation for explanation.
Type  H <return>  for immediate help.
 ...                                              
                                                  
l.321     \item Trivial.\qedhere
                                 % qedhere is to place the qed symbol here i...
Try typing  <return>  to proceed.
If that doesn't work, type  X <return>  to quit.


LaTeX Warning: File `sunglasses_emoji.png' not found on input line 331.


./CA.tex:331: Package pdftex.def Error: File `sunglasses_emoji.png' not found: using draft setting.

See the pdftex.def package documentation for explanation.
Type  H <return>  for immediate help.
 ...                                              
                                                  
l.331 ...{1}{1}+\frac{1}{1}\gg\frac{1}{1} \qedhere
                                                  
Try typing  <return>  to proceed.
If that doesn't work, type  X <return>  to quit.


LaTeX Warning: File `sunglasses_emoji.png' not found on input line 343.


./CA.tex:343: Package pdftex.def Error: File `sunglasses_emoji.png' not found: using draft setting.

See the pdftex.def package documentation for explanation.
Type  H <return>  for immediate help.
 ...                                              
                                                  
l.343 \end{proof}
                 
Try typing  <return>  to proceed.
If that doesn't work, type  X <return>  to quit.


LaTeX Warning: File `sunglasses_emoji.png' not found on input line 360.


./CA.tex:360: Package pdftex.def Error: File `sunglasses_emoji.png' not found: using draft setting.

See the pdftex.def package documentation for explanation.
Type  H <return>  for immediate help.
 ...                                              
                                                  
l.360 \end{proof}
                 
Try typing  <return>  to proceed.
If that doesn't work, type  X <return>  to quit.


LaTeX Warning: Citation 'sekhon' on page 2 undefined on input line 362.


Underfull \hbox (badness 10000) in paragraph at lines 362--363

 []


LaTeX Warning: Citation 'taylor' on page 2 undefined on input line 364.

[2]
Underfull \hbox (badness 10000) in paragraph at lines 377--379

 []

[3]

LaTeX Warning: Empty bibliography on input line 384.

(./CA.aux)

LaTeX Warning: There were undefined references.

Package rerunfilecheck Info: File `CA.out' has not changed.
(rerunfilecheck)             Checksum: 558C885132CECCE0638C9316276C3BE6;373.

Package biblatex Warning: Please (re)run BibTeX on the file(s):
(biblatex)                CA
(biblatex)                and rerun LaTeX afterwards.

Package logreq Info: Writing requests to 'CA.run.xml'.
\openout1 = `CA.run.xml'.

 ) 
Here is how much of TeX's memory you used:
 55648 strings out of 476024
 1317512 string characters out of 5769556
 2164600 words of memory out of 5000000
 75091 multiletter control sequences out of 15000+600000
 591576 words of font info for 90 fonts, out of 8000000 for 9000
 1141 hyphenation exceptions out of 8191
 93i,14n,99p,1965b,2090s stack positions out of 10000i,1000n,20000p,200000b,200000s
{/nix/store/hkaxbm8gpfmm2ci10vfml0v06xvj9wv5-texlive-combined-2022-texmfdist/fonts/enc/dvips/lm/lm-rm.enc}{/nix/store/hkaxbm8gpfmm2ci10vfml0v06xvj9wv5-texlive-combined-2022-texmfdist/fonts/enc/dvips/lm/lm-ec.enc}{/nix/store/hkaxbm8gpfmm2ci10vfml0v06xvj9wv5-texlive-combined-2022-texmfdist/fonts/enc/dvips/lm/lm-mathex.enc}{/nix/store/hkaxbm8gpfmm2ci10vfml0v06xvj9wv5-texlive-combined-2022-texmfdist/fonts/enc/dvips/lm/lm-mathit.enc}{/nix/store/hkaxbm8gpfmm2ci10vfml0v06xvj9wv5-texlive-combined-2022-texmfdist/fonts/enc/dvips/lm/lm-mathsy.enc}</nix/store/hkaxbm8gpfmm2ci10vfml0v06xvj9wv5-texlive-combined-2022-texmfdist/fonts/type1/public/lm/lmbx10.pfb></nix/store/hkaxbm8gpfmm2ci10vfml0v06xvj9wv5-texlive-combined-2022-texmfdist/fonts/type1/public/lm/lmex10.pfb></nix/store/hkaxbm8gpfmm2ci10vfml0v06xvj9wv5-texlive-combined-2022-texmfdist/fonts/type1/public/lm/lmmi10.pfb></nix/store/hkaxbm8gpfmm2ci10vfml0v06xvj9wv5-texlive-combined-2022-texmfdist/fonts/type1/public/lm/lmmi7.pfb></nix/store/hkaxbm8gpfmm2ci10vfml0v06xvj9wv5-texlive-combined-2022-texmfdist/fonts/type1/public/lm/lmr10.pfb></nix/store/hkaxbm8gpfmm2ci10vfml0v06xvj9wv5-texlive-combined-2022-texmfdist/fonts/type1/public/lm/lmr5.pfb></nix/store/hkaxbm8gpfmm2ci10vfml0v06xvj9wv5-texlive-combined-2022-texmfdist/fonts/type1/public/lm/lmr7.pfb></nix/store/hkaxbm8gpfmm2ci10vfml0v06xvj9wv5-texlive-combined-2022-texmfdist/fonts/type1/public/lm/lmri10.pfb></nix/store/hkaxbm8gpfmm2ci10vfml0v06xvj9wv5-texlive-combined-2022-texmfdist/fonts/type1/public/lm/lmss10.pfb></nix/store/hkaxbm8gpfmm2ci10vfml0v06xvj9wv5-texlive-combined-2022-texmfdist/fonts/type1/public/lm/lmss12.pfb></nix/store/hkaxbm8gpfmm2ci10vfml0v06xvj9wv5-texlive-combined-2022-texmfdist/fonts/type1/public/lm/lmssbx10.pfb></nix/store/hkaxbm8gpfmm2ci10vfml0v06xvj9wv5-texlive-combined-2022-texmfdist/fonts/type1/public/lm/lmsy10.pfb></nix/store/hkaxbm8gpfmm2ci10vfml0v06xvj9wv5-texlive-combined-2022-texmfdist/fonts/type1/public/lm/lmsy7.pfb></nix/store/hkaxbm8gpfmm2ci10vf
ml0v06xvj9wv5-texlive-combined-2022-texmfdist/fonts/type1/public/lm/lmtt10.pfb></nix/store/hkaxbm8gpfmm2ci10vfml0v06xvj9wv5-texlive-combined-2022-texmfdist/fonts/type1/public/amsfonts/symbols/msbm10.pfb>
Output written on CA.pdf (3 pages, 245451 bytes).
PDF statistics:
 188 PDF objects out of 1000 (max. 8388607)
 122 compressed objects within 2 object streams
 21 named destinations out of 1000 (max. 500000)
 205 words of extra memory for PDF output out of 10000 (max. 10000000)

