This is pdfTeX, Version 3.141592653-2.6-1.40.24 (TeX Live 2022/nixos.org) (preloaded format=pdflatex 1980.1.1)  12 MAR 2024 11:43
entering extended mode
 restricted \write18 enabled.
 %&-line parsing enabled.
**B01-titulo1.tex
(./B01-titulo1.tex
LaTeX2e <2022-11-01> patch level 1
L3 programming layer <2023-02-22>
(/nix/store/hw99rim95k7p6kmvdzpsbrkd3ciiy23x-texlive-2022-env-texmfdist/tex/lat
ex/base/article.cls
Document Class: article 2022/07/02 v1.4n Standard LaTeX document class

(/nix/store/hw99rim95k7p6kmvdzpsbrkd3ciiy23x-texlive-2022-env-texmfdist/tex/lat
ex/base/size10.clo
File: size10.clo 2022/07/02 v1.4n Standard LaTeX file (size option)
)
\c@part=\count185
\c@section=\count186
\c@subsection=\count187
\c@subsubsection=\count188
\c@paragraph=\count189
\c@subparagraph=\count190
\c@figure=\count191
\c@table=\count192
\abovecaptionskip=\skip48
\belowcaptionskip=\skip49
\bibindent=\dimen140
)
(/nix/store/hw99rim95k7p6kmvdzpsbrkd3ciiy23x-texlive-2022-env-texmfdist/tex/lat
ex/l3backend/l3backend-pdftex.def
File: l3backend-pdftex.def 2023-01-16 L3 backend support: PDF output (pdfTeX)
\l__color_backend_stack_int=\count193
\l__pdf_internal_box=\box51
) (./B01-titulo1.aux)
\openout1 = `B01-titulo1.aux'.

LaTeX Font Info:    Checking defaults for OML/cmm/m/it on input line 22.
LaTeX Font Info:    ... okay on input line 22.
LaTeX Font Info:    Checking defaults for OMS/cmsy/m/n on input line 22.
LaTeX Font Info:    ... okay on input line 22.
LaTeX Font Info:    Checking defaults for OT1/cmr/m/n on input line 22.
LaTeX Font Info:    ... okay on input line 22.
LaTeX Font Info:    Checking defaults for T1/cmr/m/n on input line 22.
LaTeX Font Info:    ... okay on input line 22.
LaTeX Font Info:    Checking defaults for TS1/cmr/m/n on input line 22.
LaTeX Font Info:    ... okay on input line 22.
LaTeX Font Info:    Checking defaults for OMX/cmex/m/n on input line 22.
LaTeX Font Info:    ... okay on input line 22.
LaTeX Font Info:    Checking defaults for U/cmr/m/n on input line 22.
LaTeX Font Info:    ... okay on input line 22.
LaTeX Font Info:    External font `cmex10' loaded for size
(Font)              <12> on input line 23.
LaTeX Font Info:    External font `cmex10' loaded for size
(Font)              <8> on input line 23.
LaTeX Font Info:    External font `cmex10' loaded for size
(Font)              <6> on input line 23.

Overfull \hbox (13.47293pt too wide) in paragraph at lines 25--38
[]\OT1/cmr/m/n/10 Paragrafo 01 Corpo-do-Documento Corpo-do-Documento Corpo-do-D
ocumento
 []


Overfull \hbox (21.36188pt too wide) in paragraph at lines 25--38
\OT1/cmr/m/n/10 123456789 Corpo-do-Documento Corpo-do-Documento Corpo-do-Docume
nto Corpo-
 []


Overfull \hbox (7.58405pt too wide) in paragraph at lines 25--38
\OT1/cmr/m/n/10 do-Documento Corpo-do-Documento Corpo-do-Documento Corpo-do-Doc
umento
 []


Overfull \hbox (37.88966pt too wide) in paragraph at lines 25--38
\OT1/cmr/m/n/10 Corpo-do-Documento Corpo-do-Documento Corpo-do-Documento Corpo-
do-Documento
 []


Overfull \hbox (37.88966pt too wide) in paragraph at lines 25--38
\OT1/cmr/m/n/10 Corpo-do-Documento Corpo-do-Documento Corpo-do-Documento Corpo-
do-Documento
 []


Overfull \hbox (37.88966pt too wide) in paragraph at lines 25--38
\OT1/cmr/m/n/10 Corpo-do-Documento Corpo-do-Documento Corpo-do-Documento Corpo-
do-Documento
 []


Overfull \hbox (37.88966pt too wide) in paragraph at lines 25--38
\OT1/cmr/m/n/10 Corpo-do-Documento Corpo-do-Documento Corpo-do-Documento Corpo-
do-Documento
 []


Underfull \hbox (badness 10000) in paragraph at lines 25--38

 []


Overfull \hbox (13.47293pt too wide) in paragraph at lines 40--49
[]\OT1/cmr/m/n/10 Paragrafo 03 Corpo-do-Documento Corpo-do-Documento Corpo-do-D
ocumento
 []


Overfull \hbox (127.88994pt too wide) in paragraph at lines 40--49
\OT1/cmr/m/n/10 Corpo-do-Documento Corpo-do-Documento Corpo-do-Documento Corpo-
do-Documento123456789123456789
 []

[1

{/nix/store/a7y41s9l1yy22xgf4g1bzydfy3lbfsiv-texlive-2022-env/share/texmf-var/f
onts/map/pdftex/updmap/pdftex.map}] (./B01-titulo1.aux) ) 
Here is how much of TeX's memory you used:
 454 strings out of 477138
 8773 string characters out of 5799522
 1856388 words of memory out of 5000000
 20804 multiletter control sequences out of 15000+600000
 515322 words of font info for 42 fonts, out of 8000000 for 9000
 430 hyphenation exceptions out of 8191
 34i,7n,38p,517b,209s stack positions out of 10000i,1000n,20000p,200000b,200000s
</nix/store/hw99rim95k
7p6kmvdzpsbrkd3ciiy23x-texlive-2022-env-texmfdist/fonts/type1/public/amsfonts/c
m/cmr10.pfb></nix/store/hw99rim95k7p6kmvdzpsbrkd3ciiy23x-texlive-2022-env-texmf
dist/fonts/type1/public/amsfonts/cm/cmr12.pfb></nix/store/hw99rim95k7p6kmvdzpsb
rkd3ciiy23x-texlive-2022-env-texmfdist/fonts/type1/public/amsfonts/cm/cmr17.pfb
>
Output written on B01-titulo1.pdf (1 page, 49089 bytes).
PDF statistics:
 23 PDF objects out of 1000 (max. 8388607)
 13 compressed objects within 1 object stream
 0 named destinations out of 1000 (max. 500000)
 1 words of extra memory for PDF output out of 10000 (max. 10000000)

