The system is: Linux - 6.5.4 - x86_64
Compiling the C compiler identification source file "CMakeCCompilerId.c" succeeded.
Compiler: /run/current-system/sw/bin/cc 
Build flags: 
Id flags:  

The output was:
0


Compilation of the C compiler identification source "CMakeCCompilerId.c" produced "a.out"

The C compiler identification is GNU, found in "/home/sophia/Dev/Learning/CMake/Step1Build/CMakeFiles/3.25.3/CompilerIdC/a.out"

Compiling the CXX compiler identification source file "CMakeCXXCompilerId.cpp" succeeded.
Compiler: /run/current-system/sw/bin/c++ 
Build flags: 
Id flags:  

The output was:
0


Compilation of the CXX compiler identification source "CMakeCXXCompilerId.cpp" produced "a.out"

The CXX compiler identification is GNU, found in "/home/sophia/Dev/Learning/CMake/Step1Build/CMakeFiles/3.25.3/CompilerIdCXX/a.out"

Detecting C compiler ABI info compiled with the following output:
Change Dir: /home/sophia/Dev/Learning/CMake/Step1Build/CMakeFiles/CMakeScratch/TryCompile-r8lRIO

Run Build Command(s):/run/current-system/sw/bin/make -f Makefile cmTC_727c0/fast && /run/current-system/sw/bin/make  -f CMakeFiles/cmTC_727c0.dir/build.make CMakeFiles/cmTC_727c0.dir/build
make[1]: Entering directory '/home/sophia/Dev/Learning/CMake/Step1Build/CMakeFiles/CMakeScratch/TryCompile-r8lRIO'
Building C object CMakeFiles/cmTC_727c0.dir/CMakeCCompilerABI.c.o
/run/current-system/sw/bin/cc   -v -o CMakeFiles/cmTC_727c0.dir/CMakeCCompilerABI.c.o -c /nix/store/0s8gvg6nh3d3cbby1hjf69jfb2xdvbvp-cmake-3.25.3/share/cmake-3.25/Modules/CMakeCCompilerABI.c
Using built-in specs.
COLLECT_GCC=/nix/store/6z13b1vgvrw4kav1b9dh6ap4r101g5xq-gnat-12.2.0/bin/gcc
Target: x86_64-unknown-linux-gnu
Configured with: 
Thread model: posix
Supported LTO compression algorithms: zlib
gcc version 12.2.0 (GCC) 
COLLECT_GCC_OPTIONS='-v' '-o' 'CMakeFiles/cmTC_727c0.dir/CMakeCCompilerABI.c.o' '-c' '-B' '/nix/store/46m4xx889wlhsdj72j38fnlyyvvvvbyb-glibc-2.37-8/lib/' '-idirafter' '/nix/store/hkj250rjsvxcbr31fr1v81cv88cdfp4l-glibc-2.37-8-dev/include' '-idirafter' '/nix/store/6z13b1vgvrw4kav1b9dh6ap4r101g5xq-gnat-12.2.0/lib/gcc/x86_64-unknown-linux-gnu/12.2.0/include-fixed' '-B' '/nix/store/9zyj8rhxm7z79dr2jdagw8shvxz65j4d-gnat-12.2.0-lib/lib' '-B' '/nix/store/6z13b1vgvrw4kav1b9dh6ap4r101g5xq-gnat-12.2.0/lib/gcc/x86_64-unknown-linux-gnu/12.2.0' '-I' '/nix/store/6z13b1vgvrw4kav1b9dh6ap4r101g5xq-gnat-12.2.0/lib/gcc/x86_64-unknown-linux-gnu/12.2.0/adainclude' '-B' '/nix/store/d4lx238qi0cwr031vdlpf9zn6vjn6njg-gnat-wrapper-12.2.0/bin/' '-mtune=generic' '-march=x86-64' '-dumpdir' 'CMakeFiles/cmTC_727c0.dir/'
 /nix/store/6z13b1vgvrw4kav1b9dh6ap4r101g5xq-gnat-12.2.0/libexec/gcc/x86_64-unknown-linux-gnu/12.2.0/cc1 -quiet -v -I /nix/store/6z13b1vgvrw4kav1b9dh6ap4r101g5xq-gnat-12.2.0/lib/gcc/x86_64-unknown-linux-gnu/12.2.0/adainclude -isystem /nix/store/6z13b1vgvrw4kav1b9dh6ap4r101g5xq-gnat-12.2.0/lib/gcc/x86_64-unknown-linux-gnu/12.2.0/include -isystem /nix/store/6z13b1vgvrw4kav1b9dh6ap4r101g5xq-gnat-12.2.0/lib/gcc/x86_64-unknown-linux-gnu/12.2.0/include-fixed -idirafter /nix/store/hkj250rjsvxcbr31fr1v81cv88cdfp4l-glibc-2.37-8-dev/include -idirafter /nix/store/6z13b1vgvrw4kav1b9dh6ap4r101g5xq-gnat-12.2.0/lib/gcc/x86_64-unknown-linux-gnu/12.2.0/include-fixed /nix/store/0s8gvg6nh3d3cbby1hjf69jfb2xdvbvp-cmake-3.25.3/share/cmake-3.25/Modules/CMakeCCompilerABI.c -quiet -dumpdir CMakeFiles/cmTC_727c0.dir/ -dumpbase CMakeCCompilerABI.c.c -dumpbase-ext .c -mtune=generic -march=x86-64 -version -o /tmp/ccXnAQBc.s
GNU C17 (GCC) version 12.2.0 (x86_64-unknown-linux-gnu)
	compiled by GNU C version 12.1.0, GMP version 6.2.1, MPFR version 4.2.0, MPC version 1.3.1, isl version isl-0.20-GMP

GGC heuristics: --param ggc-min-expand=100 --param ggc-min-heapsize=131072
ignoring duplicate directory "/nix/store/6z13b1vgvrw4kav1b9dh6ap4r101g5xq-gnat-12.2.0/lib/gcc/x86_64-unknown-linux-gnu/12.2.0/include"
ignoring duplicate directory "/nix/store/6z13b1vgvrw4kav1b9dh6ap4r101g5xq-gnat-12.2.0/lib/gcc/x86_64-unknown-linux-gnu/12.2.0/include-fixed"
ignoring nonexistent directory "/nix/store/6z13b1vgvrw4kav1b9dh6ap4r101g5xq-gnat-12.2.0/lib/gcc/x86_64-unknown-linux-gnu/12.2.0/../../../../x86_64-unknown-linux-gnu/include"
ignoring duplicate directory "/nix/store/hkj250rjsvxcbr31fr1v81cv88cdfp4l-glibc-2.37-8-dev/include"
ignoring duplicate directory "/nix/store/6z13b1vgvrw4kav1b9dh6ap4r101g5xq-gnat-12.2.0/lib/gcc/x86_64-unknown-linux-gnu/12.2.0/include-fixed"
#include "..." search starts here:
#include <...> search starts here:
 /nix/store/6z13b1vgvrw4kav1b9dh6ap4r101g5xq-gnat-12.2.0/lib/gcc/x86_64-unknown-linux-gnu/12.2.0/adainclude
 /nix/store/6z13b1vgvrw4kav1b9dh6ap4r101g5xq-gnat-12.2.0/lib/gcc/x86_64-unknown-linux-gnu/12.2.0/include
 /nix/store/6z13b1vgvrw4kav1b9dh6ap4r101g5xq-gnat-12.2.0/lib/gcc/x86_64-unknown-linux-gnu/12.2.0/include-fixed
 /nix/store/6z13b1vgvrw4kav1b9dh6ap4r101g5xq-gnat-12.2.0/include
 /nix/store/hkj250rjsvxcbr31fr1v81cv88cdfp4l-glibc-2.37-8-dev/include
End of search list.
GNU C17 (GCC) version 12.2.0 (x86_64-unknown-linux-gnu)
	compiled by GNU C version 12.1.0, GMP version 6.2.1, MPFR version 4.2.0, MPC version 1.3.1, isl version isl-0.20-GMP

GGC heuristics: --param ggc-min-expand=100 --param ggc-min-heapsize=131072
Compiler executable checksum: ee748ad9e300007d29987424d5c5d27f
COLLECT_GCC_OPTIONS='-v' '-o' 'CMakeFiles/cmTC_727c0.dir/CMakeCCompilerABI.c.o' '-c' '-B' '/nix/store/46m4xx889wlhsdj72j38fnlyyvvvvbyb-glibc-2.37-8/lib/' '-idirafter' '/nix/store/hkj250rjsvxcbr31fr1v81cv88cdfp4l-glibc-2.37-8-dev/include' '-idirafter' '/nix/store/6z13b1vgvrw4kav1b9dh6ap4r101g5xq-gnat-12.2.0/lib/gcc/x86_64-unknown-linux-gnu/12.2.0/include-fixed' '-B' '/nix/store/9zyj8rhxm7z79dr2jdagw8shvxz65j4d-gnat-12.2.0-lib/lib' '-B' '/nix/store/6z13b1vgvrw4kav1b9dh6ap4r101g5xq-gnat-12.2.0/lib/gcc/x86_64-unknown-linux-gnu/12.2.0' '-I' '/nix/store/6z13b1vgvrw4kav1b9dh6ap4r101g5xq-gnat-12.2.0/lib/gcc/x86_64-unknown-linux-gnu/12.2.0/adainclude' '-B' '/nix/store/d4lx238qi0cwr031vdlpf9zn6vjn6njg-gnat-wrapper-12.2.0/bin/' '-mtune=generic' '-march=x86-64' '-dumpdir' 'CMakeFiles/cmTC_727c0.dir/'
 /nix/store/d4lx238qi0cwr031vdlpf9zn6vjn6njg-gnat-wrapper-12.2.0/bin/as -v -I /nix/store/6z13b1vgvrw4kav1b9dh6ap4r101g5xq-gnat-12.2.0/lib/gcc/x86_64-unknown-linux-gnu/12.2.0/adainclude --64 -o CMakeFiles/cmTC_727c0.dir/CMakeCCompilerABI.c.o /tmp/ccXnAQBc.s
GNU assembler version 2.40 (x86_64-unknown-linux-gnu) using BFD version (GNU Binutils) 2.40
COMPILER_PATH=/nix/store/46m4xx889wlhsdj72j38fnlyyvvvvbyb-glibc-2.37-8/lib/:/nix/store/9zyj8rhxm7z79dr2jdagw8shvxz65j4d-gnat-12.2.0-lib/lib/:/nix/store/6z13b1vgvrw4kav1b9dh6ap4r101g5xq-gnat-12.2.0/lib/gcc/x86_64-unknown-linux-gnu/12.2.0/:/nix/store/d4lx238qi0cwr031vdlpf9zn6vjn6njg-gnat-wrapper-12.2.0/bin/:/nix/store/6z13b1vgvrw4kav1b9dh6ap4r101g5xq-gnat-12.2.0/libexec/gcc/x86_64-unknown-linux-gnu/12.2.0/:/nix/store/6z13b1vgvrw4kav1b9dh6ap4r101g5xq-gnat-12.2.0/libexec/gcc/x86_64-unknown-linux-gnu/12.2.0/:/nix/store/6z13b1vgvrw4kav1b9dh6ap4r101g5xq-gnat-12.2.0/libexec/gcc/x86_64-unknown-linux-gnu/:/nix/store/6z13b1vgvrw4kav1b9dh6ap4r101g5xq-gnat-12.2.0/lib/gcc/x86_64-unknown-linux-gnu/12.2.0/:/nix/store/6z13b1vgvrw4kav1b9dh6ap4r101g5xq-gnat-12.2.0/lib/gcc/x86_64-unknown-linux-gnu/
LIBRARY_PATH=/nix/store/46m4xx889wlhsdj72j38fnlyyvvvvbyb-glibc-2.37-8/lib/:/nix/store/9zyj8rhxm7z79dr2jdagw8shvxz65j4d-gnat-12.2.0-lib/lib/:/nix/store/6z13b1vgvrw4kav1b9dh6ap4r101g5xq-gnat-12.2.0/lib/gcc/x86_64-unknown-linux-gnu/12.2.0/:/nix/store/d4lx238qi0cwr031vdlpf9zn6vjn6njg-gnat-wrapper-12.2.0/bin/:/nix/store/6z13b1vgvrw4kav1b9dh6ap4r101g5xq-gnat-12.2.0/lib/gcc/x86_64-unknown-linux-gnu/12.2.0/:/nix/store/6z13b1vgvrw4kav1b9dh6ap4r101g5xq-gnat-12.2.0/lib/gcc/x86_64-unknown-linux-gnu/12.2.0/../../../../lib64/:/nix/store/6z13b1vgvrw4kav1b9dh6ap4r101g5xq-gnat-12.2.0/lib/gcc/x86_64-unknown-linux-gnu/12.2.0/../../../
COLLECT_GCC_OPTIONS='-v' '-o' 'CMakeFiles/cmTC_727c0.dir/CMakeCCompilerABI.c.o' '-c' '-B' '/nix/store/46m4xx889wlhsdj72j38fnlyyvvvvbyb-glibc-2.37-8/lib/' '-idirafter' '/nix/store/hkj250rjsvxcbr31fr1v81cv88cdfp4l-glibc-2.37-8-dev/include' '-idirafter' '/nix/store/6z13b1vgvrw4kav1b9dh6ap4r101g5xq-gnat-12.2.0/lib/gcc/x86_64-unknown-linux-gnu/12.2.0/include-fixed' '-B' '/nix/store/9zyj8rhxm7z79dr2jdagw8shvxz65j4d-gnat-12.2.0-lib/lib' '-B' '/nix/store/6z13b1vgvrw4kav1b9dh6ap4r101g5xq-gnat-12.2.0/lib/gcc/x86_64-unknown-linux-gnu/12.2.0' '-I' '/nix/store/6z13b1vgvrw4kav1b9dh6ap4r101g5xq-gnat-12.2.0/lib/gcc/x86_64-unknown-linux-gnu/12.2.0/adainclude' '-B' '/nix/store/d4lx238qi0cwr031vdlpf9zn6vjn6njg-gnat-wrapper-12.2.0/bin/' '-mtune=generic' '-march=x86-64' '-dumpdir' 'CMakeFiles/cmTC_727c0.dir/CMakeCCompilerABI.c.'
Linking C executable cmTC_727c0
/nix/store/0s8gvg6nh3d3cbby1hjf69jfb2xdvbvp-cmake-3.25.3/bin/cmake -E cmake_link_script CMakeFiles/cmTC_727c0.dir/link.txt --verbose=1
/run/current-system/sw/bin/cc  -v CMakeFiles/cmTC_727c0.dir/CMakeCCompilerABI.c.o -o cmTC_727c0 
Using built-in specs.
COLLECT_GCC=/nix/store/6z13b1vgvrw4kav1b9dh6ap4r101g5xq-gnat-12.2.0/bin/gcc
COLLECT_LTO_WRAPPER=/nix/store/6z13b1vgvrw4kav1b9dh6ap4r101g5xq-gnat-12.2.0/libexec/gcc/x86_64-unknown-linux-gnu/12.2.0/lto-wrapper
Target: x86_64-unknown-linux-gnu
Configured with: 
Thread model: posix
Supported LTO compression algorithms: zlib
gcc version 12.2.0 (GCC) 
COMPILER_PATH=/nix/store/46m4xx889wlhsdj72j38fnlyyvvvvbyb-glibc-2.37-8/lib/:/nix/store/9zyj8rhxm7z79dr2jdagw8shvxz65j4d-gnat-12.2.0-lib/lib/:/nix/store/6z13b1vgvrw4kav1b9dh6ap4r101g5xq-gnat-12.2.0/lib/gcc/x86_64-unknown-linux-gnu/12.2.0/:/nix/store/d4lx238qi0cwr031vdlpf9zn6vjn6njg-gnat-wrapper-12.2.0/bin/:/nix/store/6z13b1vgvrw4kav1b9dh6ap4r101g5xq-gnat-12.2.0/libexec/gcc/x86_64-unknown-linux-gnu/12.2.0/:/nix/store/6z13b1vgvrw4kav1b9dh6ap4r101g5xq-gnat-12.2.0/libexec/gcc/x86_64-unknown-linux-gnu/12.2.0/:/nix/store/6z13b1vgvrw4kav1b9dh6ap4r101g5xq-gnat-12.2.0/libexec/gcc/x86_64-unknown-linux-gnu/:/nix/store/6z13b1vgvrw4kav1b9dh6ap4r101g5xq-gnat-12.2.0/lib/gcc/x86_64-unknown-linux-gnu/12.2.0/:/nix/store/6z13b1vgvrw4kav1b9dh6ap4r101g5xq-gnat-12.2.0/lib/gcc/x86_64-unknown-linux-gnu/
LIBRARY_PATH=/nix/store/46m4xx889wlhsdj72j38fnlyyvvvvbyb-glibc-2.37-8/lib/:/nix/store/9zyj8rhxm7z79dr2jdagw8shvxz65j4d-gnat-12.2.0-lib/lib/:/nix/store/6z13b1vgvrw4kav1b9dh6ap4r101g5xq-gnat-12.2.0/lib/gcc/x86_64-unknown-linux-gnu/12.2.0/:/nix/store/d4lx238qi0cwr031vdlpf9zn6vjn6njg-gnat-wrapper-12.2.0/bin/:/nix/store/6z13b1vgvrw4kav1b9dh6ap4r101g5xq-gnat-12.2.0/lib/gcc/x86_64-unknown-linux-gnu/12.2.0/:/nix/store/6z13b1vgvrw4kav1b9dh6ap4r101g5xq-gnat-12.2.0/lib/gcc/x86_64-unknown-linux-gnu/12.2.0/../../../../lib64/:/nix/store/6z13b1vgvrw4kav1b9dh6ap4r101g5xq-gnat-12.2.0/lib/gcc/x86_64-unknown-linux-gnu/12.2.0/../../../
COLLECT_GCC_OPTIONS='-v' '-o' 'cmTC_727c0' '-B' '/nix/store/46m4xx889wlhsdj72j38fnlyyvvvvbyb-glibc-2.37-8/lib/' '-idirafter' '/nix/store/hkj250rjsvxcbr31fr1v81cv88cdfp4l-glibc-2.37-8-dev/include' '-idirafter' '/nix/store/6z13b1vgvrw4kav1b9dh6ap4r101g5xq-gnat-12.2.0/lib/gcc/x86_64-unknown-linux-gnu/12.2.0/include-fixed' '-B' '/nix/store/9zyj8rhxm7z79dr2jdagw8shvxz65j4d-gnat-12.2.0-lib/lib' '-B' '/nix/store/6z13b1vgvrw4kav1b9dh6ap4r101g5xq-gnat-12.2.0/lib/gcc/x86_64-unknown-linux-gnu/12.2.0' '-I' '/nix/store/6z13b1vgvrw4kav1b9dh6ap4r101g5xq-gnat-12.2.0/lib/gcc/x86_64-unknown-linux-gnu/12.2.0/adainclude' '-B' '/nix/store/d4lx238qi0cwr031vdlpf9zn6vjn6njg-gnat-wrapper-12.2.0/bin/' '-L/nix/store/46m4xx889wlhsdj72j38fnlyyvvvvbyb-glibc-2.37-8/lib' '-L/nix/store/9zyj8rhxm7z79dr2jdagw8shvxz65j4d-gnat-12.2.0-lib/lib' '-mtune=generic' '-march=x86-64' '-dumpdir' 'cmTC_727c0.'
 /nix/store/6z13b1vgvrw4kav1b9dh6ap4r101g5xq-gnat-12.2.0/libexec/gcc/x86_64-unknown-linux-gnu/12.2.0/collect2 -plugin /nix/store/6z13b1vgvrw4kav1b9dh6ap4r101g5xq-gnat-12.2.0/libexec/gcc/x86_64-unknown-linux-gnu/12.2.0/liblto_plugin.so -plugin-opt=/nix/store/6z13b1vgvrw4kav1b9dh6ap4r101g5xq-gnat-12.2.0/libexec/gcc/x86_64-unknown-linux-gnu/12.2.0/lto-wrapper -plugin-opt=-fresolution=/tmp/cc1PIzeQ.res -plugin-opt=-pass-through=-lgcc -plugin-opt=-pass-through=-lgcc_s -plugin-opt=-pass-through=-lc -plugin-opt=-pass-through=-lgcc -plugin-opt=-pass-through=-lgcc_s --eh-frame-hdr -m elf_x86_64 -dynamic-linker /nix/store/46m4xx889wlhsdj72j38fnlyyvvvvbyb-glibc-2.37-8/lib64/ld-linux-x86-64.so.2 -o cmTC_727c0 /nix/store/46m4xx889wlhsdj72j38fnlyyvvvvbyb-glibc-2.37-8/lib/crt1.o /nix/store/46m4xx889wlhsdj72j38fnlyyvvvvbyb-glibc-2.37-8/lib/crti.o /nix/store/6z13b1vgvrw4kav1b9dh6ap4r101g5xq-gnat-12.2.0/lib/gcc/x86_64-unknown-linux-gnu/12.2.0/crtbegin.o -L/nix/store/46m4xx889wlhsdj72j38fnlyyvvvvbyb-glibc-2.37-8/lib -L/nix/store/9zyj8rhxm7z79dr2jdagw8shvxz65j4d-gnat-12.2.0-lib/lib -L/nix/store/46m4xx889wlhsdj72j38fnlyyvvvvbyb-glibc-2.37-8/lib -L/nix/store/9zyj8rhxm7z79dr2jdagw8shvxz65j4d-gnat-12.2.0-lib/lib -L/nix/store/6z13b1vgvrw4kav1b9dh6ap4r101g5xq-gnat-12.2.0/lib/gcc/x86_64-unknown-linux-gnu/12.2.0 -L/nix/store/d4lx238qi0cwr031vdlpf9zn6vjn6njg-gnat-wrapper-12.2.0/bin -L/nix/store/6z13b1vgvrw4kav1b9dh6ap4r101g5xq-gnat-12.2.0/lib/gcc/x86_64-unknown-linux-gnu/12.2.0 -L/nix/store/6z13b1vgvrw4kav1b9dh6ap4r101g5xq-gnat-12.2.0/lib/gcc/x86_64-unknown-linux-gnu/12.2.0/../../../../lib64 -L/nix/store/6z13b1vgvrw4kav1b9dh6ap4r101g5xq-gnat-12.2.0/lib/gcc/x86_64-unknown-linux-gnu/12.2.0/../../.. -dynamic-linker=/nix/store/46m4xx889wlhsdj72j38fnlyyvvvvbyb-glibc-2.37-8/lib/ld-linux-x86-64.so.2 CMakeFiles/cmTC_727c0.dir/CMakeCCompilerABI.c.o -lgcc --push-state --as-needed -lgcc_s --pop-state -lc -lgcc --push-state --as-needed -lgcc_s --pop-state /nix/store/6z13b1vgvrw4kav1b9dh6ap4r101g5xq-gnat-12.2.0/lib/gcc/x86_64-unknown-linux-gnu/12.2.0/crtend.o /nix/store/46m4xx889wlhsdj72j38fnlyyvvvvbyb-glibc-2.37-8/lib/crtn.o
COLLECT_GCC_OPTIONS='-v' '-o' 'cmTC_727c0' '-B' '/nix/store/46m4xx889wlhsdj72j38fnlyyvvvvbyb-glibc-2.37-8/lib/' '-idirafter' '/nix/store/hkj250rjsvxcbr31fr1v81cv88cdfp4l-glibc-2.37-8-dev/include' '-idirafter' '/nix/store/6z13b1vgvrw4kav1b9dh6ap4r101g5xq-gnat-12.2.0/lib/gcc/x86_64-unknown-linux-gnu/12.2.0/include-fixed' '-B' '/nix/store/9zyj8rhxm7z79dr2jdagw8shvxz65j4d-gnat-12.2.0-lib/lib' '-B' '/nix/store/6z13b1vgvrw4kav1b9dh6ap4r101g5xq-gnat-12.2.0/lib/gcc/x86_64-unknown-linux-gnu/12.2.0' '-I' '/nix/store/6z13b1vgvrw4kav1b9dh6ap4r101g5xq-gnat-12.2.0/lib/gcc/x86_64-unknown-linux-gnu/12.2.0/adainclude' '-B' '/nix/store/d4lx238qi0cwr031vdlpf9zn6vjn6njg-gnat-wrapper-12.2.0/bin/' '-L/nix/store/46m4xx889wlhsdj72j38fnlyyvvvvbyb-glibc-2.37-8/lib' '-L/nix/store/9zyj8rhxm7z79dr2jdagw8shvxz65j4d-gnat-12.2.0-lib/lib' '-mtune=generic' '-march=x86-64' '-dumpdir' 'cmTC_727c0.'
make[1]: Leaving directory '/home/sophia/Dev/Learning/CMake/Step1Build/CMakeFiles/CMakeScratch/TryCompile-r8lRIO'



Parsed C implicit include dir info from above output: rv=done
  found start of include info
  found start of implicit include info
    add: [/nix/store/6z13b1vgvrw4kav1b9dh6ap4r101g5xq-gnat-12.2.0/lib/gcc/x86_64-unknown-linux-gnu/12.2.0/adainclude]
    add: [/nix/store/6z13b1vgvrw4kav1b9dh6ap4r101g5xq-gnat-12.2.0/lib/gcc/x86_64-unknown-linux-gnu/12.2.0/include]
    add: [/nix/store/6z13b1vgvrw4kav1b9dh6ap4r101g5xq-gnat-12.2.0/lib/gcc/x86_64-unknown-linux-gnu/12.2.0/include-fixed]
    add: [/nix/store/6z13b1vgvrw4kav1b9dh6ap4r101g5xq-gnat-12.2.0/include]
    add: [/nix/store/hkj250rjsvxcbr31fr1v81cv88cdfp4l-glibc-2.37-8-dev/include]
  end of search list found
  collapse include dir [/nix/store/6z13b1vgvrw4kav1b9dh6ap4r101g5xq-gnat-12.2.0/lib/gcc/x86_64-unknown-linux-gnu/12.2.0/adainclude] ==> [/nix/store/6z13b1vgvrw4kav1b9dh6ap4r101g5xq-gnat-12.2.0/lib/gcc/x86_64-unknown-linux-gnu/12.2.0/adainclude]
  collapse include dir [/nix/store/6z13b1vgvrw4kav1b9dh6ap4r101g5xq-gnat-12.2.0/lib/gcc/x86_64-unknown-linux-gnu/12.2.0/include] ==> [/nix/store/6z13b1vgvrw4kav1b9dh6ap4r101g5xq-gnat-12.2.0/lib/gcc/x86_64-unknown-linux-gnu/12.2.0/include]
  collapse include dir [/nix/store/6z13b1vgvrw4kav1b9dh6ap4r101g5xq-gnat-12.2.0/lib/gcc/x86_64-unknown-linux-gnu/12.2.0/include-fixed] ==> [/nix/store/6z13b1vgvrw4kav1b9dh6ap4r101g5xq-gnat-12.2.0/lib/gcc/x86_64-unknown-linux-gnu/12.2.0/include-fixed]
  collapse include dir [/nix/store/6z13b1vgvrw4kav1b9dh6ap4r101g5xq-gnat-12.2.0/include] ==> [/nix/store/6z13b1vgvrw4kav1b9dh6ap4r101g5xq-gnat-12.2.0/include]
  collapse include dir [/nix/store/hkj250rjsvxcbr31fr1v81cv88cdfp4l-glibc-2.37-8-dev/include] ==> [/nix/store/hkj250rjsvxcbr31fr1v81cv88cdfp4l-glibc-2.37-8-dev/include]
  implicit include dirs: [/nix/store/6z13b1vgvrw4kav1b9dh6ap4r101g5xq-gnat-12.2.0/lib/gcc/x86_64-unknown-linux-gnu/12.2.0/adainclude;/nix/store/6z13b1vgvrw4kav1b9dh6ap4r101g5xq-gnat-12.2.0/lib/gcc/x86_64-unknown-linux-gnu/12.2.0/include;/nix/store/6z13b1vgvrw4kav1b9dh6ap4r101g5xq-gnat-12.2.0/lib/gcc/x86_64-unknown-linux-gnu/12.2.0/include-fixed;/nix/store/6z13b1vgvrw4kav1b9dh6ap4r101g5xq-gnat-12.2.0/include;/nix/store/hkj250rjsvxcbr31fr1v81cv88cdfp4l-glibc-2.37-8-dev/include]


Parsed C implicit link information from above output:
  link line regex: [^( *|.*[/\])(ld|CMAKE_LINK_STARTFILE-NOTFOUND|([^/\]+-)?ld|collect2)[^/\]*( |$)]
  ignore line: [Change Dir: /home/sophia/Dev/Learning/CMake/Step1Build/CMakeFiles/CMakeScratch/TryCompile-r8lRIO]
  ignore line: []
  ignore line: [Run Build Command(s):/run/current-system/sw/bin/make -f Makefile cmTC_727c0/fast && /run/current-system/sw/bin/make  -f CMakeFiles/cmTC_727c0.dir/build.make CMakeFiles/cmTC_727c0.dir/build]
  ignore line: [make[1]: Entering directory '/home/sophia/Dev/Learning/CMake/Step1Build/CMakeFiles/CMakeScratch/TryCompile-r8lRIO']
  ignore line: [Building C object CMakeFiles/cmTC_727c0.dir/CMakeCCompilerABI.c.o]
  ignore line: [/run/current-system/sw/bin/cc   -v -o CMakeFiles/cmTC_727c0.dir/CMakeCCompilerABI.c.o -c /nix/store/0s8gvg6nh3d3cbby1hjf69jfb2xdvbvp-cmake-3.25.3/share/cmake-3.25/Modules/CMakeCCompilerABI.c]
  ignore line: [Using built-in specs.]
  ignore line: [COLLECT_GCC=/nix/store/6z13b1vgvrw4kav1b9dh6ap4r101g5xq-gnat-12.2.0/bin/gcc]
  ignore line: [Target: x86_64-unknown-linux-gnu]
  ignore line: [Configured with: ]
  ignore line: [Thread model: posix]
  ignore line: [Supported LTO compression algorithms: zlib]
  ignore line: [gcc version 12.2.0 (GCC) ]
  ignore line: [COLLECT_GCC_OPTIONS='-v' '-o' 'CMakeFiles/cmTC_727c0.dir/CMakeCCompilerABI.c.o' '-c' '-B' '/nix/store/46m4xx889wlhsdj72j38fnlyyvvvvbyb-glibc-2.37-8/lib/' '-idirafter' '/nix/store/hkj250rjsvxcbr31fr1v81cv88cdfp4l-glibc-2.37-8-dev/include' '-idirafter' '/nix/store/6z13b1vgvrw4kav1b9dh6ap4r101g5xq-gnat-12.2.0/lib/gcc/x86_64-unknown-linux-gnu/12.2.0/include-fixed' '-B' '/nix/store/9zyj8rhxm7z79dr2jdagw8shvxz65j4d-gnat-12.2.0-lib/lib' '-B' '/nix/store/6z13b1vgvrw4kav1b9dh6ap4r101g5xq-gnat-12.2.0/lib/gcc/x86_64-unknown-linux-gnu/12.2.0' '-I' '/nix/store/6z13b1vgvrw4kav1b9dh6ap4r101g5xq-gnat-12.2.0/lib/gcc/x86_64-unknown-linux-gnu/12.2.0/adainclude' '-B' '/nix/store/d4lx238qi0cwr031vdlpf9zn6vjn6njg-gnat-wrapper-12.2.0/bin/' '-mtune=generic' '-march=x86-64' '-dumpdir' 'CMakeFiles/cmTC_727c0.dir/']
  ignore line: [ /nix/store/6z13b1vgvrw4kav1b9dh6ap4r101g5xq-gnat-12.2.0/libexec/gcc/x86_64-unknown-linux-gnu/12.2.0/cc1 -quiet -v -I /nix/store/6z13b1vgvrw4kav1b9dh6ap4r101g5xq-gnat-12.2.0/lib/gcc/x86_64-unknown-linux-gnu/12.2.0/adainclude -isystem /nix/store/6z13b1vgvrw4kav1b9dh6ap4r101g5xq-gnat-12.2.0/lib/gcc/x86_64-unknown-linux-gnu/12.2.0/include -isystem /nix/store/6z13b1vgvrw4kav1b9dh6ap4r101g5xq-gnat-12.2.0/lib/gcc/x86_64-unknown-linux-gnu/12.2.0/include-fixed -idirafter /nix/store/hkj250rjsvxcbr31fr1v81cv88cdfp4l-glibc-2.37-8-dev/include -idirafter /nix/store/6z13b1vgvrw4kav1b9dh6ap4r101g5xq-gnat-12.2.0/lib/gcc/x86_64-unknown-linux-gnu/12.2.0/include-fixed /nix/store/0s8gvg6nh3d3cbby1hjf69jfb2xdvbvp-cmake-3.25.3/share/cmake-3.25/Modules/CMakeCCompilerABI.c -quiet -dumpdir CMakeFiles/cmTC_727c0.dir/ -dumpbase CMakeCCompilerABI.c.c -dumpbase-ext .c -mtune=generic -march=x86-64 -version -o /tmp/ccXnAQBc.s]
  ignore line: [GNU C17 (GCC) version 12.2.0 (x86_64-unknown-linux-gnu)]
  ignore line: [	compiled by GNU C version 12.1.0  GMP version 6.2.1  MPFR version 4.2.0  MPC version 1.3.1  isl version isl-0.20-GMP]
  ignore line: []
  ignore line: [GGC heuristics: --param ggc-min-expand=100 --param ggc-min-heapsize=131072]
  ignore line: [ignoring duplicate directory "/nix/store/6z13b1vgvrw4kav1b9dh6ap4r101g5xq-gnat-12.2.0/lib/gcc/x86_64-unknown-linux-gnu/12.2.0/include"]
  ignore line: [ignoring duplicate directory "/nix/store/6z13b1vgvrw4kav1b9dh6ap4r101g5xq-gnat-12.2.0/lib/gcc/x86_64-unknown-linux-gnu/12.2.0/include-fixed"]
  ignore line: [ignoring nonexistent directory "/nix/store/6z13b1vgvrw4kav1b9dh6ap4r101g5xq-gnat-12.2.0/lib/gcc/x86_64-unknown-linux-gnu/12.2.0/../../../../x86_64-unknown-linux-gnu/include"]
  ignore line: [ignoring duplicate directory "/nix/store/hkj250rjsvxcbr31fr1v81cv88cdfp4l-glibc-2.37-8-dev/include"]
  ignore line: [ignoring duplicate directory "/nix/store/6z13b1vgvrw4kav1b9dh6ap4r101g5xq-gnat-12.2.0/lib/gcc/x86_64-unknown-linux-gnu/12.2.0/include-fixed"]
  ignore line: [#include "..." search starts here:]
  ignore line: [#include <...> search starts here:]
  ignore line: [ /nix/store/6z13b1vgvrw4kav1b9dh6ap4r101g5xq-gnat-12.2.0/lib/gcc/x86_64-unknown-linux-gnu/12.2.0/adainclude]
  ignore line: [ /nix/store/6z13b1vgvrw4kav1b9dh6ap4r101g5xq-gnat-12.2.0/lib/gcc/x86_64-unknown-linux-gnu/12.2.0/include]
  ignore line: [ /nix/store/6z13b1vgvrw4kav1b9dh6ap4r101g5xq-gnat-12.2.0/lib/gcc/x86_64-unknown-linux-gnu/12.2.0/include-fixed]
  ignore line: [ /nix/store/6z13b1vgvrw4kav1b9dh6ap4r101g5xq-gnat-12.2.0/include]
  ignore line: [ /nix/store/hkj250rjsvxcbr31fr1v81cv88cdfp4l-glibc-2.37-8-dev/include]
  ignore line: [End of search list.]
  ignore line: [GNU C17 (GCC) version 12.2.0 (x86_64-unknown-linux-gnu)]
  ignore line: [	compiled by GNU C version 12.1.0  GMP version 6.2.1  MPFR version 4.2.0  MPC version 1.3.1  isl version isl-0.20-GMP]
  ignore line: []
  ignore line: [GGC heuristics: --param ggc-min-expand=100 --param ggc-min-heapsize=131072]
  ignore line: [Compiler executable checksum: ee748ad9e300007d29987424d5c5d27f]
  ignore line: [COLLECT_GCC_OPTIONS='-v' '-o' 'CMakeFiles/cmTC_727c0.dir/CMakeCCompilerABI.c.o' '-c' '-B' '/nix/store/46m4xx889wlhsdj72j38fnlyyvvvvbyb-glibc-2.37-8/lib/' '-idirafter' '/nix/store/hkj250rjsvxcbr31fr1v81cv88cdfp4l-glibc-2.37-8-dev/include' '-idirafter' '/nix/store/6z13b1vgvrw4kav1b9dh6ap4r101g5xq-gnat-12.2.0/lib/gcc/x86_64-unknown-linux-gnu/12.2.0/include-fixed' '-B' '/nix/store/9zyj8rhxm7z79dr2jdagw8shvxz65j4d-gnat-12.2.0-lib/lib' '-B' '/nix/store/6z13b1vgvrw4kav1b9dh6ap4r101g5xq-gnat-12.2.0/lib/gcc/x86_64-unknown-linux-gnu/12.2.0' '-I' '/nix/store/6z13b1vgvrw4kav1b9dh6ap4r101g5xq-gnat-12.2.0/lib/gcc/x86_64-unknown-linux-gnu/12.2.0/adainclude' '-B' '/nix/store/d4lx238qi0cwr031vdlpf9zn6vjn6njg-gnat-wrapper-12.2.0/bin/' '-mtune=generic' '-march=x86-64' '-dumpdir' 'CMakeFiles/cmTC_727c0.dir/']
  ignore line: [ /nix/store/d4lx238qi0cwr031vdlpf9zn6vjn6njg-gnat-wrapper-12.2.0/bin/as -v -I /nix/store/6z13b1vgvrw4kav1b9dh6ap4r101g5xq-gnat-12.2.0/lib/gcc/x86_64-unknown-linux-gnu/12.2.0/adainclude --64 -o CMakeFiles/cmTC_727c0.dir/CMakeCCompilerABI.c.o /tmp/ccXnAQBc.s]
  ignore line: [GNU assembler version 2.40 (x86_64-unknown-linux-gnu) using BFD version (GNU Binutils) 2.40]
  ignore line: [COMPILER_PATH=/nix/store/46m4xx889wlhsdj72j38fnlyyvvvvbyb-glibc-2.37-8/lib/:/nix/store/9zyj8rhxm7z79dr2jdagw8shvxz65j4d-gnat-12.2.0-lib/lib/:/nix/store/6z13b1vgvrw4kav1b9dh6ap4r101g5xq-gnat-12.2.0/lib/gcc/x86_64-unknown-linux-gnu/12.2.0/:/nix/store/d4lx238qi0cwr031vdlpf9zn6vjn6njg-gnat-wrapper-12.2.0/bin/:/nix/store/6z13b1vgvrw4kav1b9dh6ap4r101g5xq-gnat-12.2.0/libexec/gcc/x86_64-unknown-linux-gnu/12.2.0/:/nix/store/6z13b1vgvrw4kav1b9dh6ap4r101g5xq-gnat-12.2.0/libexec/gcc/x86_64-unknown-linux-gnu/12.2.0/:/nix/store/6z13b1vgvrw4kav1b9dh6ap4r101g5xq-gnat-12.2.0/libexec/gcc/x86_64-unknown-linux-gnu/:/nix/store/6z13b1vgvrw4kav1b9dh6ap4r101g5xq-gnat-12.2.0/lib/gcc/x86_64-unknown-linux-gnu/12.2.0/:/nix/store/6z13b1vgvrw4kav1b9dh6ap4r101g5xq-gnat-12.2.0/lib/gcc/x86_64-unknown-linux-gnu/]
  ignore line: [LIBRARY_PATH=/nix/store/46m4xx889wlhsdj72j38fnlyyvvvvbyb-glibc-2.37-8/lib/:/nix/store/9zyj8rhxm7z79dr2jdagw8shvxz65j4d-gnat-12.2.0-lib/lib/:/nix/store/6z13b1vgvrw4kav1b9dh6ap4r101g5xq-gnat-12.2.0/lib/gcc/x86_64-unknown-linux-gnu/12.2.0/:/nix/store/d4lx238qi0cwr031vdlpf9zn6vjn6njg-gnat-wrapper-12.2.0/bin/:/nix/store/6z13b1vgvrw4kav1b9dh6ap4r101g5xq-gnat-12.2.0/lib/gcc/x86_64-unknown-linux-gnu/12.2.0/:/nix/store/6z13b1vgvrw4kav1b9dh6ap4r101g5xq-gnat-12.2.0/lib/gcc/x86_64-unknown-linux-gnu/12.2.0/../../../../lib64/:/nix/store/6z13b1vgvrw4kav1b9dh6ap4r101g5xq-gnat-12.2.0/lib/gcc/x86_64-unknown-linux-gnu/12.2.0/../../../]
  ignore line: [COLLECT_GCC_OPTIONS='-v' '-o' 'CMakeFiles/cmTC_727c0.dir/CMakeCCompilerABI.c.o' '-c' '-B' '/nix/store/46m4xx889wlhsdj72j38fnlyyvvvvbyb-glibc-2.37-8/lib/' '-idirafter' '/nix/store/hkj250rjsvxcbr31fr1v81cv88cdfp4l-glibc-2.37-8-dev/include' '-idirafter' '/nix/store/6z13b1vgvrw4kav1b9dh6ap4r101g5xq-gnat-12.2.0/lib/gcc/x86_64-unknown-linux-gnu/12.2.0/include-fixed' '-B' '/nix/store/9zyj8rhxm7z79dr2jdagw8shvxz65j4d-gnat-12.2.0-lib/lib' '-B' '/nix/store/6z13b1vgvrw4kav1b9dh6ap4r101g5xq-gnat-12.2.0/lib/gcc/x86_64-unknown-linux-gnu/12.2.0' '-I' '/nix/store/6z13b1vgvrw4kav1b9dh6ap4r101g5xq-gnat-12.2.0/lib/gcc/x86_64-unknown-linux-gnu/12.2.0/adainclude' '-B' '/nix/store/d4lx238qi0cwr031vdlpf9zn6vjn6njg-gnat-wrapper-12.2.0/bin/' '-mtune=generic' '-march=x86-64' '-dumpdir' 'CMakeFiles/cmTC_727c0.dir/CMakeCCompilerABI.c.']
  ignore line: [Linking C executable cmTC_727c0]
  ignore line: [/nix/store/0s8gvg6nh3d3cbby1hjf69jfb2xdvbvp-cmake-3.25.3/bin/cmake -E cmake_link_script CMakeFiles/cmTC_727c0.dir/link.txt --verbose=1]
  ignore line: [/run/current-system/sw/bin/cc  -v CMakeFiles/cmTC_727c0.dir/CMakeCCompilerABI.c.o -o cmTC_727c0 ]
  ignore line: [Using built-in specs.]
  ignore line: [COLLECT_GCC=/nix/store/6z13b1vgvrw4kav1b9dh6ap4r101g5xq-gnat-12.2.0/bin/gcc]
  ignore line: [COLLECT_LTO_WRAPPER=/nix/store/6z13b1vgvrw4kav1b9dh6ap4r101g5xq-gnat-12.2.0/libexec/gcc/x86_64-unknown-linux-gnu/12.2.0/lto-wrapper]
  ignore line: [Target: x86_64-unknown-linux-gnu]
  ignore line: [Configured with: ]
  ignore line: [Thread model: posix]
  ignore line: [Supported LTO compression algorithms: zlib]
  ignore line: [gcc version 12.2.0 (GCC) ]
  ignore line: [COMPILER_PATH=/nix/store/46m4xx889wlhsdj72j38fnlyyvvvvbyb-glibc-2.37-8/lib/:/nix/store/9zyj8rhxm7z79dr2jdagw8shvxz65j4d-gnat-12.2.0-lib/lib/:/nix/store/6z13b1vgvrw4kav1b9dh6ap4r101g5xq-gnat-12.2.0/lib/gcc/x86_64-unknown-linux-gnu/12.2.0/:/nix/store/d4lx238qi0cwr031vdlpf9zn6vjn6njg-gnat-wrapper-12.2.0/bin/:/nix/store/6z13b1vgvrw4kav1b9dh6ap4r101g5xq-gnat-12.2.0/libexec/gcc/x86_64-unknown-linux-gnu/12.2.0/:/nix/store/6z13b1vgvrw4kav1b9dh6ap4r101g5xq-gnat-12.2.0/libexec/gcc/x86_64-unknown-linux-gnu/12.2.0/:/nix/store/6z13b1vgvrw4kav1b9dh6ap4r101g5xq-gnat-12.2.0/libexec/gcc/x86_64-unknown-linux-gnu/:/nix/store/6z13b1vgvrw4kav1b9dh6ap4r101g5xq-gnat-12.2.0/lib/gcc/x86_64-unknown-linux-gnu/12.2.0/:/nix/store/6z13b1vgvrw4kav1b9dh6ap4r101g5xq-gnat-12.2.0/lib/gcc/x86_64-unknown-linux-gnu/]
  ignore line: [LIBRARY_PATH=/nix/store/46m4xx889wlhsdj72j38fnlyyvvvvbyb-glibc-2.37-8/lib/:/nix/store/9zyj8rhxm7z79dr2jdagw8shvxz65j4d-gnat-12.2.0-lib/lib/:/nix/store/6z13b1vgvrw4kav1b9dh6ap4r101g5xq-gnat-12.2.0/lib/gcc/x86_64-unknown-linux-gnu/12.2.0/:/nix/store/d4lx238qi0cwr031vdlpf9zn6vjn6njg-gnat-wrapper-12.2.0/bin/:/nix/store/6z13b1vgvrw4kav1b9dh6ap4r101g5xq-gnat-12.2.0/lib/gcc/x86_64-unknown-linux-gnu/12.2.0/:/nix/store/6z13b1vgvrw4kav1b9dh6ap4r101g5xq-gnat-12.2.0/lib/gcc/x86_64-unknown-linux-gnu/12.2.0/../../../../lib64/:/nix/store/6z13b1vgvrw4kav1b9dh6ap4r101g5xq-gnat-12.2.0/lib/gcc/x86_64-unknown-linux-gnu/12.2.0/../../../]
  ignore line: [COLLECT_GCC_OPTIONS='-v' '-o' 'cmTC_727c0' '-B' '/nix/store/46m4xx889wlhsdj72j38fnlyyvvvvbyb-glibc-2.37-8/lib/' '-idirafter' '/nix/store/hkj250rjsvxcbr31fr1v81cv88cdfp4l-glibc-2.37-8-dev/include' '-idirafter' '/nix/store/6z13b1vgvrw4kav1b9dh6ap4r101g5xq-gnat-12.2.0/lib/gcc/x86_64-unknown-linux-gnu/12.2.0/include-fixed' '-B' '/nix/store/9zyj8rhxm7z79dr2jdagw8shvxz65j4d-gnat-12.2.0-lib/lib' '-B' '/nix/store/6z13b1vgvrw4kav1b9dh6ap4r101g5xq-gnat-12.2.0/lib/gcc/x86_64-unknown-linux-gnu/12.2.0' '-I' '/nix/store/6z13b1vgvrw4kav1b9dh6ap4r101g5xq-gnat-12.2.0/lib/gcc/x86_64-unknown-linux-gnu/12.2.0/adainclude' '-B' '/nix/store/d4lx238qi0cwr031vdlpf9zn6vjn6njg-gnat-wrapper-12.2.0/bin/' '-L/nix/store/46m4xx889wlhsdj72j38fnlyyvvvvbyb-glibc-2.37-8/lib' '-L/nix/store/9zyj8rhxm7z79dr2jdagw8shvxz65j4d-gnat-12.2.0-lib/lib' '-mtune=generic' '-march=x86-64' '-dumpdir' 'cmTC_727c0.']
  link line: [ /nix/store/6z13b1vgvrw4kav1b9dh6ap4r101g5xq-gnat-12.2.0/libexec/gcc/x86_64-unknown-linux-gnu/12.2.0/collect2 -plugin /nix/store/6z13b1vgvrw4kav1b9dh6ap4r101g5xq-gnat-12.2.0/libexec/gcc/x86_64-unknown-linux-gnu/12.2.0/liblto_plugin.so -plugin-opt=/nix/store/6z13b1vgvrw4kav1b9dh6ap4r101g5xq-gnat-12.2.0/libexec/gcc/x86_64-unknown-linux-gnu/12.2.0/lto-wrapper -plugin-opt=-fresolution=/tmp/cc1PIzeQ.res -plugin-opt=-pass-through=-lgcc -plugin-opt=-pass-through=-lgcc_s -plugin-opt=-pass-through=-lc -plugin-opt=-pass-through=-lgcc -plugin-opt=-pass-through=-lgcc_s --eh-frame-hdr -m elf_x86_64 -dynamic-linker /nix/store/46m4xx889wlhsdj72j38fnlyyvvvvbyb-glibc-2.37-8/lib64/ld-linux-x86-64.so.2 -o cmTC_727c0 /nix/store/46m4xx889wlhsdj72j38fnlyyvvvvbyb-glibc-2.37-8/lib/crt1.o /nix/store/46m4xx889wlhsdj72j38fnlyyvvvvbyb-glibc-2.37-8/lib/crti.o /nix/store/6z13b1vgvrw4kav1b9dh6ap4r101g5xq-gnat-12.2.0/lib/gcc/x86_64-unknown-linux-gnu/12.2.0/crtbegin.o -L/nix/store/46m4xx889wlhsdj72j38fnlyyvvvvbyb-glibc-2.37-8/lib -L/nix/store/9zyj8rhxm7z79dr2jdagw8shvxz65j4d-gnat-12.2.0-lib/lib -L/nix/store/46m4xx889wlhsdj72j38fnlyyvvvvbyb-glibc-2.37-8/lib -L/nix/store/9zyj8rhxm7z79dr2jdagw8shvxz65j4d-gnat-12.2.0-lib/lib -L/nix/store/6z13b1vgvrw4kav1b9dh6ap4r101g5xq-gnat-12.2.0/lib/gcc/x86_64-unknown-linux-gnu/12.2.0 -L/nix/store/d4lx238qi0cwr031vdlpf9zn6vjn6njg-gnat-wrapper-12.2.0/bin -L/nix/store/6z13b1vgvrw4kav1b9dh6ap4r101g5xq-gnat-12.2.0/lib/gcc/x86_64-unknown-linux-gnu/12.2.0 -L/nix/store/6z13b1vgvrw4kav1b9dh6ap4r101g5xq-gnat-12.2.0/lib/gcc/x86_64-unknown-linux-gnu/12.2.0/../../../../lib64 -L/nix/store/6z13b1vgvrw4kav1b9dh6ap4r101g5xq-gnat-12.2.0/lib/gcc/x86_64-unknown-linux-gnu/12.2.0/../../.. -dynamic-linker=/nix/store/46m4xx889wlhsdj72j38fnlyyvvvvbyb-glibc-2.37-8/lib/ld-linux-x86-64.so.2 CMakeFiles/cmTC_727c0.dir/CMakeCCompilerABI.c.o -lgcc --push-state --as-needed -lgcc_s --pop-state -lc -lgcc --push-state --as-needed -lgcc_s --pop-state /nix/store/6z13b1vgvrw4kav1b9dh6ap4r101g5xq-gnat-12.2.0/lib/gcc/x86_64-unknown-linux-gnu/12.2.0/crtend.o /nix/store/46m4xx889wlhsdj72j38fnlyyvvvvbyb-glibc-2.37-8/lib/crtn.o]
    arg [/nix/store/6z13b1vgvrw4kav1b9dh6ap4r101g5xq-gnat-12.2.0/libexec/gcc/x86_64-unknown-linux-gnu/12.2.0/collect2] ==> ignore
    arg [-plugin] ==> ignore
    arg [/nix/store/6z13b1vgvrw4kav1b9dh6ap4r101g5xq-gnat-12.2.0/libexec/gcc/x86_64-unknown-linux-gnu/12.2.0/liblto_plugin.so] ==> ignore
    arg [-plugin-opt=/nix/store/6z13b1vgvrw4kav1b9dh6ap4r101g5xq-gnat-12.2.0/libexec/gcc/x86_64-unknown-linux-gnu/12.2.0/lto-wrapper] ==> ignore
    arg [-plugin-opt=-fresolution=/tmp/cc1PIzeQ.res] ==> ignore
    arg [-plugin-opt=-pass-through=-lgcc] ==> ignore
    arg [-plugin-opt=-pass-through=-lgcc_s] ==> ignore
    arg [-plugin-opt=-pass-through=-lc] ==> ignore
    arg [-plugin-opt=-pass-through=-lgcc] ==> ignore
    arg [-plugin-opt=-pass-through=-lgcc_s] ==> ignore
    arg [--eh-frame-hdr] ==> ignore
    arg [-m] ==> ignore
    arg [elf_x86_64] ==> ignore
    arg [-dynamic-linker] ==> ignore
    arg [/nix/store/46m4xx889wlhsdj72j38fnlyyvvvvbyb-glibc-2.37-8/lib64/ld-linux-x86-64.so.2] ==> ignore
    arg [-o] ==> ignore
    arg [cmTC_727c0] ==> ignore
    arg [/nix/store/46m4xx889wlhsdj72j38fnlyyvvvvbyb-glibc-2.37-8/lib/crt1.o] ==> obj [/nix/store/46m4xx889wlhsdj72j38fnlyyvvvvbyb-glibc-2.37-8/lib/crt1.o]
    arg [/nix/store/46m4xx889wlhsdj72j38fnlyyvvvvbyb-glibc-2.37-8/lib/crti.o] ==> obj [/nix/store/46m4xx889wlhsdj72j38fnlyyvvvvbyb-glibc-2.37-8/lib/crti.o]
    arg [/nix/store/6z13b1vgvrw4kav1b9dh6ap4r101g5xq-gnat-12.2.0/lib/gcc/x86_64-unknown-linux-gnu/12.2.0/crtbegin.o] ==> obj [/nix/store/6z13b1vgvrw4kav1b9dh6ap4r101g5xq-gnat-12.2.0/lib/gcc/x86_64-unknown-linux-gnu/12.2.0/crtbegin.o]
    arg [-L/nix/store/46m4xx889wlhsdj72j38fnlyyvvvvbyb-glibc-2.37-8/lib] ==> dir [/nix/store/46m4xx889wlhsdj72j38fnlyyvvvvbyb-glibc-2.37-8/lib]
    arg [-L/nix/store/9zyj8rhxm7z79dr2jdagw8shvxz65j4d-gnat-12.2.0-lib/lib] ==> dir [/nix/store/9zyj8rhxm7z79dr2jdagw8shvxz65j4d-gnat-12.2.0-lib/lib]
    arg [-L/nix/store/46m4xx889wlhsdj72j38fnlyyvvvvbyb-glibc-2.37-8/lib] ==> dir [/nix/store/46m4xx889wlhsdj72j38fnlyyvvvvbyb-glibc-2.37-8/lib]
    arg [-L/nix/store/9zyj8rhxm7z79dr2jdagw8shvxz65j4d-gnat-12.2.0-lib/lib] ==> dir [/nix/store/9zyj8rhxm7z79dr2jdagw8shvxz65j4d-gnat-12.2.0-lib/lib]
    arg [-L/nix/store/6z13b1vgvrw4kav1b9dh6ap4r101g5xq-gnat-12.2.0/lib/gcc/x86_64-unknown-linux-gnu/12.2.0] ==> dir [/nix/store/6z13b1vgvrw4kav1b9dh6ap4r101g5xq-gnat-12.2.0/lib/gcc/x86_64-unknown-linux-gnu/12.2.0]
    arg [-L/nix/store/d4lx238qi0cwr031vdlpf9zn6vjn6njg-gnat-wrapper-12.2.0/bin] ==> dir [/nix/store/d4lx238qi0cwr031vdlpf9zn6vjn6njg-gnat-wrapper-12.2.0/bin]
    arg [-L/nix/store/6z13b1vgvrw4kav1b9dh6ap4r101g5xq-gnat-12.2.0/lib/gcc/x86_64-unknown-linux-gnu/12.2.0] ==> dir [/nix/store/6z13b1vgvrw4kav1b9dh6ap4r101g5xq-gnat-12.2.0/lib/gcc/x86_64-unknown-linux-gnu/12.2.0]
    arg [-L/nix/store/6z13b1vgvrw4kav1b9dh6ap4r101g5xq-gnat-12.2.0/lib/gcc/x86_64-unknown-linux-gnu/12.2.0/../../../../lib64] ==> dir [/nix/store/6z13b1vgvrw4kav1b9dh6ap4r101g5xq-gnat-12.2.0/lib/gcc/x86_64-unknown-linux-gnu/12.2.0/../../../../lib64]
    arg [-L/nix/store/6z13b1vgvrw4kav1b9dh6ap4r101g5xq-gnat-12.2.0/lib/gcc/x86_64-unknown-linux-gnu/12.2.0/../../..] ==> dir [/nix/store/6z13b1vgvrw4kav1b9dh6ap4r101g5xq-gnat-12.2.0/lib/gcc/x86_64-unknown-linux-gnu/12.2.0/../../..]
    arg [-dynamic-linker=/nix/store/46m4xx889wlhsdj72j38fnlyyvvvvbyb-glibc-2.37-8/lib/ld-linux-x86-64.so.2] ==> ignore
    arg [CMakeFiles/cmTC_727c0.dir/CMakeCCompilerABI.c.o] ==> ignore
    arg [-lgcc] ==> lib [gcc]
    arg [--push-state] ==> ignore
    arg [--as-needed] ==> ignore
    arg [-lgcc_s] ==> lib [gcc_s]
    arg [--pop-state] ==> ignore
    arg [-lc] ==> lib [c]
    arg [-lgcc] ==> lib [gcc]
    arg [--push-state] ==> ignore
    arg [--as-needed] ==> ignore
    arg [-lgcc_s] ==> lib [gcc_s]
    arg [--pop-state] ==> ignore
    arg [/nix/store/6z13b1vgvrw4kav1b9dh6ap4r101g5xq-gnat-12.2.0/lib/gcc/x86_64-unknown-linux-gnu/12.2.0/crtend.o] ==> obj [/nix/store/6z13b1vgvrw4kav1b9dh6ap4r101g5xq-gnat-12.2.0/lib/gcc/x86_64-unknown-linux-gnu/12.2.0/crtend.o]
    arg [/nix/store/46m4xx889wlhsdj72j38fnlyyvvvvbyb-glibc-2.37-8/lib/crtn.o] ==> obj [/nix/store/46m4xx889wlhsdj72j38fnlyyvvvvbyb-glibc-2.37-8/lib/crtn.o]
  collapse library dir [/nix/store/46m4xx889wlhsdj72j38fnlyyvvvvbyb-glibc-2.37-8/lib] ==> [/nix/store/46m4xx889wlhsdj72j38fnlyyvvvvbyb-glibc-2.37-8/lib]
  collapse library dir [/nix/store/9zyj8rhxm7z79dr2jdagw8shvxz65j4d-gnat-12.2.0-lib/lib] ==> [/nix/store/9zyj8rhxm7z79dr2jdagw8shvxz65j4d-gnat-12.2.0-lib/lib]
  collapse library dir [/nix/store/46m4xx889wlhsdj72j38fnlyyvvvvbyb-glibc-2.37-8/lib] ==> [/nix/store/46m4xx889wlhsdj72j38fnlyyvvvvbyb-glibc-2.37-8/lib]
  collapse library dir [/nix/store/9zyj8rhxm7z79dr2jdagw8shvxz65j4d-gnat-12.2.0-lib/lib] ==> [/nix/store/9zyj8rhxm7z79dr2jdagw8shvxz65j4d-gnat-12.2.0-lib/lib]
  collapse library dir [/nix/store/6z13b1vgvrw4kav1b9dh6ap4r101g5xq-gnat-12.2.0/lib/gcc/x86_64-unknown-linux-gnu/12.2.0] ==> [/nix/store/6z13b1vgvrw4kav1b9dh6ap4r101g5xq-gnat-12.2.0/lib/gcc/x86_64-unknown-linux-gnu/12.2.0]
  collapse library dir [/nix/store/d4lx238qi0cwr031vdlpf9zn6vjn6njg-gnat-wrapper-12.2.0/bin] ==> [/nix/store/d4lx238qi0cwr031vdlpf9zn6vjn6njg-gnat-wrapper-12.2.0/bin]
  collapse library dir [/nix/store/6z13b1vgvrw4kav1b9dh6ap4r101g5xq-gnat-12.2.0/lib/gcc/x86_64-unknown-linux-gnu/12.2.0] ==> [/nix/store/6z13b1vgvrw4kav1b9dh6ap4r101g5xq-gnat-12.2.0/lib/gcc/x86_64-unknown-linux-gnu/12.2.0]
  collapse library dir [/nix/store/6z13b1vgvrw4kav1b9dh6ap4r101g5xq-gnat-12.2.0/lib/gcc/x86_64-unknown-linux-gnu/12.2.0/../../../../lib64] ==> [/nix/store/6z13b1vgvrw4kav1b9dh6ap4r101g5xq-gnat-12.2.0/lib64]
  collapse library dir [/nix/store/6z13b1vgvrw4kav1b9dh6ap4r101g5xq-gnat-12.2.0/lib/gcc/x86_64-unknown-linux-gnu/12.2.0/../../..] ==> [/nix/store/6z13b1vgvrw4kav1b9dh6ap4r101g5xq-gnat-12.2.0/lib]
  implicit libs: [gcc;gcc_s;c;gcc;gcc_s]
  implicit objs: [/nix/store/46m4xx889wlhsdj72j38fnlyyvvvvbyb-glibc-2.37-8/lib/crt1.o;/nix/store/46m4xx889wlhsdj72j38fnlyyvvvvbyb-glibc-2.37-8/lib/crti.o;/nix/store/6z13b1vgvrw4kav1b9dh6ap4r101g5xq-gnat-12.2.0/lib/gcc/x86_64-unknown-linux-gnu/12.2.0/crtbegin.o;/nix/store/6z13b1vgvrw4kav1b9dh6ap4r101g5xq-gnat-12.2.0/lib/gcc/x86_64-unknown-linux-gnu/12.2.0/crtend.o;/nix/store/46m4xx889wlhsdj72j38fnlyyvvvvbyb-glibc-2.37-8/lib/crtn.o]
  implicit dirs: [/nix/store/46m4xx889wlhsdj72j38fnlyyvvvvbyb-glibc-2.37-8/lib;/nix/store/9zyj8rhxm7z79dr2jdagw8shvxz65j4d-gnat-12.2.0-lib/lib;/nix/store/6z13b1vgvrw4kav1b9dh6ap4r101g5xq-gnat-12.2.0/lib/gcc/x86_64-unknown-linux-gnu/12.2.0;/nix/store/d4lx238qi0cwr031vdlpf9zn6vjn6njg-gnat-wrapper-12.2.0/bin;/nix/store/6z13b1vgvrw4kav1b9dh6ap4r101g5xq-gnat-12.2.0/lib64;/nix/store/6z13b1vgvrw4kav1b9dh6ap4r101g5xq-gnat-12.2.0/lib]
  implicit fwks: []


Detecting CXX compiler ABI info compiled with the following output:
Change Dir: /home/sophia/Dev/Learning/CMake/Step1Build/CMakeFiles/CMakeScratch/TryCompile-oM0B3s

Run Build Command(s):/run/current-system/sw/bin/make -f Makefile cmTC_18f32/fast && /run/current-system/sw/bin/make  -f CMakeFiles/cmTC_18f32.dir/build.make CMakeFiles/cmTC_18f32.dir/build
make[1]: Entering directory '/home/sophia/Dev/Learning/CMake/Step1Build/CMakeFiles/CMakeScratch/TryCompile-oM0B3s'
Building CXX object CMakeFiles/cmTC_18f32.dir/CMakeCXXCompilerABI.cpp.o
/run/current-system/sw/bin/c++   -v -o CMakeFiles/cmTC_18f32.dir/CMakeCXXCompilerABI.cpp.o -c /nix/store/0s8gvg6nh3d3cbby1hjf69jfb2xdvbvp-cmake-3.25.3/share/cmake-3.25/Modules/CMakeCXXCompilerABI.cpp
Using built-in specs.
COLLECT_GCC=/nix/store/6z13b1vgvrw4kav1b9dh6ap4r101g5xq-gnat-12.2.0/bin/g++
Target: x86_64-unknown-linux-gnu
Configured with: 
Thread model: posix
Supported LTO compression algorithms: zlib
gcc version 12.2.0 (GCC) 
COLLECT_GCC_OPTIONS='-v' '-o' 'CMakeFiles/cmTC_18f32.dir/CMakeCXXCompilerABI.cpp.o' '-c' '-B' '/nix/store/46m4xx889wlhsdj72j38fnlyyvvvvbyb-glibc-2.37-8/lib/' '-idirafter' '/nix/store/hkj250rjsvxcbr31fr1v81cv88cdfp4l-glibc-2.37-8-dev/include' '-idirafter' '/nix/store/6z13b1vgvrw4kav1b9dh6ap4r101g5xq-gnat-12.2.0/lib/gcc/x86_64-unknown-linux-gnu/12.2.0/include-fixed' '-B' '/nix/store/9zyj8rhxm7z79dr2jdagw8shvxz65j4d-gnat-12.2.0-lib/lib' '-B' '/nix/store/6z13b1vgvrw4kav1b9dh6ap4r101g5xq-gnat-12.2.0/lib/gcc/x86_64-unknown-linux-gnu/12.2.0' '-I' '/nix/store/6z13b1vgvrw4kav1b9dh6ap4r101g5xq-gnat-12.2.0/lib/gcc/x86_64-unknown-linux-gnu/12.2.0/adainclude' '-B' '/nix/store/d4lx238qi0cwr031vdlpf9zn6vjn6njg-gnat-wrapper-12.2.0/bin/' '-shared-libgcc' '-mtune=generic' '-march=x86-64' '-dumpdir' 'CMakeFiles/cmTC_18f32.dir/'
 /nix/store/6z13b1vgvrw4kav1b9dh6ap4r101g5xq-gnat-12.2.0/libexec/gcc/x86_64-unknown-linux-gnu/12.2.0/cc1plus -quiet -v -I /nix/store/6z13b1vgvrw4kav1b9dh6ap4r101g5xq-gnat-12.2.0/lib/gcc/x86_64-unknown-linux-gnu/12.2.0/adainclude -isystem /nix/store/6z13b1vgvrw4kav1b9dh6ap4r101g5xq-gnat-12.2.0/lib/gcc/x86_64-unknown-linux-gnu/12.2.0/include -isystem /nix/store/6z13b1vgvrw4kav1b9dh6ap4r101g5xq-gnat-12.2.0/lib/gcc/x86_64-unknown-linux-gnu/12.2.0/include-fixed -D_GNU_SOURCE -idirafter /nix/store/hkj250rjsvxcbr31fr1v81cv88cdfp4l-glibc-2.37-8-dev/include -idirafter /nix/store/6z13b1vgvrw4kav1b9dh6ap4r101g5xq-gnat-12.2.0/lib/gcc/x86_64-unknown-linux-gnu/12.2.0/include-fixed /nix/store/0s8gvg6nh3d3cbby1hjf69jfb2xdvbvp-cmake-3.25.3/share/cmake-3.25/Modules/CMakeCXXCompilerABI.cpp -quiet -dumpdir CMakeFiles/cmTC_18f32.dir/ -dumpbase CMakeCXXCompilerABI.cpp.cpp -dumpbase-ext .cpp -mtune=generic -march=x86-64 -version -o /tmp/ccVKW5rW.s
GNU C++17 (GCC) version 12.2.0 (x86_64-unknown-linux-gnu)
	compiled by GNU C version 12.1.0, GMP version 6.2.1, MPFR version 4.2.0, MPC version 1.3.1, isl version isl-0.20-GMP

GGC heuristics: --param ggc-min-expand=100 --param ggc-min-heapsize=131072
ignoring duplicate directory "/nix/store/6z13b1vgvrw4kav1b9dh6ap4r101g5xq-gnat-12.2.0/lib/gcc/x86_64-unknown-linux-gnu/12.2.0/include"
ignoring duplicate directory "/nix/store/6z13b1vgvrw4kav1b9dh6ap4r101g5xq-gnat-12.2.0/lib/gcc/x86_64-unknown-linux-gnu/12.2.0/include-fixed"
ignoring nonexistent directory "/nix/store/6z13b1vgvrw4kav1b9dh6ap4r101g5xq-gnat-12.2.0/lib/gcc/x86_64-unknown-linux-gnu/12.2.0/../../../../x86_64-unknown-linux-gnu/include"
ignoring duplicate directory "/nix/store/hkj250rjsvxcbr31fr1v81cv88cdfp4l-glibc-2.37-8-dev/include"
ignoring duplicate directory "/nix/store/6z13b1vgvrw4kav1b9dh6ap4r101g5xq-gnat-12.2.0/lib/gcc/x86_64-unknown-linux-gnu/12.2.0/include-fixed"
#include "..." search starts here:
#include <...> search starts here:
 /nix/store/6z13b1vgvrw4kav1b9dh6ap4r101g5xq-gnat-12.2.0/lib/gcc/x86_64-unknown-linux-gnu/12.2.0/adainclude
 /nix/store/6z13b1vgvrw4kav1b9dh6ap4r101g5xq-gnat-12.2.0/lib/gcc/x86_64-unknown-linux-gnu/12.2.0/include
 /nix/store/6z13b1vgvrw4kav1b9dh6ap4r101g5xq-gnat-12.2.0/lib/gcc/x86_64-unknown-linux-gnu/12.2.0/include-fixed
 /nix/store/6z13b1vgvrw4kav1b9dh6ap4r101g5xq-gnat-12.2.0/lib/gcc/x86_64-unknown-linux-gnu/12.2.0/../../../../include/c++/12.2.0
 /nix/store/6z13b1vgvrw4kav1b9dh6ap4r101g5xq-gnat-12.2.0/lib/gcc/x86_64-unknown-linux-gnu/12.2.0/../../../../include/c++/12.2.0/x86_64-unknown-linux-gnu
 /nix/store/6z13b1vgvrw4kav1b9dh6ap4r101g5xq-gnat-12.2.0/lib/gcc/x86_64-unknown-linux-gnu/12.2.0/../../../../include/c++/12.2.0/backward
 /nix/store/6z13b1vgvrw4kav1b9dh6ap4r101g5xq-gnat-12.2.0/include
 /nix/store/hkj250rjsvxcbr31fr1v81cv88cdfp4l-glibc-2.37-8-dev/include
End of search list.
GNU C++17 (GCC) version 12.2.0 (x86_64-unknown-linux-gnu)
	compiled by GNU C version 12.1.0, GMP version 6.2.1, MPFR version 4.2.0, MPC version 1.3.1, isl version isl-0.20-GMP

GGC heuristics: --param ggc-min-expand=100 --param ggc-min-heapsize=131072
Compiler executable checksum: 81e432a1892c26983a58c76b95c3f444
COLLECT_GCC_OPTIONS='-v' '-o' 'CMakeFiles/cmTC_18f32.dir/CMakeCXXCompilerABI.cpp.o' '-c' '-B' '/nix/store/46m4xx889wlhsdj72j38fnlyyvvvvbyb-glibc-2.37-8/lib/' '-idirafter' '/nix/store/hkj250rjsvxcbr31fr1v81cv88cdfp4l-glibc-2.37-8-dev/include' '-idirafter' '/nix/store/6z13b1vgvrw4kav1b9dh6ap4r101g5xq-gnat-12.2.0/lib/gcc/x86_64-unknown-linux-gnu/12.2.0/include-fixed' '-B' '/nix/store/9zyj8rhxm7z79dr2jdagw8shvxz65j4d-gnat-12.2.0-lib/lib' '-B' '/nix/store/6z13b1vgvrw4kav1b9dh6ap4r101g5xq-gnat-12.2.0/lib/gcc/x86_64-unknown-linux-gnu/12.2.0' '-I' '/nix/store/6z13b1vgvrw4kav1b9dh6ap4r101g5xq-gnat-12.2.0/lib/gcc/x86_64-unknown-linux-gnu/12.2.0/adainclude' '-B' '/nix/store/d4lx238qi0cwr031vdlpf9zn6vjn6njg-gnat-wrapper-12.2.0/bin/' '-shared-libgcc' '-mtune=generic' '-march=x86-64' '-dumpdir' 'CMakeFiles/cmTC_18f32.dir/'
 /nix/store/d4lx238qi0cwr031vdlpf9zn6vjn6njg-gnat-wrapper-12.2.0/bin/as -v -I /nix/store/6z13b1vgvrw4kav1b9dh6ap4r101g5xq-gnat-12.2.0/lib/gcc/x86_64-unknown-linux-gnu/12.2.0/adainclude --64 -o CMakeFiles/cmTC_18f32.dir/CMakeCXXCompilerABI.cpp.o /tmp/ccVKW5rW.s
GNU assembler version 2.40 (x86_64-unknown-linux-gnu) using BFD version (GNU Binutils) 2.40
COMPILER_PATH=/nix/store/46m4xx889wlhsdj72j38fnlyyvvvvbyb-glibc-2.37-8/lib/:/nix/store/9zyj8rhxm7z79dr2jdagw8shvxz65j4d-gnat-12.2.0-lib/lib/:/nix/store/6z13b1vgvrw4kav1b9dh6ap4r101g5xq-gnat-12.2.0/lib/gcc/x86_64-unknown-linux-gnu/12.2.0/:/nix/store/d4lx238qi0cwr031vdlpf9zn6vjn6njg-gnat-wrapper-12.2.0/bin/:/nix/store/6z13b1vgvrw4kav1b9dh6ap4r101g5xq-gnat-12.2.0/libexec/gcc/x86_64-unknown-linux-gnu/12.2.0/:/nix/store/6z13b1vgvrw4kav1b9dh6ap4r101g5xq-gnat-12.2.0/libexec/gcc/x86_64-unknown-linux-gnu/12.2.0/:/nix/store/6z13b1vgvrw4kav1b9dh6ap4r101g5xq-gnat-12.2.0/libexec/gcc/x86_64-unknown-linux-gnu/:/nix/store/6z13b1vgvrw4kav1b9dh6ap4r101g5xq-gnat-12.2.0/lib/gcc/x86_64-unknown-linux-gnu/12.2.0/:/nix/store/6z13b1vgvrw4kav1b9dh6ap4r101g5xq-gnat-12.2.0/lib/gcc/x86_64-unknown-linux-gnu/
LIBRARY_PATH=/nix/store/46m4xx889wlhsdj72j38fnlyyvvvvbyb-glibc-2.37-8/lib/:/nix/store/9zyj8rhxm7z79dr2jdagw8shvxz65j4d-gnat-12.2.0-lib/lib/:/nix/store/6z13b1vgvrw4kav1b9dh6ap4r101g5xq-gnat-12.2.0/lib/gcc/x86_64-unknown-linux-gnu/12.2.0/:/nix/store/d4lx238qi0cwr031vdlpf9zn6vjn6njg-gnat-wrapper-12.2.0/bin/:/nix/store/6z13b1vgvrw4kav1b9dh6ap4r101g5xq-gnat-12.2.0/lib/gcc/x86_64-unknown-linux-gnu/12.2.0/:/nix/store/6z13b1vgvrw4kav1b9dh6ap4r101g5xq-gnat-12.2.0/lib/gcc/x86_64-unknown-linux-gnu/12.2.0/../../../../lib64/:/nix/store/6z13b1vgvrw4kav1b9dh6ap4r101g5xq-gnat-12.2.0/lib/gcc/x86_64-unknown-linux-gnu/12.2.0/../../../
COLLECT_GCC_OPTIONS='-v' '-o' 'CMakeFiles/cmTC_18f32.dir/CMakeCXXCompilerABI.cpp.o' '-c' '-B' '/nix/store/46m4xx889wlhsdj72j38fnlyyvvvvbyb-glibc-2.37-8/lib/' '-idirafter' '/nix/store/hkj250rjsvxcbr31fr1v81cv88cdfp4l-glibc-2.37-8-dev/include' '-idirafter' '/nix/store/6z13b1vgvrw4kav1b9dh6ap4r101g5xq-gnat-12.2.0/lib/gcc/x86_64-unknown-linux-gnu/12.2.0/include-fixed' '-B' '/nix/store/9zyj8rhxm7z79dr2jdagw8shvxz65j4d-gnat-12.2.0-lib/lib' '-B' '/nix/store/6z13b1vgvrw4kav1b9dh6ap4r101g5xq-gnat-12.2.0/lib/gcc/x86_64-unknown-linux-gnu/12.2.0' '-I' '/nix/store/6z13b1vgvrw4kav1b9dh6ap4r101g5xq-gnat-12.2.0/lib/gcc/x86_64-unknown-linux-gnu/12.2.0/adainclude' '-B' '/nix/store/d4lx238qi0cwr031vdlpf9zn6vjn6njg-gnat-wrapper-12.2.0/bin/' '-shared-libgcc' '-mtune=generic' '-march=x86-64' '-dumpdir' 'CMakeFiles/cmTC_18f32.dir/CMakeCXXCompilerABI.cpp.'
Linking CXX executable cmTC_18f32
/nix/store/0s8gvg6nh3d3cbby1hjf69jfb2xdvbvp-cmake-3.25.3/bin/cmake -E cmake_link_script CMakeFiles/cmTC_18f32.dir/link.txt --verbose=1
/run/current-system/sw/bin/c++  -v CMakeFiles/cmTC_18f32.dir/CMakeCXXCompilerABI.cpp.o -o cmTC_18f32 
Using built-in specs.
COLLECT_GCC=/nix/store/6z13b1vgvrw4kav1b9dh6ap4r101g5xq-gnat-12.2.0/bin/g++
COLLECT_LTO_WRAPPER=/nix/store/6z13b1vgvrw4kav1b9dh6ap4r101g5xq-gnat-12.2.0/libexec/gcc/x86_64-unknown-linux-gnu/12.2.0/lto-wrapper
Target: x86_64-unknown-linux-gnu
Configured with: 
Thread model: posix
Supported LTO compression algorithms: zlib
gcc version 12.2.0 (GCC) 
COMPILER_PATH=/nix/store/46m4xx889wlhsdj72j38fnlyyvvvvbyb-glibc-2.37-8/lib/:/nix/store/9zyj8rhxm7z79dr2jdagw8shvxz65j4d-gnat-12.2.0-lib/lib/:/nix/store/6z13b1vgvrw4kav1b9dh6ap4r101g5xq-gnat-12.2.0/lib/gcc/x86_64-unknown-linux-gnu/12.2.0/:/nix/store/d4lx238qi0cwr031vdlpf9zn6vjn6njg-gnat-wrapper-12.2.0/bin/:/nix/store/6z13b1vgvrw4kav1b9dh6ap4r101g5xq-gnat-12.2.0/libexec/gcc/x86_64-unknown-linux-gnu/12.2.0/:/nix/store/6z13b1vgvrw4kav1b9dh6ap4r101g5xq-gnat-12.2.0/libexec/gcc/x86_64-unknown-linux-gnu/12.2.0/:/nix/store/6z13b1vgvrw4kav1b9dh6ap4r101g5xq-gnat-12.2.0/libexec/gcc/x86_64-unknown-linux-gnu/:/nix/store/6z13b1vgvrw4kav1b9dh6ap4r101g5xq-gnat-12.2.0/lib/gcc/x86_64-unknown-linux-gnu/12.2.0/:/nix/store/6z13b1vgvrw4kav1b9dh6ap4r101g5xq-gnat-12.2.0/lib/gcc/x86_64-unknown-linux-gnu/
LIBRARY_PATH=/nix/store/46m4xx889wlhsdj72j38fnlyyvvvvbyb-glibc-2.37-8/lib/:/nix/store/9zyj8rhxm7z79dr2jdagw8shvxz65j4d-gnat-12.2.0-lib/lib/:/nix/store/6z13b1vgvrw4kav1b9dh6ap4r101g5xq-gnat-12.2.0/lib/gcc/x86_64-unknown-linux-gnu/12.2.0/:/nix/store/d4lx238qi0cwr031vdlpf9zn6vjn6njg-gnat-wrapper-12.2.0/bin/:/nix/store/6z13b1vgvrw4kav1b9dh6ap4r101g5xq-gnat-12.2.0/lib/gcc/x86_64-unknown-linux-gnu/12.2.0/:/nix/store/6z13b1vgvrw4kav1b9dh6ap4r101g5xq-gnat-12.2.0/lib/gcc/x86_64-unknown-linux-gnu/12.2.0/../../../../lib64/:/nix/store/6z13b1vgvrw4kav1b9dh6ap4r101g5xq-gnat-12.2.0/lib/gcc/x86_64-unknown-linux-gnu/12.2.0/../../../
COLLECT_GCC_OPTIONS='-v' '-o' 'cmTC_18f32' '-B' '/nix/store/46m4xx889wlhsdj72j38fnlyyvvvvbyb-glibc-2.37-8/lib/' '-idirafter' '/nix/store/hkj250rjsvxcbr31fr1v81cv88cdfp4l-glibc-2.37-8-dev/include' '-idirafter' '/nix/store/6z13b1vgvrw4kav1b9dh6ap4r101g5xq-gnat-12.2.0/lib/gcc/x86_64-unknown-linux-gnu/12.2.0/include-fixed' '-B' '/nix/store/9zyj8rhxm7z79dr2jdagw8shvxz65j4d-gnat-12.2.0-lib/lib' '-B' '/nix/store/6z13b1vgvrw4kav1b9dh6ap4r101g5xq-gnat-12.2.0/lib/gcc/x86_64-unknown-linux-gnu/12.2.0' '-I' '/nix/store/6z13b1vgvrw4kav1b9dh6ap4r101g5xq-gnat-12.2.0/lib/gcc/x86_64-unknown-linux-gnu/12.2.0/adainclude' '-B' '/nix/store/d4lx238qi0cwr031vdlpf9zn6vjn6njg-gnat-wrapper-12.2.0/bin/' '-L/nix/store/46m4xx889wlhsdj72j38fnlyyvvvvbyb-glibc-2.37-8/lib' '-L/nix/store/9zyj8rhxm7z79dr2jdagw8shvxz65j4d-gnat-12.2.0-lib/lib' '-shared-libgcc' '-mtune=generic' '-march=x86-64' '-dumpdir' 'cmTC_18f32.'
 /nix/store/6z13b1vgvrw4kav1b9dh6ap4r101g5xq-gnat-12.2.0/libexec/gcc/x86_64-unknown-linux-gnu/12.2.0/collect2 -plugin /nix/store/6z13b1vgvrw4kav1b9dh6ap4r101g5xq-gnat-12.2.0/libexec/gcc/x86_64-unknown-linux-gnu/12.2.0/liblto_plugin.so -plugin-opt=/nix/store/6z13b1vgvrw4kav1b9dh6ap4r101g5xq-gnat-12.2.0/libexec/gcc/x86_64-unknown-linux-gnu/12.2.0/lto-wrapper -plugin-opt=-fresolution=/tmp/ccOABYbb.res -plugin-opt=-pass-through=-lgcc_s -plugin-opt=-pass-through=-lgcc -plugin-opt=-pass-through=-lc -plugin-opt=-pass-through=-lgcc_s -plugin-opt=-pass-through=-lgcc --eh-frame-hdr -m elf_x86_64 -dynamic-linker /nix/store/46m4xx889wlhsdj72j38fnlyyvvvvbyb-glibc-2.37-8/lib64/ld-linux-x86-64.so.2 -o cmTC_18f32 /nix/store/46m4xx889wlhsdj72j38fnlyyvvvvbyb-glibc-2.37-8/lib/crt1.o /nix/store/46m4xx889wlhsdj72j38fnlyyvvvvbyb-glibc-2.37-8/lib/crti.o /nix/store/6z13b1vgvrw4kav1b9dh6ap4r101g5xq-gnat-12.2.0/lib/gcc/x86_64-unknown-linux-gnu/12.2.0/crtbegin.o -L/nix/store/46m4xx889wlhsdj72j38fnlyyvvvvbyb-glibc-2.37-8/lib -L/nix/store/9zyj8rhxm7z79dr2jdagw8shvxz65j4d-gnat-12.2.0-lib/lib -L/nix/store/46m4xx889wlhsdj72j38fnlyyvvvvbyb-glibc-2.37-8/lib -L/nix/store/9zyj8rhxm7z79dr2jdagw8shvxz65j4d-gnat-12.2.0-lib/lib -L/nix/store/6z13b1vgvrw4kav1b9dh6ap4r101g5xq-gnat-12.2.0/lib/gcc/x86_64-unknown-linux-gnu/12.2.0 -L/nix/store/d4lx238qi0cwr031vdlpf9zn6vjn6njg-gnat-wrapper-12.2.0/bin -L/nix/store/6z13b1vgvrw4kav1b9dh6ap4r101g5xq-gnat-12.2.0/lib/gcc/x86_64-unknown-linux-gnu/12.2.0 -L/nix/store/6z13b1vgvrw4kav1b9dh6ap4r101g5xq-gnat-12.2.0/lib/gcc/x86_64-unknown-linux-gnu/12.2.0/../../../../lib64 -L/nix/store/6z13b1vgvrw4kav1b9dh6ap4r101g5xq-gnat-12.2.0/lib/gcc/x86_64-unknown-linux-gnu/12.2.0/../../.. -dynamic-linker=/nix/store/46m4xx889wlhsdj72j38fnlyyvvvvbyb-glibc-2.37-8/lib/ld-linux-x86-64.so.2 CMakeFiles/cmTC_18f32.dir/CMakeCXXCompilerABI.cpp.o -lstdc++ -lm -lgcc_s -lgcc -lc -lgcc_s -lgcc /nix/store/6z13b1vgvrw4kav1b9dh6ap4r101g5xq-gnat-12.2.0/lib/gcc/x86_64-unknown-linux-gnu/12.2.0/crtend.o /nix/store/46m4xx889wlhsdj72j38fnlyyvvvvbyb-glibc-2.37-8/lib/crtn.o
COLLECT_GCC_OPTIONS='-v' '-o' 'cmTC_18f32' '-B' '/nix/store/46m4xx889wlhsdj72j38fnlyyvvvvbyb-glibc-2.37-8/lib/' '-idirafter' '/nix/store/hkj250rjsvxcbr31fr1v81cv88cdfp4l-glibc-2.37-8-dev/include' '-idirafter' '/nix/store/6z13b1vgvrw4kav1b9dh6ap4r101g5xq-gnat-12.2.0/lib/gcc/x86_64-unknown-linux-gnu/12.2.0/include-fixed' '-B' '/nix/store/9zyj8rhxm7z79dr2jdagw8shvxz65j4d-gnat-12.2.0-lib/lib' '-B' '/nix/store/6z13b1vgvrw4kav1b9dh6ap4r101g5xq-gnat-12.2.0/lib/gcc/x86_64-unknown-linux-gnu/12.2.0' '-I' '/nix/store/6z13b1vgvrw4kav1b9dh6ap4r101g5xq-gnat-12.2.0/lib/gcc/x86_64-unknown-linux-gnu/12.2.0/adainclude' '-B' '/nix/store/d4lx238qi0cwr031vdlpf9zn6vjn6njg-gnat-wrapper-12.2.0/bin/' '-L/nix/store/46m4xx889wlhsdj72j38fnlyyvvvvbyb-glibc-2.37-8/lib' '-L/nix/store/9zyj8rhxm7z79dr2jdagw8shvxz65j4d-gnat-12.2.0-lib/lib' '-shared-libgcc' '-mtune=generic' '-march=x86-64' '-dumpdir' 'cmTC_18f32.'
make[1]: Leaving directory '/home/sophia/Dev/Learning/CMake/Step1Build/CMakeFiles/CMakeScratch/TryCompile-oM0B3s'



Parsed CXX implicit include dir info from above output: rv=done
  found start of include info
  found start of implicit include info
    add: [/nix/store/6z13b1vgvrw4kav1b9dh6ap4r101g5xq-gnat-12.2.0/lib/gcc/x86_64-unknown-linux-gnu/12.2.0/adainclude]
    add: [/nix/store/6z13b1vgvrw4kav1b9dh6ap4r101g5xq-gnat-12.2.0/lib/gcc/x86_64-unknown-linux-gnu/12.2.0/include]
    add: [/nix/store/6z13b1vgvrw4kav1b9dh6ap4r101g5xq-gnat-12.2.0/lib/gcc/x86_64-unknown-linux-gnu/12.2.0/include-fixed]
    add: [/nix/store/6z13b1vgvrw4kav1b9dh6ap4r101g5xq-gnat-12.2.0/lib/gcc/x86_64-unknown-linux-gnu/12.2.0/../../../../include/c++/12.2.0]
    add: [/nix/store/6z13b1vgvrw4kav1b9dh6ap4r101g5xq-gnat-12.2.0/lib/gcc/x86_64-unknown-linux-gnu/12.2.0/../../../../include/c++/12.2.0/x86_64-unknown-linux-gnu]
    add: [/nix/store/6z13b1vgvrw4kav1b9dh6ap4r101g5xq-gnat-12.2.0/lib/gcc/x86_64-unknown-linux-gnu/12.2.0/../../../../include/c++/12.2.0/backward]
    add: [/nix/store/6z13b1vgvrw4kav1b9dh6ap4r101g5xq-gnat-12.2.0/include]
    add: [/nix/store/hkj250rjsvxcbr31fr1v81cv88cdfp4l-glibc-2.37-8-dev/include]
  end of search list found
  collapse include dir [/nix/store/6z13b1vgvrw4kav1b9dh6ap4r101g5xq-gnat-12.2.0/lib/gcc/x86_64-unknown-linux-gnu/12.2.0/adainclude] ==> [/nix/store/6z13b1vgvrw4kav1b9dh6ap4r101g5xq-gnat-12.2.0/lib/gcc/x86_64-unknown-linux-gnu/12.2.0/adainclude]
  collapse include dir [/nix/store/6z13b1vgvrw4kav1b9dh6ap4r101g5xq-gnat-12.2.0/lib/gcc/x86_64-unknown-linux-gnu/12.2.0/include] ==> [/nix/store/6z13b1vgvrw4kav1b9dh6ap4r101g5xq-gnat-12.2.0/lib/gcc/x86_64-unknown-linux-gnu/12.2.0/include]
  collapse include dir [/nix/store/6z13b1vgvrw4kav1b9dh6ap4r101g5xq-gnat-12.2.0/lib/gcc/x86_64-unknown-linux-gnu/12.2.0/include-fixed] ==> [/nix/store/6z13b1vgvrw4kav1b9dh6ap4r101g5xq-gnat-12.2.0/lib/gcc/x86_64-unknown-linux-gnu/12.2.0/include-fixed]
  collapse include dir [/nix/store/6z13b1vgvrw4kav1b9dh6ap4r101g5xq-gnat-12.2.0/lib/gcc/x86_64-unknown-linux-gnu/12.2.0/../../../../include/c++/12.2.0] ==> [/nix/store/6z13b1vgvrw4kav1b9dh6ap4r101g5xq-gnat-12.2.0/include/c++/12.2.0]
  collapse include dir [/nix/store/6z13b1vgvrw4kav1b9dh6ap4r101g5xq-gnat-12.2.0/lib/gcc/x86_64-unknown-linux-gnu/12.2.0/../../../../include/c++/12.2.0/x86_64-unknown-linux-gnu] ==> [/nix/store/6z13b1vgvrw4kav1b9dh6ap4r101g5xq-gnat-12.2.0/include/c++/12.2.0/x86_64-unknown-linux-gnu]
  collapse include dir [/nix/store/6z13b1vgvrw4kav1b9dh6ap4r101g5xq-gnat-12.2.0/lib/gcc/x86_64-unknown-linux-gnu/12.2.0/../../../../include/c++/12.2.0/backward] ==> [/nix/store/6z13b1vgvrw4kav1b9dh6ap4r101g5xq-gnat-12.2.0/include/c++/12.2.0/backward]
  collapse include dir [/nix/store/6z13b1vgvrw4kav1b9dh6ap4r101g5xq-gnat-12.2.0/include] ==> [/nix/store/6z13b1vgvrw4kav1b9dh6ap4r101g5xq-gnat-12.2.0/include]
  collapse include dir [/nix/store/hkj250rjsvxcbr31fr1v81cv88cdfp4l-glibc-2.37-8-dev/include] ==> [/nix/store/hkj250rjsvxcbr31fr1v81cv88cdfp4l-glibc-2.37-8-dev/include]
  implicit include dirs: [/nix/store/6z13b1vgvrw4kav1b9dh6ap4r101g5xq-gnat-12.2.0/lib/gcc/x86_64-unknown-linux-gnu/12.2.0/adainclude;/nix/store/6z13b1vgvrw4kav1b9dh6ap4r101g5xq-gnat-12.2.0/lib/gcc/x86_64-unknown-linux-gnu/12.2.0/include;/nix/store/6z13b1vgvrw4kav1b9dh6ap4r101g5xq-gnat-12.2.0/lib/gcc/x86_64-unknown-linux-gnu/12.2.0/include-fixed;/nix/store/6z13b1vgvrw4kav1b9dh6ap4r101g5xq-gnat-12.2.0/include/c++/12.2.0;/nix/store/6z13b1vgvrw4kav1b9dh6ap4r101g5xq-gnat-12.2.0/include/c++/12.2.0/x86_64-unknown-linux-gnu;/nix/store/6z13b1vgvrw4kav1b9dh6ap4r101g5xq-gnat-12.2.0/include/c++/12.2.0/backward;/nix/store/6z13b1vgvrw4kav1b9dh6ap4r101g5xq-gnat-12.2.0/include;/nix/store/hkj250rjsvxcbr31fr1v81cv88cdfp4l-glibc-2.37-8-dev/include]


Parsed CXX implicit link information from above output:
  link line regex: [^( *|.*[/\])(ld|CMAKE_LINK_STARTFILE-NOTFOUND|([^/\]+-)?ld|collect2)[^/\]*( |$)]
  ignore line: [Change Dir: /home/sophia/Dev/Learning/CMake/Step1Build/CMakeFiles/CMakeScratch/TryCompile-oM0B3s]
  ignore line: []
  ignore line: [Run Build Command(s):/run/current-system/sw/bin/make -f Makefile cmTC_18f32/fast && /run/current-system/sw/bin/make  -f CMakeFiles/cmTC_18f32.dir/build.make CMakeFiles/cmTC_18f32.dir/build]
  ignore line: [make[1]: Entering directory '/home/sophia/Dev/Learning/CMake/Step1Build/CMakeFiles/CMakeScratch/TryCompile-oM0B3s']
  ignore line: [Building CXX object CMakeFiles/cmTC_18f32.dir/CMakeCXXCompilerABI.cpp.o]
  ignore line: [/run/current-system/sw/bin/c++   -v -o CMakeFiles/cmTC_18f32.dir/CMakeCXXCompilerABI.cpp.o -c /nix/store/0s8gvg6nh3d3cbby1hjf69jfb2xdvbvp-cmake-3.25.3/share/cmake-3.25/Modules/CMakeCXXCompilerABI.cpp]
  ignore line: [Using built-in specs.]
  ignore line: [COLLECT_GCC=/nix/store/6z13b1vgvrw4kav1b9dh6ap4r101g5xq-gnat-12.2.0/bin/g++]
  ignore line: [Target: x86_64-unknown-linux-gnu]
  ignore line: [Configured with: ]
  ignore line: [Thread model: posix]
  ignore line: [Supported LTO compression algorithms: zlib]
  ignore line: [gcc version 12.2.0 (GCC) ]
  ignore line: [COLLECT_GCC_OPTIONS='-v' '-o' 'CMakeFiles/cmTC_18f32.dir/CMakeCXXCompilerABI.cpp.o' '-c' '-B' '/nix/store/46m4xx889wlhsdj72j38fnlyyvvvvbyb-glibc-2.37-8/lib/' '-idirafter' '/nix/store/hkj250rjsvxcbr31fr1v81cv88cdfp4l-glibc-2.37-8-dev/include' '-idirafter' '/nix/store/6z13b1vgvrw4kav1b9dh6ap4r101g5xq-gnat-12.2.0/lib/gcc/x86_64-unknown-linux-gnu/12.2.0/include-fixed' '-B' '/nix/store/9zyj8rhxm7z79dr2jdagw8shvxz65j4d-gnat-12.2.0-lib/lib' '-B' '/nix/store/6z13b1vgvrw4kav1b9dh6ap4r101g5xq-gnat-12.2.0/lib/gcc/x86_64-unknown-linux-gnu/12.2.0' '-I' '/nix/store/6z13b1vgvrw4kav1b9dh6ap4r101g5xq-gnat-12.2.0/lib/gcc/x86_64-unknown-linux-gnu/12.2.0/adainclude' '-B' '/nix/store/d4lx238qi0cwr031vdlpf9zn6vjn6njg-gnat-wrapper-12.2.0/bin/' '-shared-libgcc' '-mtune=generic' '-march=x86-64' '-dumpdir' 'CMakeFiles/cmTC_18f32.dir/']
  ignore line: [ /nix/store/6z13b1vgvrw4kav1b9dh6ap4r101g5xq-gnat-12.2.0/libexec/gcc/x86_64-unknown-linux-gnu/12.2.0/cc1plus -quiet -v -I /nix/store/6z13b1vgvrw4kav1b9dh6ap4r101g5xq-gnat-12.2.0/lib/gcc/x86_64-unknown-linux-gnu/12.2.0/adainclude -isystem /nix/store/6z13b1vgvrw4kav1b9dh6ap4r101g5xq-gnat-12.2.0/lib/gcc/x86_64-unknown-linux-gnu/12.2.0/include -isystem /nix/store/6z13b1vgvrw4kav1b9dh6ap4r101g5xq-gnat-12.2.0/lib/gcc/x86_64-unknown-linux-gnu/12.2.0/include-fixed -D_GNU_SOURCE -idirafter /nix/store/hkj250rjsvxcbr31fr1v81cv88cdfp4l-glibc-2.37-8-dev/include -idirafter /nix/store/6z13b1vgvrw4kav1b9dh6ap4r101g5xq-gnat-12.2.0/lib/gcc/x86_64-unknown-linux-gnu/12.2.0/include-fixed /nix/store/0s8gvg6nh3d3cbby1hjf69jfb2xdvbvp-cmake-3.25.3/share/cmake-3.25/Modules/CMakeCXXCompilerABI.cpp -quiet -dumpdir CMakeFiles/cmTC_18f32.dir/ -dumpbase CMakeCXXCompilerABI.cpp.cpp -dumpbase-ext .cpp -mtune=generic -march=x86-64 -version -o /tmp/ccVKW5rW.s]
  ignore line: [GNU C++17 (GCC) version 12.2.0 (x86_64-unknown-linux-gnu)]
  ignore line: [	compiled by GNU C version 12.1.0  GMP version 6.2.1  MPFR version 4.2.0  MPC version 1.3.1  isl version isl-0.20-GMP]
  ignore line: []
  ignore line: [GGC heuristics: --param ggc-min-expand=100 --param ggc-min-heapsize=131072]
  ignore line: [ignoring duplicate directory "/nix/store/6z13b1vgvrw4kav1b9dh6ap4r101g5xq-gnat-12.2.0/lib/gcc/x86_64-unknown-linux-gnu/12.2.0/include"]
  ignore line: [ignoring duplicate directory "/nix/store/6z13b1vgvrw4kav1b9dh6ap4r101g5xq-gnat-12.2.0/lib/gcc/x86_64-unknown-linux-gnu/12.2.0/include-fixed"]
  ignore line: [ignoring nonexistent directory "/nix/store/6z13b1vgvrw4kav1b9dh6ap4r101g5xq-gnat-12.2.0/lib/gcc/x86_64-unknown-linux-gnu/12.2.0/../../../../x86_64-unknown-linux-gnu/include"]
  ignore line: [ignoring duplicate directory "/nix/store/hkj250rjsvxcbr31fr1v81cv88cdfp4l-glibc-2.37-8-dev/include"]
  ignore line: [ignoring duplicate directory "/nix/store/6z13b1vgvrw4kav1b9dh6ap4r101g5xq-gnat-12.2.0/lib/gcc/x86_64-unknown-linux-gnu/12.2.0/include-fixed"]
  ignore line: [#include "..." search starts here:]
  ignore line: [#include <...> search starts here:]
  ignore line: [ /nix/store/6z13b1vgvrw4kav1b9dh6ap4r101g5xq-gnat-12.2.0/lib/gcc/x86_64-unknown-linux-gnu/12.2.0/adainclude]
  ignore line: [ /nix/store/6z13b1vgvrw4kav1b9dh6ap4r101g5xq-gnat-12.2.0/lib/gcc/x86_64-unknown-linux-gnu/12.2.0/include]
  ignore line: [ /nix/store/6z13b1vgvrw4kav1b9dh6ap4r101g5xq-gnat-12.2.0/lib/gcc/x86_64-unknown-linux-gnu/12.2.0/include-fixed]
  ignore line: [ /nix/store/6z13b1vgvrw4kav1b9dh6ap4r101g5xq-gnat-12.2.0/lib/gcc/x86_64-unknown-linux-gnu/12.2.0/../../../../include/c++/12.2.0]
  ignore line: [ /nix/store/6z13b1vgvrw4kav1b9dh6ap4r101g5xq-gnat-12.2.0/lib/gcc/x86_64-unknown-linux-gnu/12.2.0/../../../../include/c++/12.2.0/x86_64-unknown-linux-gnu]
  ignore line: [ /nix/store/6z13b1vgvrw4kav1b9dh6ap4r101g5xq-gnat-12.2.0/lib/gcc/x86_64-unknown-linux-gnu/12.2.0/../../../../include/c++/12.2.0/backward]
  ignore line: [ /nix/store/6z13b1vgvrw4kav1b9dh6ap4r101g5xq-gnat-12.2.0/include]
  ignore line: [ /nix/store/hkj250rjsvxcbr31fr1v81cv88cdfp4l-glibc-2.37-8-dev/include]
  ignore line: [End of search list.]
  ignore line: [GNU C++17 (GCC) version 12.2.0 (x86_64-unknown-linux-gnu)]
  ignore line: [	compiled by GNU C version 12.1.0  GMP version 6.2.1  MPFR version 4.2.0  MPC version 1.3.1  isl version isl-0.20-GMP]
  ignore line: []
  ignore line: [GGC heuristics: --param ggc-min-expand=100 --param ggc-min-heapsize=131072]
  ignore line: [Compiler executable checksum: 81e432a1892c26983a58c76b95c3f444]
  ignore line: [COLLECT_GCC_OPTIONS='-v' '-o' 'CMakeFiles/cmTC_18f32.dir/CMakeCXXCompilerABI.cpp.o' '-c' '-B' '/nix/store/46m4xx889wlhsdj72j38fnlyyvvvvbyb-glibc-2.37-8/lib/' '-idirafter' '/nix/store/hkj250rjsvxcbr31fr1v81cv88cdfp4l-glibc-2.37-8-dev/include' '-idirafter' '/nix/store/6z13b1vgvrw4kav1b9dh6ap4r101g5xq-gnat-12.2.0/lib/gcc/x86_64-unknown-linux-gnu/12.2.0/include-fixed' '-B' '/nix/store/9zyj8rhxm7z79dr2jdagw8shvxz65j4d-gnat-12.2.0-lib/lib' '-B' '/nix/store/6z13b1vgvrw4kav1b9dh6ap4r101g5xq-gnat-12.2.0/lib/gcc/x86_64-unknown-linux-gnu/12.2.0' '-I' '/nix/store/6z13b1vgvrw4kav1b9dh6ap4r101g5xq-gnat-12.2.0/lib/gcc/x86_64-unknown-linux-gnu/12.2.0/adainclude' '-B' '/nix/store/d4lx238qi0cwr031vdlpf9zn6vjn6njg-gnat-wrapper-12.2.0/bin/' '-shared-libgcc' '-mtune=generic' '-march=x86-64' '-dumpdir' 'CMakeFiles/cmTC_18f32.dir/']
  ignore line: [ /nix/store/d4lx238qi0cwr031vdlpf9zn6vjn6njg-gnat-wrapper-12.2.0/bin/as -v -I /nix/store/6z13b1vgvrw4kav1b9dh6ap4r101g5xq-gnat-12.2.0/lib/gcc/x86_64-unknown-linux-gnu/12.2.0/adainclude --64 -o CMakeFiles/cmTC_18f32.dir/CMakeCXXCompilerABI.cpp.o /tmp/ccVKW5rW.s]
  ignore line: [GNU assembler version 2.40 (x86_64-unknown-linux-gnu) using BFD version (GNU Binutils) 2.40]
  ignore line: [COMPILER_PATH=/nix/store/46m4xx889wlhsdj72j38fnlyyvvvvbyb-glibc-2.37-8/lib/:/nix/store/9zyj8rhxm7z79dr2jdagw8shvxz65j4d-gnat-12.2.0-lib/lib/:/nix/store/6z13b1vgvrw4kav1b9dh6ap4r101g5xq-gnat-12.2.0/lib/gcc/x86_64-unknown-linux-gnu/12.2.0/:/nix/store/d4lx238qi0cwr031vdlpf9zn6vjn6njg-gnat-wrapper-12.2.0/bin/:/nix/store/6z13b1vgvrw4kav1b9dh6ap4r101g5xq-gnat-12.2.0/libexec/gcc/x86_64-unknown-linux-gnu/12.2.0/:/nix/store/6z13b1vgvrw4kav1b9dh6ap4r101g5xq-gnat-12.2.0/libexec/gcc/x86_64-unknown-linux-gnu/12.2.0/:/nix/store/6z13b1vgvrw4kav1b9dh6ap4r101g5xq-gnat-12.2.0/libexec/gcc/x86_64-unknown-linux-gnu/:/nix/store/6z13b1vgvrw4kav1b9dh6ap4r101g5xq-gnat-12.2.0/lib/gcc/x86_64-unknown-linux-gnu/12.2.0/:/nix/store/6z13b1vgvrw4kav1b9dh6ap4r101g5xq-gnat-12.2.0/lib/gcc/x86_64-unknown-linux-gnu/]
  ignore line: [LIBRARY_PATH=/nix/store/46m4xx889wlhsdj72j38fnlyyvvvvbyb-glibc-2.37-8/lib/:/nix/store/9zyj8rhxm7z79dr2jdagw8shvxz65j4d-gnat-12.2.0-lib/lib/:/nix/store/6z13b1vgvrw4kav1b9dh6ap4r101g5xq-gnat-12.2.0/lib/gcc/x86_64-unknown-linux-gnu/12.2.0/:/nix/store/d4lx238qi0cwr031vdlpf9zn6vjn6njg-gnat-wrapper-12.2.0/bin/:/nix/store/6z13b1vgvrw4kav1b9dh6ap4r101g5xq-gnat-12.2.0/lib/gcc/x86_64-unknown-linux-gnu/12.2.0/:/nix/store/6z13b1vgvrw4kav1b9dh6ap4r101g5xq-gnat-12.2.0/lib/gcc/x86_64-unknown-linux-gnu/12.2.0/../../../../lib64/:/nix/store/6z13b1vgvrw4kav1b9dh6ap4r101g5xq-gnat-12.2.0/lib/gcc/x86_64-unknown-linux-gnu/12.2.0/../../../]
  ignore line: [COLLECT_GCC_OPTIONS='-v' '-o' 'CMakeFiles/cmTC_18f32.dir/CMakeCXXCompilerABI.cpp.o' '-c' '-B' '/nix/store/46m4xx889wlhsdj72j38fnlyyvvvvbyb-glibc-2.37-8/lib/' '-idirafter' '/nix/store/hkj250rjsvxcbr31fr1v81cv88cdfp4l-glibc-2.37-8-dev/include' '-idirafter' '/nix/store/6z13b1vgvrw4kav1b9dh6ap4r101g5xq-gnat-12.2.0/lib/gcc/x86_64-unknown-linux-gnu/12.2.0/include-fixed' '-B' '/nix/store/9zyj8rhxm7z79dr2jdagw8shvxz65j4d-gnat-12.2.0-lib/lib' '-B' '/nix/store/6z13b1vgvrw4kav1b9dh6ap4r101g5xq-gnat-12.2.0/lib/gcc/x86_64-unknown-linux-gnu/12.2.0' '-I' '/nix/store/6z13b1vgvrw4kav1b9dh6ap4r101g5xq-gnat-12.2.0/lib/gcc/x86_64-unknown-linux-gnu/12.2.0/adainclude' '-B' '/nix/store/d4lx238qi0cwr031vdlpf9zn6vjn6njg-gnat-wrapper-12.2.0/bin/' '-shared-libgcc' '-mtune=generic' '-march=x86-64' '-dumpdir' 'CMakeFiles/cmTC_18f32.dir/CMakeCXXCompilerABI.cpp.']
  ignore line: [Linking CXX executable cmTC_18f32]
  ignore line: [/nix/store/0s8gvg6nh3d3cbby1hjf69jfb2xdvbvp-cmake-3.25.3/bin/cmake -E cmake_link_script CMakeFiles/cmTC_18f32.dir/link.txt --verbose=1]
  ignore line: [/run/current-system/sw/bin/c++  -v CMakeFiles/cmTC_18f32.dir/CMakeCXXCompilerABI.cpp.o -o cmTC_18f32 ]
  ignore line: [Using built-in specs.]
  ignore line: [COLLECT_GCC=/nix/store/6z13b1vgvrw4kav1b9dh6ap4r101g5xq-gnat-12.2.0/bin/g++]
  ignore line: [COLLECT_LTO_WRAPPER=/nix/store/6z13b1vgvrw4kav1b9dh6ap4r101g5xq-gnat-12.2.0/libexec/gcc/x86_64-unknown-linux-gnu/12.2.0/lto-wrapper]
  ignore line: [Target: x86_64-unknown-linux-gnu]
  ignore line: [Configured with: ]
  ignore line: [Thread model: posix]
  ignore line: [Supported LTO compression algorithms: zlib]
  ignore line: [gcc version 12.2.0 (GCC) ]
  ignore line: [COMPILER_PATH=/nix/store/46m4xx889wlhsdj72j38fnlyyvvvvbyb-glibc-2.37-8/lib/:/nix/store/9zyj8rhxm7z79dr2jdagw8shvxz65j4d-gnat-12.2.0-lib/lib/:/nix/store/6z13b1vgvrw4kav1b9dh6ap4r101g5xq-gnat-12.2.0/lib/gcc/x86_64-unknown-linux-gnu/12.2.0/:/nix/store/d4lx238qi0cwr031vdlpf9zn6vjn6njg-gnat-wrapper-12.2.0/bin/:/nix/store/6z13b1vgvrw4kav1b9dh6ap4r101g5xq-gnat-12.2.0/libexec/gcc/x86_64-unknown-linux-gnu/12.2.0/:/nix/store/6z13b1vgvrw4kav1b9dh6ap4r101g5xq-gnat-12.2.0/libexec/gcc/x86_64-unknown-linux-gnu/12.2.0/:/nix/store/6z13b1vgvrw4kav1b9dh6ap4r101g5xq-gnat-12.2.0/libexec/gcc/x86_64-unknown-linux-gnu/:/nix/store/6z13b1vgvrw4kav1b9dh6ap4r101g5xq-gnat-12.2.0/lib/gcc/x86_64-unknown-linux-gnu/12.2.0/:/nix/store/6z13b1vgvrw4kav1b9dh6ap4r101g5xq-gnat-12.2.0/lib/gcc/x86_64-unknown-linux-gnu/]
  ignore line: [LIBRARY_PATH=/nix/store/46m4xx889wlhsdj72j38fnlyyvvvvbyb-glibc-2.37-8/lib/:/nix/store/9zyj8rhxm7z79dr2jdagw8shvxz65j4d-gnat-12.2.0-lib/lib/:/nix/store/6z13b1vgvrw4kav1b9dh6ap4r101g5xq-gnat-12.2.0/lib/gcc/x86_64-unknown-linux-gnu/12.2.0/:/nix/store/d4lx238qi0cwr031vdlpf9zn6vjn6njg-gnat-wrapper-12.2.0/bin/:/nix/store/6z13b1vgvrw4kav1b9dh6ap4r101g5xq-gnat-12.2.0/lib/gcc/x86_64-unknown-linux-gnu/12.2.0/:/nix/store/6z13b1vgvrw4kav1b9dh6ap4r101g5xq-gnat-12.2.0/lib/gcc/x86_64-unknown-linux-gnu/12.2.0/../../../../lib64/:/nix/store/6z13b1vgvrw4kav1b9dh6ap4r101g5xq-gnat-12.2.0/lib/gcc/x86_64-unknown-linux-gnu/12.2.0/../../../]
  ignore line: [COLLECT_GCC_OPTIONS='-v' '-o' 'cmTC_18f32' '-B' '/nix/store/46m4xx889wlhsdj72j38fnlyyvvvvbyb-glibc-2.37-8/lib/' '-idirafter' '/nix/store/hkj250rjsvxcbr31fr1v81cv88cdfp4l-glibc-2.37-8-dev/include' '-idirafter' '/nix/store/6z13b1vgvrw4kav1b9dh6ap4r101g5xq-gnat-12.2.0/lib/gcc/x86_64-unknown-linux-gnu/12.2.0/include-fixed' '-B' '/nix/store/9zyj8rhxm7z79dr2jdagw8shvxz65j4d-gnat-12.2.0-lib/lib' '-B' '/nix/store/6z13b1vgvrw4kav1b9dh6ap4r101g5xq-gnat-12.2.0/lib/gcc/x86_64-unknown-linux-gnu/12.2.0' '-I' '/nix/store/6z13b1vgvrw4kav1b9dh6ap4r101g5xq-gnat-12.2.0/lib/gcc/x86_64-unknown-linux-gnu/12.2.0/adainclude' '-B' '/nix/store/d4lx238qi0cwr031vdlpf9zn6vjn6njg-gnat-wrapper-12.2.0/bin/' '-L/nix/store/46m4xx889wlhsdj72j38fnlyyvvvvbyb-glibc-2.37-8/lib' '-L/nix/store/9zyj8rhxm7z79dr2jdagw8shvxz65j4d-gnat-12.2.0-lib/lib' '-shared-libgcc' '-mtune=generic' '-march=x86-64' '-dumpdir' 'cmTC_18f32.']
  link line: [ /nix/store/6z13b1vgvrw4kav1b9dh6ap4r101g5xq-gnat-12.2.0/libexec/gcc/x86_64-unknown-linux-gnu/12.2.0/collect2 -plugin /nix/store/6z13b1vgvrw4kav1b9dh6ap4r101g5xq-gnat-12.2.0/libexec/gcc/x86_64-unknown-linux-gnu/12.2.0/liblto_plugin.so -plugin-opt=/nix/store/6z13b1vgvrw4kav1b9dh6ap4r101g5xq-gnat-12.2.0/libexec/gcc/x86_64-unknown-linux-gnu/12.2.0/lto-wrapper -plugin-opt=-fresolution=/tmp/ccOABYbb.res -plugin-opt=-pass-through=-lgcc_s -plugin-opt=-pass-through=-lgcc -plugin-opt=-pass-through=-lc -plugin-opt=-pass-through=-lgcc_s -plugin-opt=-pass-through=-lgcc --eh-frame-hdr -m elf_x86_64 -dynamic-linker /nix/store/46m4xx889wlhsdj72j38fnlyyvvvvbyb-glibc-2.37-8/lib64/ld-linux-x86-64.so.2 -o cmTC_18f32 /nix/store/46m4xx889wlhsdj72j38fnlyyvvvvbyb-glibc-2.37-8/lib/crt1.o /nix/store/46m4xx889wlhsdj72j38fnlyyvvvvbyb-glibc-2.37-8/lib/crti.o /nix/store/6z13b1vgvrw4kav1b9dh6ap4r101g5xq-gnat-12.2.0/lib/gcc/x86_64-unknown-linux-gnu/12.2.0/crtbegin.o -L/nix/store/46m4xx889wlhsdj72j38fnlyyvvvvbyb-glibc-2.37-8/lib -L/nix/store/9zyj8rhxm7z79dr2jdagw8shvxz65j4d-gnat-12.2.0-lib/lib -L/nix/store/46m4xx889wlhsdj72j38fnlyyvvvvbyb-glibc-2.37-8/lib -L/nix/store/9zyj8rhxm7z79dr2jdagw8shvxz65j4d-gnat-12.2.0-lib/lib -L/nix/store/6z13b1vgvrw4kav1b9dh6ap4r101g5xq-gnat-12.2.0/lib/gcc/x86_64-unknown-linux-gnu/12.2.0 -L/nix/store/d4lx238qi0cwr031vdlpf9zn6vjn6njg-gnat-wrapper-12.2.0/bin -L/nix/store/6z13b1vgvrw4kav1b9dh6ap4r101g5xq-gnat-12.2.0/lib/gcc/x86_64-unknown-linux-gnu/12.2.0 -L/nix/store/6z13b1vgvrw4kav1b9dh6ap4r101g5xq-gnat-12.2.0/lib/gcc/x86_64-unknown-linux-gnu/12.2.0/../../../../lib64 -L/nix/store/6z13b1vgvrw4kav1b9dh6ap4r101g5xq-gnat-12.2.0/lib/gcc/x86_64-unknown-linux-gnu/12.2.0/../../.. -dynamic-linker=/nix/store/46m4xx889wlhsdj72j38fnlyyvvvvbyb-glibc-2.37-8/lib/ld-linux-x86-64.so.2 CMakeFiles/cmTC_18f32.dir/CMakeCXXCompilerABI.cpp.o -lstdc++ -lm -lgcc_s -lgcc -lc -lgcc_s -lgcc /nix/store/6z13b1vgvrw4kav1b9dh6ap4r101g5xq-gnat-12.2.0/lib/gcc/x86_64-unknown-linux-gnu/12.2.0/crtend.o /nix/store/46m4xx889wlhsdj72j38fnlyyvvvvbyb-glibc-2.37-8/lib/crtn.o]
    arg [/nix/store/6z13b1vgvrw4kav1b9dh6ap4r101g5xq-gnat-12.2.0/libexec/gcc/x86_64-unknown-linux-gnu/12.2.0/collect2] ==> ignore
    arg [-plugin] ==> ignore
    arg [/nix/store/6z13b1vgvrw4kav1b9dh6ap4r101g5xq-gnat-12.2.0/libexec/gcc/x86_64-unknown-linux-gnu/12.2.0/liblto_plugin.so] ==> ignore
    arg [-plugin-opt=/nix/store/6z13b1vgvrw4kav1b9dh6ap4r101g5xq-gnat-12.2.0/libexec/gcc/x86_64-unknown-linux-gnu/12.2.0/lto-wrapper] ==> ignore
    arg [-plugin-opt=-fresolution=/tmp/ccOABYbb.res] ==> ignore
    arg [-plugin-opt=-pass-through=-lgcc_s] ==> ignore
    arg [-plugin-opt=-pass-through=-lgcc] ==> ignore
    arg [-plugin-opt=-pass-through=-lc] ==> ignore
    arg [-plugin-opt=-pass-through=-lgcc_s] ==> ignore
    arg [-plugin-opt=-pass-through=-lgcc] ==> ignore
    arg [--eh-frame-hdr] ==> ignore
    arg [-m] ==> ignore
    arg [elf_x86_64] ==> ignore
    arg [-dynamic-linker] ==> ignore
    arg [/nix/store/46m4xx889wlhsdj72j38fnlyyvvvvbyb-glibc-2.37-8/lib64/ld-linux-x86-64.so.2] ==> ignore
    arg [-o] ==> ignore
    arg [cmTC_18f32] ==> ignore
    arg [/nix/store/46m4xx889wlhsdj72j38fnlyyvvvvbyb-glibc-2.37-8/lib/crt1.o] ==> obj [/nix/store/46m4xx889wlhsdj72j38fnlyyvvvvbyb-glibc-2.37-8/lib/crt1.o]
    arg [/nix/store/46m4xx889wlhsdj72j38fnlyyvvvvbyb-glibc-2.37-8/lib/crti.o] ==> obj [/nix/store/46m4xx889wlhsdj72j38fnlyyvvvvbyb-glibc-2.37-8/lib/crti.o]
    arg [/nix/store/6z13b1vgvrw4kav1b9dh6ap4r101g5xq-gnat-12.2.0/lib/gcc/x86_64-unknown-linux-gnu/12.2.0/crtbegin.o] ==> obj [/nix/store/6z13b1vgvrw4kav1b9dh6ap4r101g5xq-gnat-12.2.0/lib/gcc/x86_64-unknown-linux-gnu/12.2.0/crtbegin.o]
    arg [-L/nix/store/46m4xx889wlhsdj72j38fnlyyvvvvbyb-glibc-2.37-8/lib] ==> dir [/nix/store/46m4xx889wlhsdj72j38fnlyyvvvvbyb-glibc-2.37-8/lib]
    arg [-L/nix/store/9zyj8rhxm7z79dr2jdagw8shvxz65j4d-gnat-12.2.0-lib/lib] ==> dir [/nix/store/9zyj8rhxm7z79dr2jdagw8shvxz65j4d-gnat-12.2.0-lib/lib]
    arg [-L/nix/store/46m4xx889wlhsdj72j38fnlyyvvvvbyb-glibc-2.37-8/lib] ==> dir [/nix/store/46m4xx889wlhsdj72j38fnlyyvvvvbyb-glibc-2.37-8/lib]
    arg [-L/nix/store/9zyj8rhxm7z79dr2jdagw8shvxz65j4d-gnat-12.2.0-lib/lib] ==> dir [/nix/store/9zyj8rhxm7z79dr2jdagw8shvxz65j4d-gnat-12.2.0-lib/lib]
    arg [-L/nix/store/6z13b1vgvrw4kav1b9dh6ap4r101g5xq-gnat-12.2.0/lib/gcc/x86_64-unknown-linux-gnu/12.2.0] ==> dir [/nix/store/6z13b1vgvrw4kav1b9dh6ap4r101g5xq-gnat-12.2.0/lib/gcc/x86_64-unknown-linux-gnu/12.2.0]
    arg [-L/nix/store/d4lx238qi0cwr031vdlpf9zn6vjn6njg-gnat-wrapper-12.2.0/bin] ==> dir [/nix/store/d4lx238qi0cwr031vdlpf9zn6vjn6njg-gnat-wrapper-12.2.0/bin]
    arg [-L/nix/store/6z13b1vgvrw4kav1b9dh6ap4r101g5xq-gnat-12.2.0/lib/gcc/x86_64-unknown-linux-gnu/12.2.0] ==> dir [/nix/store/6z13b1vgvrw4kav1b9dh6ap4r101g5xq-gnat-12.2.0/lib/gcc/x86_64-unknown-linux-gnu/12.2.0]
    arg [-L/nix/store/6z13b1vgvrw4kav1b9dh6ap4r101g5xq-gnat-12.2.0/lib/gcc/x86_64-unknown-linux-gnu/12.2.0/../../../../lib64] ==> dir [/nix/store/6z13b1vgvrw4kav1b9dh6ap4r101g5xq-gnat-12.2.0/lib/gcc/x86_64-unknown-linux-gnu/12.2.0/../../../../lib64]
    arg [-L/nix/store/6z13b1vgvrw4kav1b9dh6ap4r101g5xq-gnat-12.2.0/lib/gcc/x86_64-unknown-linux-gnu/12.2.0/../../..] ==> dir [/nix/store/6z13b1vgvrw4kav1b9dh6ap4r101g5xq-gnat-12.2.0/lib/gcc/x86_64-unknown-linux-gnu/12.2.0/../../..]
    arg [-dynamic-linker=/nix/store/46m4xx889wlhsdj72j38fnlyyvvvvbyb-glibc-2.37-8/lib/ld-linux-x86-64.so.2] ==> ignore
    arg [CMakeFiles/cmTC_18f32.dir/CMakeCXXCompilerABI.cpp.o] ==> ignore
    arg [-lstdc++] ==> lib [stdc++]
    arg [-lm] ==> lib [m]
    arg [-lgcc_s] ==> lib [gcc_s]
    arg [-lgcc] ==> lib [gcc]
    arg [-lc] ==> lib [c]
    arg [-lgcc_s] ==> lib [gcc_s]
    arg [-lgcc] ==> lib [gcc]
    arg [/nix/store/6z13b1vgvrw4kav1b9dh6ap4r101g5xq-gnat-12.2.0/lib/gcc/x86_64-unknown-linux-gnu/12.2.0/crtend.o] ==> obj [/nix/store/6z13b1vgvrw4kav1b9dh6ap4r101g5xq-gnat-12.2.0/lib/gcc/x86_64-unknown-linux-gnu/12.2.0/crtend.o]
    arg [/nix/store/46m4xx889wlhsdj72j38fnlyyvvvvbyb-glibc-2.37-8/lib/crtn.o] ==> obj [/nix/store/46m4xx889wlhsdj72j38fnlyyvvvvbyb-glibc-2.37-8/lib/crtn.o]
  collapse library dir [/nix/store/46m4xx889wlhsdj72j38fnlyyvvvvbyb-glibc-2.37-8/lib] ==> [/nix/store/46m4xx889wlhsdj72j38fnlyyvvvvbyb-glibc-2.37-8/lib]
  collapse library dir [/nix/store/9zyj8rhxm7z79dr2jdagw8shvxz65j4d-gnat-12.2.0-lib/lib] ==> [/nix/store/9zyj8rhxm7z79dr2jdagw8shvxz65j4d-gnat-12.2.0-lib/lib]
  collapse library dir [/nix/store/46m4xx889wlhsdj72j38fnlyyvvvvbyb-glibc-2.37-8/lib] ==> [/nix/store/46m4xx889wlhsdj72j38fnlyyvvvvbyb-glibc-2.37-8/lib]
  collapse library dir [/nix/store/9zyj8rhxm7z79dr2jdagw8shvxz65j4d-gnat-12.2.0-lib/lib] ==> [/nix/store/9zyj8rhxm7z79dr2jdagw8shvxz65j4d-gnat-12.2.0-lib/lib]
  collapse library dir [/nix/store/6z13b1vgvrw4kav1b9dh6ap4r101g5xq-gnat-12.2.0/lib/gcc/x86_64-unknown-linux-gnu/12.2.0] ==> [/nix/store/6z13b1vgvrw4kav1b9dh6ap4r101g5xq-gnat-12.2.0/lib/gcc/x86_64-unknown-linux-gnu/12.2.0]
  collapse library dir [/nix/store/d4lx238qi0cwr031vdlpf9zn6vjn6njg-gnat-wrapper-12.2.0/bin] ==> [/nix/store/d4lx238qi0cwr031vdlpf9zn6vjn6njg-gnat-wrapper-12.2.0/bin]
  collapse library dir [/nix/store/6z13b1vgvrw4kav1b9dh6ap4r101g5xq-gnat-12.2.0/lib/gcc/x86_64-unknown-linux-gnu/12.2.0] ==> [/nix/store/6z13b1vgvrw4kav1b9dh6ap4r101g5xq-gnat-12.2.0/lib/gcc/x86_64-unknown-linux-gnu/12.2.0]
  collapse library dir [/nix/store/6z13b1vgvrw4kav1b9dh6ap4r101g5xq-gnat-12.2.0/lib/gcc/x86_64-unknown-linux-gnu/12.2.0/../../../../lib64] ==> [/nix/store/6z13b1vgvrw4kav1b9dh6ap4r101g5xq-gnat-12.2.0/lib64]
  collapse library dir [/nix/store/6z13b1vgvrw4kav1b9dh6ap4r101g5xq-gnat-12.2.0/lib/gcc/x86_64-unknown-linux-gnu/12.2.0/../../..] ==> [/nix/store/6z13b1vgvrw4kav1b9dh6ap4r101g5xq-gnat-12.2.0/lib]
  implicit libs: [stdc++;m;gcc_s;gcc;c;gcc_s;gcc]
  implicit objs: [/nix/store/46m4xx889wlhsdj72j38fnlyyvvvvbyb-glibc-2.37-8/lib/crt1.o;/nix/store/46m4xx889wlhsdj72j38fnlyyvvvvbyb-glibc-2.37-8/lib/crti.o;/nix/store/6z13b1vgvrw4kav1b9dh6ap4r101g5xq-gnat-12.2.0/lib/gcc/x86_64-unknown-linux-gnu/12.2.0/crtbegin.o;/nix/store/6z13b1vgvrw4kav1b9dh6ap4r101g5xq-gnat-12.2.0/lib/gcc/x86_64-unknown-linux-gnu/12.2.0/crtend.o;/nix/store/46m4xx889wlhsdj72j38fnlyyvvvvbyb-glibc-2.37-8/lib/crtn.o]
  implicit dirs: [/nix/store/46m4xx889wlhsdj72j38fnlyyvvvvbyb-glibc-2.37-8/lib;/nix/store/9zyj8rhxm7z79dr2jdagw8shvxz65j4d-gnat-12.2.0-lib/lib;/nix/store/6z13b1vgvrw4kav1b9dh6ap4r101g5xq-gnat-12.2.0/lib/gcc/x86_64-unknown-linux-gnu/12.2.0;/nix/store/d4lx238qi0cwr031vdlpf9zn6vjn6njg-gnat-wrapper-12.2.0/bin;/nix/store/6z13b1vgvrw4kav1b9dh6ap4r101g5xq-gnat-12.2.0/lib64;/nix/store/6z13b1vgvrw4kav1b9dh6ap4r101g5xq-gnat-12.2.0/lib]
  implicit fwks: []


