The system is: Linux - 6.1.51 - x86_64
Compiling the CXX compiler identification source file "CMakeCXXCompilerId.cpp" succeeded.
Compiler: /run/current-system/sw/bin/c++ 
Build flags: 
Id flags:  

The output was:
0


Compilation of the CXX compiler identification source "CMakeCXXCompilerId.cpp" produced "a.out"

The CXX compiler identification is GNU, found in "/home/sophia/Dev/Learning/CMake/build/CMakeFiles/3.25.3/CompilerIdCXX/a.out"

Detecting CXX compiler ABI info compiled with the following output:
Change Dir: /home/sophia/Dev/Learning/CMake/build/CMakeFiles/CMakeScratch/TryCompile-bZIzxS

Run Build Command(s):/run/current-system/sw/bin/ninja cmTC_da803 && [1/2] Building CXX object CMakeFiles/cmTC_da803.dir/CMakeCXXCompilerABI.cpp.o
Using built-in specs.
COLLECT_GCC=/nix/store/b7hvml0m3qmqraz1022fwvyyg6fc1vdy-gcc-12.2.0/bin/g++
Target: x86_64-unknown-linux-gnu
Configured with: 
Thread model: posix
Supported LTO compression algorithms: zlib
gcc version 12.2.0 (GCC) 
COLLECT_GCC_OPTIONS='-v' '-o' 'CMakeFiles/cmTC_da803.dir/CMakeCXXCompilerABI.cpp.o' '-c' '-B' '/nix/store/46m4xx889wlhsdj72j38fnlyyvvvvbyb-glibc-2.37-8/lib/' '-idirafter' '/nix/store/hkj250rjsvxcbr31fr1v81cv88cdfp4l-glibc-2.37-8-dev/include' '-idirafter' '/nix/store/b7hvml0m3qmqraz1022fwvyyg6fc1vdy-gcc-12.2.0/lib/gcc/x86_64-unknown-linux-gnu/12.2.0/include-fixed' '-B' '/nix/store/843dqq10jdkalr2yazaz6drx334visrb-gcc-12.2.0-lib/lib' '-B' '/nix/store/lcf37pgp3rgww67v9x2990hbfwx96c1w-gcc-wrapper-12.2.0/bin/' '-shared-libgcc' '-mtune=generic' '-march=x86-64' '-dumpdir' 'CMakeFiles/cmTC_da803.dir/'
 /nix/store/b7hvml0m3qmqraz1022fwvyyg6fc1vdy-gcc-12.2.0/libexec/gcc/x86_64-unknown-linux-gnu/12.2.0/cc1plus -quiet -v -D_GNU_SOURCE -idirafter /nix/store/hkj250rjsvxcbr31fr1v81cv88cdfp4l-glibc-2.37-8-dev/include -idirafter /nix/store/b7hvml0m3qmqraz1022fwvyyg6fc1vdy-gcc-12.2.0/lib/gcc/x86_64-unknown-linux-gnu/12.2.0/include-fixed /nix/store/0s8gvg6nh3d3cbby1hjf69jfb2xdvbvp-cmake-3.25.3/share/cmake-3.25/Modules/CMakeCXXCompilerABI.cpp -quiet -dumpdir CMakeFiles/cmTC_da803.dir/ -dumpbase CMakeCXXCompilerABI.cpp.cpp -dumpbase-ext .cpp -mtune=generic -march=x86-64 -version -o /tmp/ccfGEVtY.s
GNU C++17 (GCC) version 12.2.0 (x86_64-unknown-linux-gnu)
	compiled by GNU C version 12.2.0, GMP version 6.2.1, MPFR version 4.2.0, MPC version 1.3.1, isl version isl-0.20-GMP

GGC heuristics: --param ggc-min-expand=100 --param ggc-min-heapsize=131072
ignoring nonexistent directory "/nix/store/b7hvml0m3qmqraz1022fwvyyg6fc1vdy-gcc-12.2.0/lib/gcc/x86_64-unknown-linux-gnu/12.2.0/../../../../x86_64-unknown-linux-gnu/include"
ignoring duplicate directory "/nix/store/hkj250rjsvxcbr31fr1v81cv88cdfp4l-glibc-2.37-8-dev/include"
ignoring duplicate directory "/nix/store/b7hvml0m3qmqraz1022fwvyyg6fc1vdy-gcc-12.2.0/lib/gcc/x86_64-unknown-linux-gnu/12.2.0/include-fixed"
#include "..." search starts here:
#include <...> search starts here:
 /nix/store/b7hvml0m3qmqraz1022fwvyyg6fc1vdy-gcc-12.2.0/lib/gcc/x86_64-unknown-linux-gnu/12.2.0/../../../../include/c++/12.2.0
 /nix/store/b7hvml0m3qmqraz1022fwvyyg6fc1vdy-gcc-12.2.0/lib/gcc/x86_64-unknown-linux-gnu/12.2.0/../../../../include/c++/12.2.0/x86_64-unknown-linux-gnu
 /nix/store/b7hvml0m3qmqraz1022fwvyyg6fc1vdy-gcc-12.2.0/lib/gcc/x86_64-unknown-linux-gnu/12.2.0/../../../../include/c++/12.2.0/backward
 /nix/store/b7hvml0m3qmqraz1022fwvyyg6fc1vdy-gcc-12.2.0/lib/gcc/x86_64-unknown-linux-gnu/12.2.0/include
 /nix/store/b7hvml0m3qmqraz1022fwvyyg6fc1vdy-gcc-12.2.0/include
 /nix/store/b7hvml0m3qmqraz1022fwvyyg6fc1vdy-gcc-12.2.0/lib/gcc/x86_64-unknown-linux-gnu/12.2.0/include-fixed
 /nix/store/hkj250rjsvxcbr31fr1v81cv88cdfp4l-glibc-2.37-8-dev/include
End of search list.
GNU C++17 (GCC) version 12.2.0 (x86_64-unknown-linux-gnu)
	compiled by GNU C version 12.2.0, GMP version 6.2.1, MPFR version 4.2.0, MPC version 1.3.1, isl version isl-0.20-GMP

GGC heuristics: --param ggc-min-expand=100 --param ggc-min-heapsize=131072
Compiler executable checksum: b5d135a50d0567160372845759f40386
COLLECT_GCC_OPTIONS='-v' '-o' 'CMakeFiles/cmTC_da803.dir/CMakeCXXCompilerABI.cpp.o' '-c' '-B' '/nix/store/46m4xx889wlhsdj72j38fnlyyvvvvbyb-glibc-2.37-8/lib/' '-idirafter' '/nix/store/hkj250rjsvxcbr31fr1v81cv88cdfp4l-glibc-2.37-8-dev/include' '-idirafter' '/nix/store/b7hvml0m3qmqraz1022fwvyyg6fc1vdy-gcc-12.2.0/lib/gcc/x86_64-unknown-linux-gnu/12.2.0/include-fixed' '-B' '/nix/store/843dqq10jdkalr2yazaz6drx334visrb-gcc-12.2.0-lib/lib' '-B' '/nix/store/lcf37pgp3rgww67v9x2990hbfwx96c1w-gcc-wrapper-12.2.0/bin/' '-shared-libgcc' '-mtune=generic' '-march=x86-64' '-dumpdir' 'CMakeFiles/cmTC_da803.dir/'
 /nix/store/lcf37pgp3rgww67v9x2990hbfwx96c1w-gcc-wrapper-12.2.0/bin/as -v --64 -o CMakeFiles/cmTC_da803.dir/CMakeCXXCompilerABI.cpp.o /tmp/ccfGEVtY.s
GNU assembler version 2.40 (x86_64-unknown-linux-gnu) using BFD version (GNU Binutils) 2.40
COMPILER_PATH=/nix/store/46m4xx889wlhsdj72j38fnlyyvvvvbyb-glibc-2.37-8/lib/:/nix/store/843dqq10jdkalr2yazaz6drx334visrb-gcc-12.2.0-lib/lib/:/nix/store/lcf37pgp3rgww67v9x2990hbfwx96c1w-gcc-wrapper-12.2.0/bin/:/nix/store/b7hvml0m3qmqraz1022fwvyyg6fc1vdy-gcc-12.2.0/libexec/gcc/x86_64-unknown-linux-gnu/12.2.0/:/nix/store/b7hvml0m3qmqraz1022fwvyyg6fc1vdy-gcc-12.2.0/libexec/gcc/x86_64-unknown-linux-gnu/12.2.0/:/nix/store/b7hvml0m3qmqraz1022fwvyyg6fc1vdy-gcc-12.2.0/libexec/gcc/x86_64-unknown-linux-gnu/:/nix/store/b7hvml0m3qmqraz1022fwvyyg6fc1vdy-gcc-12.2.0/lib/gcc/x86_64-unknown-linux-gnu/12.2.0/:/nix/store/b7hvml0m3qmqraz1022fwvyyg6fc1vdy-gcc-12.2.0/lib/gcc/x86_64-unknown-linux-gnu/
LIBRARY_PATH=/nix/store/46m4xx889wlhsdj72j38fnlyyvvvvbyb-glibc-2.37-8/lib/:/nix/store/843dqq10jdkalr2yazaz6drx334visrb-gcc-12.2.0-lib/lib/:/nix/store/lcf37pgp3rgww67v9x2990hbfwx96c1w-gcc-wrapper-12.2.0/bin/:/nix/store/b7hvml0m3qmqraz1022fwvyyg6fc1vdy-gcc-12.2.0/lib/gcc/x86_64-unknown-linux-gnu/12.2.0/:/nix/store/b7hvml0m3qmqraz1022fwvyyg6fc1vdy-gcc-12.2.0/lib/gcc/x86_64-unknown-linux-gnu/12.2.0/../../../../lib64/:/nix/store/b7hvml0m3qmqraz1022fwvyyg6fc1vdy-gcc-12.2.0/lib/gcc/x86_64-unknown-linux-gnu/12.2.0/../../../
COLLECT_GCC_OPTIONS='-v' '-o' 'CMakeFiles/cmTC_da803.dir/CMakeCXXCompilerABI.cpp.o' '-c' '-B' '/nix/store/46m4xx889wlhsdj72j38fnlyyvvvvbyb-glibc-2.37-8/lib/' '-idirafter' '/nix/store/hkj250rjsvxcbr31fr1v81cv88cdfp4l-glibc-2.37-8-dev/include' '-idirafter' '/nix/store/b7hvml0m3qmqraz1022fwvyyg6fc1vdy-gcc-12.2.0/lib/gcc/x86_64-unknown-linux-gnu/12.2.0/include-fixed' '-B' '/nix/store/843dqq10jdkalr2yazaz6drx334visrb-gcc-12.2.0-lib/lib' '-B' '/nix/store/lcf37pgp3rgww67v9x2990hbfwx96c1w-gcc-wrapper-12.2.0/bin/' '-shared-libgcc' '-mtune=generic' '-march=x86-64' '-dumpdir' 'CMakeFiles/cmTC_da803.dir/CMakeCXXCompilerABI.cpp.'
[2/2] Linking CXX executable cmTC_da803
Using built-in specs.
COLLECT_GCC=/nix/store/b7hvml0m3qmqraz1022fwvyyg6fc1vdy-gcc-12.2.0/bin/g++
COLLECT_LTO_WRAPPER=/nix/store/b7hvml0m3qmqraz1022fwvyyg6fc1vdy-gcc-12.2.0/libexec/gcc/x86_64-unknown-linux-gnu/12.2.0/lto-wrapper
Target: x86_64-unknown-linux-gnu
Configured with: 
Thread model: posix
Supported LTO compression algorithms: zlib
gcc version 12.2.0 (GCC) 
COMPILER_PATH=/nix/store/46m4xx889wlhsdj72j38fnlyyvvvvbyb-glibc-2.37-8/lib/:/nix/store/843dqq10jdkalr2yazaz6drx334visrb-gcc-12.2.0-lib/lib/:/nix/store/lcf37pgp3rgww67v9x2990hbfwx96c1w-gcc-wrapper-12.2.0/bin/:/nix/store/b7hvml0m3qmqraz1022fwvyyg6fc1vdy-gcc-12.2.0/libexec/gcc/x86_64-unknown-linux-gnu/12.2.0/:/nix/store/b7hvml0m3qmqraz1022fwvyyg6fc1vdy-gcc-12.2.0/libexec/gcc/x86_64-unknown-linux-gnu/12.2.0/:/nix/store/b7hvml0m3qmqraz1022fwvyyg6fc1vdy-gcc-12.2.0/libexec/gcc/x86_64-unknown-linux-gnu/:/nix/store/b7hvml0m3qmqraz1022fwvyyg6fc1vdy-gcc-12.2.0/lib/gcc/x86_64-unknown-linux-gnu/12.2.0/:/nix/store/b7hvml0m3qmqraz1022fwvyyg6fc1vdy-gcc-12.2.0/lib/gcc/x86_64-unknown-linux-gnu/
LIBRARY_PATH=/nix/store/46m4xx889wlhsdj72j38fnlyyvvvvbyb-glibc-2.37-8/lib/:/nix/store/843dqq10jdkalr2yazaz6drx334visrb-gcc-12.2.0-lib/lib/:/nix/store/lcf37pgp3rgww67v9x2990hbfwx96c1w-gcc-wrapper-12.2.0/bin/:/nix/store/b7hvml0m3qmqraz1022fwvyyg6fc1vdy-gcc-12.2.0/lib/gcc/x86_64-unknown-linux-gnu/12.2.0/:/nix/store/b7hvml0m3qmqraz1022fwvyyg6fc1vdy-gcc-12.2.0/lib/gcc/x86_64-unknown-linux-gnu/12.2.0/../../../../lib64/:/nix/store/b7hvml0m3qmqraz1022fwvyyg6fc1vdy-gcc-12.2.0/lib/gcc/x86_64-unknown-linux-gnu/12.2.0/../../../
COLLECT_GCC_OPTIONS='-v' '-o' 'cmTC_da803' '-B' '/nix/store/46m4xx889wlhsdj72j38fnlyyvvvvbyb-glibc-2.37-8/lib/' '-idirafter' '/nix/store/hkj250rjsvxcbr31fr1v81cv88cdfp4l-glibc-2.37-8-dev/include' '-idirafter' '/nix/store/b7hvml0m3qmqraz1022fwvyyg6fc1vdy-gcc-12.2.0/lib/gcc/x86_64-unknown-linux-gnu/12.2.0/include-fixed' '-B' '/nix/store/843dqq10jdkalr2yazaz6drx334visrb-gcc-12.2.0-lib/lib' '-B' '/nix/store/lcf37pgp3rgww67v9x2990hbfwx96c1w-gcc-wrapper-12.2.0/bin/' '-L/nix/store/46m4xx889wlhsdj72j38fnlyyvvvvbyb-glibc-2.37-8/lib' '-L/nix/store/b7hvml0m3qmqraz1022fwvyyg6fc1vdy-gcc-12.2.0/lib/gcc/x86_64-unknown-linux-gnu/12.2.0' '-L/nix/store/843dqq10jdkalr2yazaz6drx334visrb-gcc-12.2.0-lib/x86_64-unknown-linux-gnu/lib' '-L/nix/store/843dqq10jdkalr2yazaz6drx334visrb-gcc-12.2.0-lib/lib' '-shared-libgcc' '-mtune=generic' '-march=x86-64' '-dumpdir' 'cmTC_da803.'
 /nix/store/b7hvml0m3qmqraz1022fwvyyg6fc1vdy-gcc-12.2.0/libexec/gcc/x86_64-unknown-linux-gnu/12.2.0/collect2 -plugin /nix/store/b7hvml0m3qmqraz1022fwvyyg6fc1vdy-gcc-12.2.0/libexec/gcc/x86_64-unknown-linux-gnu/12.2.0/liblto_plugin.so -plugin-opt=/nix/store/b7hvml0m3qmqraz1022fwvyyg6fc1vdy-gcc-12.2.0/libexec/gcc/x86_64-unknown-linux-gnu/12.2.0/lto-wrapper -plugin-opt=-fresolution=/tmp/ccQBfKNl.res -plugin-opt=-pass-through=-lgcc_s -plugin-opt=-pass-through=-lgcc -plugin-opt=-pass-through=-lc -plugin-opt=-pass-through=-lgcc_s -plugin-opt=-pass-through=-lgcc --eh-frame-hdr -m elf_x86_64 -dynamic-linker /nix/store/46m4xx889wlhsdj72j38fnlyyvvvvbyb-glibc-2.37-8/lib64/ld-linux-x86-64.so.2 -o cmTC_da803 /nix/store/46m4xx889wlhsdj72j38fnlyyvvvvbyb-glibc-2.37-8/lib/crt1.o /nix/store/46m4xx889wlhsdj72j38fnlyyvvvvbyb-glibc-2.37-8/lib/crti.o /nix/store/b7hvml0m3qmqraz1022fwvyyg6fc1vdy-gcc-12.2.0/lib/gcc/x86_64-unknown-linux-gnu/12.2.0/crtbegin.o -L/nix/store/46m4xx889wlhsdj72j38fnlyyvvvvbyb-glibc-2.37-8/lib -L/nix/store/b7hvml0m3qmqraz1022fwvyyg6fc1vdy-gcc-12.2.0/lib/gcc/x86_64-unknown-linux-gnu/12.2.0 -L/nix/store/843dqq10jdkalr2yazaz6drx334visrb-gcc-12.2.0-lib/x86_64-unknown-linux-gnu/lib -L/nix/store/843dqq10jdkalr2yazaz6drx334visrb-gcc-12.2.0-lib/lib -L/nix/store/46m4xx889wlhsdj72j38fnlyyvvvvbyb-glibc-2.37-8/lib -L/nix/store/843dqq10jdkalr2yazaz6drx334visrb-gcc-12.2.0-lib/lib -L/nix/store/lcf37pgp3rgww67v9x2990hbfwx96c1w-gcc-wrapper-12.2.0/bin -L/nix/store/b7hvml0m3qmqraz1022fwvyyg6fc1vdy-gcc-12.2.0/lib/gcc/x86_64-unknown-linux-gnu/12.2.0 -L/nix/store/b7hvml0m3qmqraz1022fwvyyg6fc1vdy-gcc-12.2.0/lib/gcc/x86_64-unknown-linux-gnu/12.2.0/../../../../lib64 -L/nix/store/b7hvml0m3qmqraz1022fwvyyg6fc1vdy-gcc-12.2.0/lib/gcc/x86_64-unknown-linux-gnu/12.2.0/../../.. -dynamic-linker=/nix/store/46m4xx889wlhsdj72j38fnlyyvvvvbyb-glibc-2.37-8/lib/ld-linux-x86-64.so.2 CMakeFiles/cmTC_da803.dir/CMakeCXXCompilerABI.cpp.o -lstdc++ -lm -lgcc_s -lgcc -lc -lgcc_s -lgcc /nix/store/b7hvml0m3qmqraz1022fwvyyg6fc1vdy-gcc-12.2.0/lib/gcc/x86_64-unknown-linux-gnu/12.2.0/crtend.o /nix/store/46m4xx889wlhsdj72j38fnlyyvvvvbyb-glibc-2.37-8/lib/crtn.o
COLLECT_GCC_OPTIONS='-v' '-o' 'cmTC_da803' '-B' '/nix/store/46m4xx889wlhsdj72j38fnlyyvvvvbyb-glibc-2.37-8/lib/' '-idirafter' '/nix/store/hkj250rjsvxcbr31fr1v81cv88cdfp4l-glibc-2.37-8-dev/include' '-idirafter' '/nix/store/b7hvml0m3qmqraz1022fwvyyg6fc1vdy-gcc-12.2.0/lib/gcc/x86_64-unknown-linux-gnu/12.2.0/include-fixed' '-B' '/nix/store/843dqq10jdkalr2yazaz6drx334visrb-gcc-12.2.0-lib/lib' '-B' '/nix/store/lcf37pgp3rgww67v9x2990hbfwx96c1w-gcc-wrapper-12.2.0/bin/' '-L/nix/store/46m4xx889wlhsdj72j38fnlyyvvvvbyb-glibc-2.37-8/lib' '-L/nix/store/b7hvml0m3qmqraz1022fwvyyg6fc1vdy-gcc-12.2.0/lib/gcc/x86_64-unknown-linux-gnu/12.2.0' '-L/nix/store/843dqq10jdkalr2yazaz6drx334visrb-gcc-12.2.0-lib/x86_64-unknown-linux-gnu/lib' '-L/nix/store/843dqq10jdkalr2yazaz6drx334visrb-gcc-12.2.0-lib/lib' '-shared-libgcc' '-mtune=generic' '-march=x86-64' '-dumpdir' 'cmTC_da803.'



Parsed CXX implicit include dir info from above output: rv=done
  found start of include info
  found start of implicit include info
    add: [/nix/store/b7hvml0m3qmqraz1022fwvyyg6fc1vdy-gcc-12.2.0/lib/gcc/x86_64-unknown-linux-gnu/12.2.0/../../../../include/c++/12.2.0]
    add: [/nix/store/b7hvml0m3qmqraz1022fwvyyg6fc1vdy-gcc-12.2.0/lib/gcc/x86_64-unknown-linux-gnu/12.2.0/../../../../include/c++/12.2.0/x86_64-unknown-linux-gnu]
    add: [/nix/store/b7hvml0m3qmqraz1022fwvyyg6fc1vdy-gcc-12.2.0/lib/gcc/x86_64-unknown-linux-gnu/12.2.0/../../../../include/c++/12.2.0/backward]
    add: [/nix/store/b7hvml0m3qmqraz1022fwvyyg6fc1vdy-gcc-12.2.0/lib/gcc/x86_64-unknown-linux-gnu/12.2.0/include]
    add: [/nix/store/b7hvml0m3qmqraz1022fwvyyg6fc1vdy-gcc-12.2.0/include]
    add: [/nix/store/b7hvml0m3qmqraz1022fwvyyg6fc1vdy-gcc-12.2.0/lib/gcc/x86_64-unknown-linux-gnu/12.2.0/include-fixed]
    add: [/nix/store/hkj250rjsvxcbr31fr1v81cv88cdfp4l-glibc-2.37-8-dev/include]
  end of search list found
  collapse include dir [/nix/store/b7hvml0m3qmqraz1022fwvyyg6fc1vdy-gcc-12.2.0/lib/gcc/x86_64-unknown-linux-gnu/12.2.0/../../../../include/c++/12.2.0] ==> [/nix/store/b7hvml0m3qmqraz1022fwvyyg6fc1vdy-gcc-12.2.0/include/c++/12.2.0]
  collapse include dir [/nix/store/b7hvml0m3qmqraz1022fwvyyg6fc1vdy-gcc-12.2.0/lib/gcc/x86_64-unknown-linux-gnu/12.2.0/../../../../include/c++/12.2.0/x86_64-unknown-linux-gnu] ==> [/nix/store/b7hvml0m3qmqraz1022fwvyyg6fc1vdy-gcc-12.2.0/include/c++/12.2.0/x86_64-unknown-linux-gnu]
  collapse include dir [/nix/store/b7hvml0m3qmqraz1022fwvyyg6fc1vdy-gcc-12.2.0/lib/gcc/x86_64-unknown-linux-gnu/12.2.0/../../../../include/c++/12.2.0/backward] ==> [/nix/store/b7hvml0m3qmqraz1022fwvyyg6fc1vdy-gcc-12.2.0/include/c++/12.2.0/backward]
  collapse include dir [/nix/store/b7hvml0m3qmqraz1022fwvyyg6fc1vdy-gcc-12.2.0/lib/gcc/x86_64-unknown-linux-gnu/12.2.0/include] ==> [/nix/store/b7hvml0m3qmqraz1022fwvyyg6fc1vdy-gcc-12.2.0/lib/gcc/x86_64-unknown-linux-gnu/12.2.0/include]
  collapse include dir [/nix/store/b7hvml0m3qmqraz1022fwvyyg6fc1vdy-gcc-12.2.0/include] ==> [/nix/store/b7hvml0m3qmqraz1022fwvyyg6fc1vdy-gcc-12.2.0/include]
  collapse include dir [/nix/store/b7hvml0m3qmqraz1022fwvyyg6fc1vdy-gcc-12.2.0/lib/gcc/x86_64-unknown-linux-gnu/12.2.0/include-fixed] ==> [/nix/store/b7hvml0m3qmqraz1022fwvyyg6fc1vdy-gcc-12.2.0/lib/gcc/x86_64-unknown-linux-gnu/12.2.0/include-fixed]
  collapse include dir [/nix/store/hkj250rjsvxcbr31fr1v81cv88cdfp4l-glibc-2.37-8-dev/include] ==> [/nix/store/hkj250rjsvxcbr31fr1v81cv88cdfp4l-glibc-2.37-8-dev/include]
  implicit include dirs: [/nix/store/b7hvml0m3qmqraz1022fwvyyg6fc1vdy-gcc-12.2.0/include/c++/12.2.0;/nix/store/b7hvml0m3qmqraz1022fwvyyg6fc1vdy-gcc-12.2.0/include/c++/12.2.0/x86_64-unknown-linux-gnu;/nix/store/b7hvml0m3qmqraz1022fwvyyg6fc1vdy-gcc-12.2.0/include/c++/12.2.0/backward;/nix/store/b7hvml0m3qmqraz1022fwvyyg6fc1vdy-gcc-12.2.0/lib/gcc/x86_64-unknown-linux-gnu/12.2.0/include;/nix/store/b7hvml0m3qmqraz1022fwvyyg6fc1vdy-gcc-12.2.0/include;/nix/store/b7hvml0m3qmqraz1022fwvyyg6fc1vdy-gcc-12.2.0/lib/gcc/x86_64-unknown-linux-gnu/12.2.0/include-fixed;/nix/store/hkj250rjsvxcbr31fr1v81cv88cdfp4l-glibc-2.37-8-dev/include]


Parsed CXX implicit link information from above output:
  link line regex: [^( *|.*[/\])(ld|CMAKE_LINK_STARTFILE-NOTFOUND|([^/\]+-)?ld|collect2)[^/\]*( |$)]
  ignore line: [Change Dir: /home/sophia/Dev/Learning/CMake/build/CMakeFiles/CMakeScratch/TryCompile-bZIzxS]
  ignore line: []
  ignore line: [Run Build Command(s):/run/current-system/sw/bin/ninja cmTC_da803 && [1/2] Building CXX object CMakeFiles/cmTC_da803.dir/CMakeCXXCompilerABI.cpp.o]
  ignore line: [Using built-in specs.]
  ignore line: [COLLECT_GCC=/nix/store/b7hvml0m3qmqraz1022fwvyyg6fc1vdy-gcc-12.2.0/bin/g++]
  ignore line: [Target: x86_64-unknown-linux-gnu]
  ignore line: [Configured with: ]
  ignore line: [Thread model: posix]
  ignore line: [Supported LTO compression algorithms: zlib]
  ignore line: [gcc version 12.2.0 (GCC) ]
  ignore line: [COLLECT_GCC_OPTIONS='-v' '-o' 'CMakeFiles/cmTC_da803.dir/CMakeCXXCompilerABI.cpp.o' '-c' '-B' '/nix/store/46m4xx889wlhsdj72j38fnlyyvvvvbyb-glibc-2.37-8/lib/' '-idirafter' '/nix/store/hkj250rjsvxcbr31fr1v81cv88cdfp4l-glibc-2.37-8-dev/include' '-idirafter' '/nix/store/b7hvml0m3qmqraz1022fwvyyg6fc1vdy-gcc-12.2.0/lib/gcc/x86_64-unknown-linux-gnu/12.2.0/include-fixed' '-B' '/nix/store/843dqq10jdkalr2yazaz6drx334visrb-gcc-12.2.0-lib/lib' '-B' '/nix/store/lcf37pgp3rgww67v9x2990hbfwx96c1w-gcc-wrapper-12.2.0/bin/' '-shared-libgcc' '-mtune=generic' '-march=x86-64' '-dumpdir' 'CMakeFiles/cmTC_da803.dir/']
  ignore line: [ /nix/store/b7hvml0m3qmqraz1022fwvyyg6fc1vdy-gcc-12.2.0/libexec/gcc/x86_64-unknown-linux-gnu/12.2.0/cc1plus -quiet -v -D_GNU_SOURCE -idirafter /nix/store/hkj250rjsvxcbr31fr1v81cv88cdfp4l-glibc-2.37-8-dev/include -idirafter /nix/store/b7hvml0m3qmqraz1022fwvyyg6fc1vdy-gcc-12.2.0/lib/gcc/x86_64-unknown-linux-gnu/12.2.0/include-fixed /nix/store/0s8gvg6nh3d3cbby1hjf69jfb2xdvbvp-cmake-3.25.3/share/cmake-3.25/Modules/CMakeCXXCompilerABI.cpp -quiet -dumpdir CMakeFiles/cmTC_da803.dir/ -dumpbase CMakeCXXCompilerABI.cpp.cpp -dumpbase-ext .cpp -mtune=generic -march=x86-64 -version -o /tmp/ccfGEVtY.s]
  ignore line: [GNU C++17 (GCC) version 12.2.0 (x86_64-unknown-linux-gnu)]
  ignore line: [	compiled by GNU C version 12.2.0  GMP version 6.2.1  MPFR version 4.2.0  MPC version 1.3.1  isl version isl-0.20-GMP]
  ignore line: []
  ignore line: [GGC heuristics: --param ggc-min-expand=100 --param ggc-min-heapsize=131072]
  ignore line: [ignoring nonexistent directory "/nix/store/b7hvml0m3qmqraz1022fwvyyg6fc1vdy-gcc-12.2.0/lib/gcc/x86_64-unknown-linux-gnu/12.2.0/../../../../x86_64-unknown-linux-gnu/include"]
  ignore line: [ignoring duplicate directory "/nix/store/hkj250rjsvxcbr31fr1v81cv88cdfp4l-glibc-2.37-8-dev/include"]
  ignore line: [ignoring duplicate directory "/nix/store/b7hvml0m3qmqraz1022fwvyyg6fc1vdy-gcc-12.2.0/lib/gcc/x86_64-unknown-linux-gnu/12.2.0/include-fixed"]
  ignore line: [#include "..." search starts here:]
  ignore line: [#include <...> search starts here:]
  ignore line: [ /nix/store/b7hvml0m3qmqraz1022fwvyyg6fc1vdy-gcc-12.2.0/lib/gcc/x86_64-unknown-linux-gnu/12.2.0/../../../../include/c++/12.2.0]
  ignore line: [ /nix/store/b7hvml0m3qmqraz1022fwvyyg6fc1vdy-gcc-12.2.0/lib/gcc/x86_64-unknown-linux-gnu/12.2.0/../../../../include/c++/12.2.0/x86_64-unknown-linux-gnu]
  ignore line: [ /nix/store/b7hvml0m3qmqraz1022fwvyyg6fc1vdy-gcc-12.2.0/lib/gcc/x86_64-unknown-linux-gnu/12.2.0/../../../../include/c++/12.2.0/backward]
  ignore line: [ /nix/store/b7hvml0m3qmqraz1022fwvyyg6fc1vdy-gcc-12.2.0/lib/gcc/x86_64-unknown-linux-gnu/12.2.0/include]
  ignore line: [ /nix/store/b7hvml0m3qmqraz1022fwvyyg6fc1vdy-gcc-12.2.0/include]
  ignore line: [ /nix/store/b7hvml0m3qmqraz1022fwvyyg6fc1vdy-gcc-12.2.0/lib/gcc/x86_64-unknown-linux-gnu/12.2.0/include-fixed]
  ignore line: [ /nix/store/hkj250rjsvxcbr31fr1v81cv88cdfp4l-glibc-2.37-8-dev/include]
  ignore line: [End of search list.]
  ignore line: [GNU C++17 (GCC) version 12.2.0 (x86_64-unknown-linux-gnu)]
  ignore line: [	compiled by GNU C version 12.2.0  GMP version 6.2.1  MPFR version 4.2.0  MPC version 1.3.1  isl version isl-0.20-GMP]
  ignore line: []
  ignore line: [GGC heuristics: --param ggc-min-expand=100 --param ggc-min-heapsize=131072]
  ignore line: [Compiler executable checksum: b5d135a50d0567160372845759f40386]
  ignore line: [COLLECT_GCC_OPTIONS='-v' '-o' 'CMakeFiles/cmTC_da803.dir/CMakeCXXCompilerABI.cpp.o' '-c' '-B' '/nix/store/46m4xx889wlhsdj72j38fnlyyvvvvbyb-glibc-2.37-8/lib/' '-idirafter' '/nix/store/hkj250rjsvxcbr31fr1v81cv88cdfp4l-glibc-2.37-8-dev/include' '-idirafter' '/nix/store/b7hvml0m3qmqraz1022fwvyyg6fc1vdy-gcc-12.2.0/lib/gcc/x86_64-unknown-linux-gnu/12.2.0/include-fixed' '-B' '/nix/store/843dqq10jdkalr2yazaz6drx334visrb-gcc-12.2.0-lib/lib' '-B' '/nix/store/lcf37pgp3rgww67v9x2990hbfwx96c1w-gcc-wrapper-12.2.0/bin/' '-shared-libgcc' '-mtune=generic' '-march=x86-64' '-dumpdir' 'CMakeFiles/cmTC_da803.dir/']
  ignore line: [ /nix/store/lcf37pgp3rgww67v9x2990hbfwx96c1w-gcc-wrapper-12.2.0/bin/as -v --64 -o CMakeFiles/cmTC_da803.dir/CMakeCXXCompilerABI.cpp.o /tmp/ccfGEVtY.s]
  ignore line: [GNU assembler version 2.40 (x86_64-unknown-linux-gnu) using BFD version (GNU Binutils) 2.40]
  ignore line: [COMPILER_PATH=/nix/store/46m4xx889wlhsdj72j38fnlyyvvvvbyb-glibc-2.37-8/lib/:/nix/store/843dqq10jdkalr2yazaz6drx334visrb-gcc-12.2.0-lib/lib/:/nix/store/lcf37pgp3rgww67v9x2990hbfwx96c1w-gcc-wrapper-12.2.0/bin/:/nix/store/b7hvml0m3qmqraz1022fwvyyg6fc1vdy-gcc-12.2.0/libexec/gcc/x86_64-unknown-linux-gnu/12.2.0/:/nix/store/b7hvml0m3qmqraz1022fwvyyg6fc1vdy-gcc-12.2.0/libexec/gcc/x86_64-unknown-linux-gnu/12.2.0/:/nix/store/b7hvml0m3qmqraz1022fwvyyg6fc1vdy-gcc-12.2.0/libexec/gcc/x86_64-unknown-linux-gnu/:/nix/store/b7hvml0m3qmqraz1022fwvyyg6fc1vdy-gcc-12.2.0/lib/gcc/x86_64-unknown-linux-gnu/12.2.0/:/nix/store/b7hvml0m3qmqraz1022fwvyyg6fc1vdy-gcc-12.2.0/lib/gcc/x86_64-unknown-linux-gnu/]
  ignore line: [LIBRARY_PATH=/nix/store/46m4xx889wlhsdj72j38fnlyyvvvvbyb-glibc-2.37-8/lib/:/nix/store/843dqq10jdkalr2yazaz6drx334visrb-gcc-12.2.0-lib/lib/:/nix/store/lcf37pgp3rgww67v9x2990hbfwx96c1w-gcc-wrapper-12.2.0/bin/:/nix/store/b7hvml0m3qmqraz1022fwvyyg6fc1vdy-gcc-12.2.0/lib/gcc/x86_64-unknown-linux-gnu/12.2.0/:/nix/store/b7hvml0m3qmqraz1022fwvyyg6fc1vdy-gcc-12.2.0/lib/gcc/x86_64-unknown-linux-gnu/12.2.0/../../../../lib64/:/nix/store/b7hvml0m3qmqraz1022fwvyyg6fc1vdy-gcc-12.2.0/lib/gcc/x86_64-unknown-linux-gnu/12.2.0/../../../]
  ignore line: [COLLECT_GCC_OPTIONS='-v' '-o' 'CMakeFiles/cmTC_da803.dir/CMakeCXXCompilerABI.cpp.o' '-c' '-B' '/nix/store/46m4xx889wlhsdj72j38fnlyyvvvvbyb-glibc-2.37-8/lib/' '-idirafter' '/nix/store/hkj250rjsvxcbr31fr1v81cv88cdfp4l-glibc-2.37-8-dev/include' '-idirafter' '/nix/store/b7hvml0m3qmqraz1022fwvyyg6fc1vdy-gcc-12.2.0/lib/gcc/x86_64-unknown-linux-gnu/12.2.0/include-fixed' '-B' '/nix/store/843dqq10jdkalr2yazaz6drx334visrb-gcc-12.2.0-lib/lib' '-B' '/nix/store/lcf37pgp3rgww67v9x2990hbfwx96c1w-gcc-wrapper-12.2.0/bin/' '-shared-libgcc' '-mtune=generic' '-march=x86-64' '-dumpdir' 'CMakeFiles/cmTC_da803.dir/CMakeCXXCompilerABI.cpp.']
  ignore line: [[2/2] Linking CXX executable cmTC_da803]
  ignore line: [Using built-in specs.]
  ignore line: [COLLECT_GCC=/nix/store/b7hvml0m3qmqraz1022fwvyyg6fc1vdy-gcc-12.2.0/bin/g++]
  ignore line: [COLLECT_LTO_WRAPPER=/nix/store/b7hvml0m3qmqraz1022fwvyyg6fc1vdy-gcc-12.2.0/libexec/gcc/x86_64-unknown-linux-gnu/12.2.0/lto-wrapper]
  ignore line: [Target: x86_64-unknown-linux-gnu]
  ignore line: [Configured with: ]
  ignore line: [Thread model: posix]
  ignore line: [Supported LTO compression algorithms: zlib]
  ignore line: [gcc version 12.2.0 (GCC) ]
  ignore line: [COMPILER_PATH=/nix/store/46m4xx889wlhsdj72j38fnlyyvvvvbyb-glibc-2.37-8/lib/:/nix/store/843dqq10jdkalr2yazaz6drx334visrb-gcc-12.2.0-lib/lib/:/nix/store/lcf37pgp3rgww67v9x2990hbfwx96c1w-gcc-wrapper-12.2.0/bin/:/nix/store/b7hvml0m3qmqraz1022fwvyyg6fc1vdy-gcc-12.2.0/libexec/gcc/x86_64-unknown-linux-gnu/12.2.0/:/nix/store/b7hvml0m3qmqraz1022fwvyyg6fc1vdy-gcc-12.2.0/libexec/gcc/x86_64-unknown-linux-gnu/12.2.0/:/nix/store/b7hvml0m3qmqraz1022fwvyyg6fc1vdy-gcc-12.2.0/libexec/gcc/x86_64-unknown-linux-gnu/:/nix/store/b7hvml0m3qmqraz1022fwvyyg6fc1vdy-gcc-12.2.0/lib/gcc/x86_64-unknown-linux-gnu/12.2.0/:/nix/store/b7hvml0m3qmqraz1022fwvyyg6fc1vdy-gcc-12.2.0/lib/gcc/x86_64-unknown-linux-gnu/]
  ignore line: [LIBRARY_PATH=/nix/store/46m4xx889wlhsdj72j38fnlyyvvvvbyb-glibc-2.37-8/lib/:/nix/store/843dqq10jdkalr2yazaz6drx334visrb-gcc-12.2.0-lib/lib/:/nix/store/lcf37pgp3rgww67v9x2990hbfwx96c1w-gcc-wrapper-12.2.0/bin/:/nix/store/b7hvml0m3qmqraz1022fwvyyg6fc1vdy-gcc-12.2.0/lib/gcc/x86_64-unknown-linux-gnu/12.2.0/:/nix/store/b7hvml0m3qmqraz1022fwvyyg6fc1vdy-gcc-12.2.0/lib/gcc/x86_64-unknown-linux-gnu/12.2.0/../../../../lib64/:/nix/store/b7hvml0m3qmqraz1022fwvyyg6fc1vdy-gcc-12.2.0/lib/gcc/x86_64-unknown-linux-gnu/12.2.0/../../../]
  ignore line: [COLLECT_GCC_OPTIONS='-v' '-o' 'cmTC_da803' '-B' '/nix/store/46m4xx889wlhsdj72j38fnlyyvvvvbyb-glibc-2.37-8/lib/' '-idirafter' '/nix/store/hkj250rjsvxcbr31fr1v81cv88cdfp4l-glibc-2.37-8-dev/include' '-idirafter' '/nix/store/b7hvml0m3qmqraz1022fwvyyg6fc1vdy-gcc-12.2.0/lib/gcc/x86_64-unknown-linux-gnu/12.2.0/include-fixed' '-B' '/nix/store/843dqq10jdkalr2yazaz6drx334visrb-gcc-12.2.0-lib/lib' '-B' '/nix/store/lcf37pgp3rgww67v9x2990hbfwx96c1w-gcc-wrapper-12.2.0/bin/' '-L/nix/store/46m4xx889wlhsdj72j38fnlyyvvvvbyb-glibc-2.37-8/lib' '-L/nix/store/b7hvml0m3qmqraz1022fwvyyg6fc1vdy-gcc-12.2.0/lib/gcc/x86_64-unknown-linux-gnu/12.2.0' '-L/nix/store/843dqq10jdkalr2yazaz6drx334visrb-gcc-12.2.0-lib/x86_64-unknown-linux-gnu/lib' '-L/nix/store/843dqq10jdkalr2yazaz6drx334visrb-gcc-12.2.0-lib/lib' '-shared-libgcc' '-mtune=generic' '-march=x86-64' '-dumpdir' 'cmTC_da803.']
  link line: [ /nix/store/b7hvml0m3qmqraz1022fwvyyg6fc1vdy-gcc-12.2.0/libexec/gcc/x86_64-unknown-linux-gnu/12.2.0/collect2 -plugin /nix/store/b7hvml0m3qmqraz1022fwvyyg6fc1vdy-gcc-12.2.0/libexec/gcc/x86_64-unknown-linux-gnu/12.2.0/liblto_plugin.so -plugin-opt=/nix/store/b7hvml0m3qmqraz1022fwvyyg6fc1vdy-gcc-12.2.0/libexec/gcc/x86_64-unknown-linux-gnu/12.2.0/lto-wrapper -plugin-opt=-fresolution=/tmp/ccQBfKNl.res -plugin-opt=-pass-through=-lgcc_s -plugin-opt=-pass-through=-lgcc -plugin-opt=-pass-through=-lc -plugin-opt=-pass-through=-lgcc_s -plugin-opt=-pass-through=-lgcc --eh-frame-hdr -m elf_x86_64 -dynamic-linker /nix/store/46m4xx889wlhsdj72j38fnlyyvvvvbyb-glibc-2.37-8/lib64/ld-linux-x86-64.so.2 -o cmTC_da803 /nix/store/46m4xx889wlhsdj72j38fnlyyvvvvbyb-glibc-2.37-8/lib/crt1.o /nix/store/46m4xx889wlhsdj72j38fnlyyvvvvbyb-glibc-2.37-8/lib/crti.o /nix/store/b7hvml0m3qmqraz1022fwvyyg6fc1vdy-gcc-12.2.0/lib/gcc/x86_64-unknown-linux-gnu/12.2.0/crtbegin.o -L/nix/store/46m4xx889wlhsdj72j38fnlyyvvvvbyb-glibc-2.37-8/lib -L/nix/store/b7hvml0m3qmqraz1022fwvyyg6fc1vdy-gcc-12.2.0/lib/gcc/x86_64-unknown-linux-gnu/12.2.0 -L/nix/store/843dqq10jdkalr2yazaz6drx334visrb-gcc-12.2.0-lib/x86_64-unknown-linux-gnu/lib -L/nix/store/843dqq10jdkalr2yazaz6drx334visrb-gcc-12.2.0-lib/lib -L/nix/store/46m4xx889wlhsdj72j38fnlyyvvvvbyb-glibc-2.37-8/lib -L/nix/store/843dqq10jdkalr2yazaz6drx334visrb-gcc-12.2.0-lib/lib -L/nix/store/lcf37pgp3rgww67v9x2990hbfwx96c1w-gcc-wrapper-12.2.0/bin -L/nix/store/b7hvml0m3qmqraz1022fwvyyg6fc1vdy-gcc-12.2.0/lib/gcc/x86_64-unknown-linux-gnu/12.2.0 -L/nix/store/b7hvml0m3qmqraz1022fwvyyg6fc1vdy-gcc-12.2.0/lib/gcc/x86_64-unknown-linux-gnu/12.2.0/../../../../lib64 -L/nix/store/b7hvml0m3qmqraz1022fwvyyg6fc1vdy-gcc-12.2.0/lib/gcc/x86_64-unknown-linux-gnu/12.2.0/../../.. -dynamic-linker=/nix/store/46m4xx889wlhsdj72j38fnlyyvvvvbyb-glibc-2.37-8/lib/ld-linux-x86-64.so.2 CMakeFiles/cmTC_da803.dir/CMakeCXXCompilerABI.cpp.o -lstdc++ -lm -lgcc_s -lgcc -lc -lgcc_s -lgcc /nix/store/b7hvml0m3qmqraz1022fwvyyg6fc1vdy-gcc-12.2.0/lib/gcc/x86_64-unknown-linux-gnu/12.2.0/crtend.o /nix/store/46m4xx889wlhsdj72j38fnlyyvvvvbyb-glibc-2.37-8/lib/crtn.o]
    arg [/nix/store/b7hvml0m3qmqraz1022fwvyyg6fc1vdy-gcc-12.2.0/libexec/gcc/x86_64-unknown-linux-gnu/12.2.0/collect2] ==> ignore
    arg [-plugin] ==> ignore
    arg [/nix/store/b7hvml0m3qmqraz1022fwvyyg6fc1vdy-gcc-12.2.0/libexec/gcc/x86_64-unknown-linux-gnu/12.2.0/liblto_plugin.so] ==> ignore
    arg [-plugin-opt=/nix/store/b7hvml0m3qmqraz1022fwvyyg6fc1vdy-gcc-12.2.0/libexec/gcc/x86_64-unknown-linux-gnu/12.2.0/lto-wrapper] ==> ignore
    arg [-plugin-opt=-fresolution=/tmp/ccQBfKNl.res] ==> ignore
    arg [-plugin-opt=-pass-through=-lgcc_s] ==> ignore
    arg [-plugin-opt=-pass-through=-lgcc] ==> ignore
    arg [-plugin-opt=-pass-through=-lc] ==> ignore
    arg [-plugin-opt=-pass-through=-lgcc_s] ==> ignore
    arg [-plugin-opt=-pass-through=-lgcc] ==> ignore
    arg [--eh-frame-hdr] ==> ignore
    arg [-m] ==> ignore
    arg [elf_x86_64] ==> ignore
    arg [-dynamic-linker] ==> ignore
    arg [/nix/store/46m4xx889wlhsdj72j38fnlyyvvvvbyb-glibc-2.37-8/lib64/ld-linux-x86-64.so.2] ==> ignore
    arg [-o] ==> ignore
    arg [cmTC_da803] ==> ignore
    arg [/nix/store/46m4xx889wlhsdj72j38fnlyyvvvvbyb-glibc-2.37-8/lib/crt1.o] ==> obj [/nix/store/46m4xx889wlhsdj72j38fnlyyvvvvbyb-glibc-2.37-8/lib/crt1.o]
    arg [/nix/store/46m4xx889wlhsdj72j38fnlyyvvvvbyb-glibc-2.37-8/lib/crti.o] ==> obj [/nix/store/46m4xx889wlhsdj72j38fnlyyvvvvbyb-glibc-2.37-8/lib/crti.o]
    arg [/nix/store/b7hvml0m3qmqraz1022fwvyyg6fc1vdy-gcc-12.2.0/lib/gcc/x86_64-unknown-linux-gnu/12.2.0/crtbegin.o] ==> obj [/nix/store/b7hvml0m3qmqraz1022fwvyyg6fc1vdy-gcc-12.2.0/lib/gcc/x86_64-unknown-linux-gnu/12.2.0/crtbegin.o]
    arg [-L/nix/store/46m4xx889wlhsdj72j38fnlyyvvvvbyb-glibc-2.37-8/lib] ==> dir [/nix/store/46m4xx889wlhsdj72j38fnlyyvvvvbyb-glibc-2.37-8/lib]
    arg [-L/nix/store/b7hvml0m3qmqraz1022fwvyyg6fc1vdy-gcc-12.2.0/lib/gcc/x86_64-unknown-linux-gnu/12.2.0] ==> dir [/nix/store/b7hvml0m3qmqraz1022fwvyyg6fc1vdy-gcc-12.2.0/lib/gcc/x86_64-unknown-linux-gnu/12.2.0]
    arg [-L/nix/store/843dqq10jdkalr2yazaz6drx334visrb-gcc-12.2.0-lib/x86_64-unknown-linux-gnu/lib] ==> dir [/nix/store/843dqq10jdkalr2yazaz6drx334visrb-gcc-12.2.0-lib/x86_64-unknown-linux-gnu/lib]
    arg [-L/nix/store/843dqq10jdkalr2yazaz6drx334visrb-gcc-12.2.0-lib/lib] ==> dir [/nix/store/843dqq10jdkalr2yazaz6drx334visrb-gcc-12.2.0-lib/lib]
    arg [-L/nix/store/46m4xx889wlhsdj72j38fnlyyvvvvbyb-glibc-2.37-8/lib] ==> dir [/nix/store/46m4xx889wlhsdj72j38fnlyyvvvvbyb-glibc-2.37-8/lib]
    arg [-L/nix/store/843dqq10jdkalr2yazaz6drx334visrb-gcc-12.2.0-lib/lib] ==> dir [/nix/store/843dqq10jdkalr2yazaz6drx334visrb-gcc-12.2.0-lib/lib]
    arg [-L/nix/store/lcf37pgp3rgww67v9x2990hbfwx96c1w-gcc-wrapper-12.2.0/bin] ==> dir [/nix/store/lcf37pgp3rgww67v9x2990hbfwx96c1w-gcc-wrapper-12.2.0/bin]
    arg [-L/nix/store/b7hvml0m3qmqraz1022fwvyyg6fc1vdy-gcc-12.2.0/lib/gcc/x86_64-unknown-linux-gnu/12.2.0] ==> dir [/nix/store/b7hvml0m3qmqraz1022fwvyyg6fc1vdy-gcc-12.2.0/lib/gcc/x86_64-unknown-linux-gnu/12.2.0]
    arg [-L/nix/store/b7hvml0m3qmqraz1022fwvyyg6fc1vdy-gcc-12.2.0/lib/gcc/x86_64-unknown-linux-gnu/12.2.0/../../../../lib64] ==> dir [/nix/store/b7hvml0m3qmqraz1022fwvyyg6fc1vdy-gcc-12.2.0/lib/gcc/x86_64-unknown-linux-gnu/12.2.0/../../../../lib64]
    arg [-L/nix/store/b7hvml0m3qmqraz1022fwvyyg6fc1vdy-gcc-12.2.0/lib/gcc/x86_64-unknown-linux-gnu/12.2.0/../../..] ==> dir [/nix/store/b7hvml0m3qmqraz1022fwvyyg6fc1vdy-gcc-12.2.0/lib/gcc/x86_64-unknown-linux-gnu/12.2.0/../../..]
    arg [-dynamic-linker=/nix/store/46m4xx889wlhsdj72j38fnlyyvvvvbyb-glibc-2.37-8/lib/ld-linux-x86-64.so.2] ==> ignore
    arg [CMakeFiles/cmTC_da803.dir/CMakeCXXCompilerABI.cpp.o] ==> ignore
    arg [-lstdc++] ==> lib [stdc++]
    arg [-lm] ==> lib [m]
    arg [-lgcc_s] ==> lib [gcc_s]
    arg [-lgcc] ==> lib [gcc]
    arg [-lc] ==> lib [c]
    arg [-lgcc_s] ==> lib [gcc_s]
    arg [-lgcc] ==> lib [gcc]
    arg [/nix/store/b7hvml0m3qmqraz1022fwvyyg6fc1vdy-gcc-12.2.0/lib/gcc/x86_64-unknown-linux-gnu/12.2.0/crtend.o] ==> obj [/nix/store/b7hvml0m3qmqraz1022fwvyyg6fc1vdy-gcc-12.2.0/lib/gcc/x86_64-unknown-linux-gnu/12.2.0/crtend.o]
    arg [/nix/store/46m4xx889wlhsdj72j38fnlyyvvvvbyb-glibc-2.37-8/lib/crtn.o] ==> obj [/nix/store/46m4xx889wlhsdj72j38fnlyyvvvvbyb-glibc-2.37-8/lib/crtn.o]
  collapse library dir [/nix/store/46m4xx889wlhsdj72j38fnlyyvvvvbyb-glibc-2.37-8/lib] ==> [/nix/store/46m4xx889wlhsdj72j38fnlyyvvvvbyb-glibc-2.37-8/lib]
  collapse library dir [/nix/store/b7hvml0m3qmqraz1022fwvyyg6fc1vdy-gcc-12.2.0/lib/gcc/x86_64-unknown-linux-gnu/12.2.0] ==> [/nix/store/b7hvml0m3qmqraz1022fwvyyg6fc1vdy-gcc-12.2.0/lib/gcc/x86_64-unknown-linux-gnu/12.2.0]
  collapse library dir [/nix/store/843dqq10jdkalr2yazaz6drx334visrb-gcc-12.2.0-lib/x86_64-unknown-linux-gnu/lib] ==> [/nix/store/843dqq10jdkalr2yazaz6drx334visrb-gcc-12.2.0-lib/x86_64-unknown-linux-gnu/lib]
  collapse library dir [/nix/store/843dqq10jdkalr2yazaz6drx334visrb-gcc-12.2.0-lib/lib] ==> [/nix/store/843dqq10jdkalr2yazaz6drx334visrb-gcc-12.2.0-lib/lib]
  collapse library dir [/nix/store/46m4xx889wlhsdj72j38fnlyyvvvvbyb-glibc-2.37-8/lib] ==> [/nix/store/46m4xx889wlhsdj72j38fnlyyvvvvbyb-glibc-2.37-8/lib]
  collapse library dir [/nix/store/843dqq10jdkalr2yazaz6drx334visrb-gcc-12.2.0-lib/lib] ==> [/nix/store/843dqq10jdkalr2yazaz6drx334visrb-gcc-12.2.0-lib/lib]
  collapse library dir [/nix/store/lcf37pgp3rgww67v9x2990hbfwx96c1w-gcc-wrapper-12.2.0/bin] ==> [/nix/store/lcf37pgp3rgww67v9x2990hbfwx96c1w-gcc-wrapper-12.2.0/bin]
  collapse library dir [/nix/store/b7hvml0m3qmqraz1022fwvyyg6fc1vdy-gcc-12.2.0/lib/gcc/x86_64-unknown-linux-gnu/12.2.0] ==> [/nix/store/b7hvml0m3qmqraz1022fwvyyg6fc1vdy-gcc-12.2.0/lib/gcc/x86_64-unknown-linux-gnu/12.2.0]
  collapse library dir [/nix/store/b7hvml0m3qmqraz1022fwvyyg6fc1vdy-gcc-12.2.0/lib/gcc/x86_64-unknown-linux-gnu/12.2.0/../../../../lib64] ==> [/nix/store/b7hvml0m3qmqraz1022fwvyyg6fc1vdy-gcc-12.2.0/lib64]
  collapse library dir [/nix/store/b7hvml0m3qmqraz1022fwvyyg6fc1vdy-gcc-12.2.0/lib/gcc/x86_64-unknown-linux-gnu/12.2.0/../../..] ==> [/nix/store/b7hvml0m3qmqraz1022fwvyyg6fc1vdy-gcc-12.2.0/lib]
  implicit libs: [stdc++;m;gcc_s;gcc;c;gcc_s;gcc]
  implicit objs: [/nix/store/46m4xx889wlhsdj72j38fnlyyvvvvbyb-glibc-2.37-8/lib/crt1.o;/nix/store/46m4xx889wlhsdj72j38fnlyyvvvvbyb-glibc-2.37-8/lib/crti.o;/nix/store/b7hvml0m3qmqraz1022fwvyyg6fc1vdy-gcc-12.2.0/lib/gcc/x86_64-unknown-linux-gnu/12.2.0/crtbegin.o;/nix/store/b7hvml0m3qmqraz1022fwvyyg6fc1vdy-gcc-12.2.0/lib/gcc/x86_64-unknown-linux-gnu/12.2.0/crtend.o;/nix/store/46m4xx889wlhsdj72j38fnlyyvvvvbyb-glibc-2.37-8/lib/crtn.o]
  implicit dirs: [/nix/store/46m4xx889wlhsdj72j38fnlyyvvvvbyb-glibc-2.37-8/lib;/nix/store/b7hvml0m3qmqraz1022fwvyyg6fc1vdy-gcc-12.2.0/lib/gcc/x86_64-unknown-linux-gnu/12.2.0;/nix/store/843dqq10jdkalr2yazaz6drx334visrb-gcc-12.2.0-lib/x86_64-unknown-linux-gnu/lib;/nix/store/843dqq10jdkalr2yazaz6drx334visrb-gcc-12.2.0-lib/lib;/nix/store/lcf37pgp3rgww67v9x2990hbfwx96c1w-gcc-wrapper-12.2.0/bin;/nix/store/b7hvml0m3qmqraz1022fwvyyg6fc1vdy-gcc-12.2.0/lib64;/nix/store/b7hvml0m3qmqraz1022fwvyyg6fc1vdy-gcc-12.2.0/lib]
  implicit fwks: []


